\BOOKMARK [0][-]{chapter.1}{\376\377\0001\000\040\000H\000i\000e\000r\000a\000r\000c\000h\000i\000c\000a\000l\000\040\000I\000n\000d\000e\000x}{}% 1
\BOOKMARK [1][-]{section.1.1}{\376\377\0001\000.\0001\000\040\000C\000l\000a\000s\000s\000\040\000H\000i\000e\000r\000a\000r\000c\000h\000y}{chapter.1}% 2
\BOOKMARK [0][-]{chapter.2}{\376\377\0002\000\040\000C\000l\000a\000s\000s\000\040\000I\000n\000d\000e\000x}{}% 3
\BOOKMARK [1][-]{section.2.1}{\376\377\0002\000.\0001\000\040\000C\000l\000a\000s\000s\000\040\000L\000i\000s\000t}{chapter.2}% 4
\BOOKMARK [0][-]{chapter.3}{\376\377\0003\000\040\000F\000i\000l\000e\000\040\000I\000n\000d\000e\000x}{}% 5
\BOOKMARK [1][-]{section.3.1}{\376\377\0003\000.\0001\000\040\000F\000i\000l\000e\000\040\000L\000i\000s\000t}{chapter.3}% 6
\BOOKMARK [0][-]{chapter.4}{\376\377\0004\000\040\000C\000l\000a\000s\000s\000\040\000D\000o\000c\000u\000m\000e\000n\000t\000a\000t\000i\000o\000n}{}% 7
\BOOKMARK [1][-]{section.4.1}{\376\377\0004\000.\0001\000\040\000B\000o\000d\000y\000\040\000C\000l\000a\000s\000s\000\040\000R\000e\000f\000e\000r\000e\000n\000c\000e}{chapter.4}% 8
\BOOKMARK [2][-]{subsection.4.1.1}{\376\377\0004\000.\0001\000.\0001\000\040\000D\000e\000t\000a\000i\000l\000e\000d\000\040\000D\000e\000s\000c\000r\000i\000p\000t\000i\000o\000n}{section.4.1}% 9
\BOOKMARK [2][-]{subsection.4.1.2}{\376\377\0004\000.\0001\000.\0002\000\040\000C\000o\000n\000s\000t\000r\000u\000c\000t\000o\000r\000\040\000\046\000\040\000D\000e\000s\000t\000r\000u\000c\000t\000o\000r\000\040\000D\000o\000c\000u\000m\000e\000n\000t\000a\000t\000i\000o\000n}{section.4.1}% 10
\BOOKMARK [3][-]{subsubsection.4.1.2.1}{\376\377\0004\000.\0001\000.\0002\000.\0001\000\040\000B\000o\000d\000y\000\050\000\051}{subsection.4.1.2}% 11
\BOOKMARK [3][-]{subsubsection.4.1.2.2}{\376\377\0004\000.\0001\000.\0002\000.\0002\000\040\000\040\000B\000o\000d\000y\000\050\000\051}{subsection.4.1.2}% 12
\BOOKMARK [2][-]{subsection.4.1.3}{\376\377\0004\000.\0001\000.\0003\000\040\000M\000e\000m\000b\000e\000r\000\040\000F\000u\000n\000c\000t\000i\000o\000n\000\040\000D\000o\000c\000u\000m\000e\000n\000t\000a\000t\000i\000o\000n}{section.4.1}% 13
\BOOKMARK [3][-]{subsubsection.4.1.3.1}{\376\377\0004\000.\0001\000.\0003\000.\0001\000\040\000a\000t\000t\000a\000c\000h\000\050\000\051}{subsection.4.1.3}% 14
\BOOKMARK [3][-]{subsubsection.4.1.3.2}{\376\377\0004\000.\0001\000.\0003\000.\0002\000\040\000d\000e\000t\000a\000c\000h\000\050\000\051}{subsection.4.1.3}% 15
\BOOKMARK [3][-]{subsubsection.4.1.3.3}{\376\377\0004\000.\0001\000.\0003\000.\0003\000\040\000r\000e\000f\000C\000o\000u\000n\000t\000\050\000\051}{subsection.4.1.3}% 16
\BOOKMARK [1][-]{section.4.2}{\376\377\0004\000.\0002\000\040\000E\000x\000p\000o\000n\000e\000n\000t\000i\000a\000l\000\040\000C\000l\000a\000s\000s\000\040\000R\000e\000f\000e\000r\000e\000n\000c\000e}{chapter.4}% 17
\BOOKMARK [2][-]{subsection.4.2.1}{\376\377\0004\000.\0002\000.\0001\000\040\000D\000e\000t\000a\000i\000l\000e\000d\000\040\000D\000e\000s\000c\000r\000i\000p\000t\000i\000o\000n}{section.4.2}% 18
\BOOKMARK [2][-]{subsection.4.2.2}{\376\377\0004\000.\0002\000.\0002\000\040\000C\000o\000n\000s\000t\000r\000u\000c\000t\000o\000r\000\040\000\046\000\040\000D\000e\000s\000t\000r\000u\000c\000t\000o\000r\000\040\000D\000o\000c\000u\000m\000e\000n\000t\000a\000t\000i\000o\000n}{section.4.2}% 19
\BOOKMARK [3][-]{subsubsection.4.2.2.1}{\376\377\0004\000.\0002\000.\0002\000.\0001\000\040\000E\000x\000p\000o\000n\000e\000n\000t\000i\000a\000l\000\050\000\051\000\040\000[\0001\000/\0002\000]}{subsection.4.2.2}% 20
\BOOKMARK [3][-]{subsubsection.4.2.2.2}{\376\377\0004\000.\0002\000.\0002\000.\0002\000\040\000\040\000E\000x\000p\000o\000n\000e\000n\000t\000i\000a\000l\000\050\000\051\000\040\000[\0001\000/\0002\000]}{subsection.4.2.2}% 21
\BOOKMARK [3][-]{subsubsection.4.2.2.3}{\376\377\0004\000.\0002\000.\0002\000.\0003\000\040\000E\000x\000p\000o\000n\000e\000n\000t\000i\000a\000l\000\050\000\051\000\040\000[\0002\000/\0002\000]}{subsection.4.2.2}% 22
\BOOKMARK [3][-]{subsubsection.4.2.2.4}{\376\377\0004\000.\0002\000.\0002\000.\0004\000\040\000\040\000E\000x\000p\000o\000n\000e\000n\000t\000i\000a\000l\000\050\000\051\000\040\000[\0002\000/\0002\000]}{subsection.4.2.2}% 23
\BOOKMARK [2][-]{subsection.4.2.3}{\376\377\0004\000.\0002\000.\0003\000\040\000M\000e\000m\000b\000e\000r\000\040\000F\000u\000n\000c\000t\000i\000o\000n\000\040\000D\000o\000c\000u\000m\000e\000n\000t\000a\000t\000i\000o\000n}{section.4.2}% 24
\BOOKMARK [3][-]{subsubsection.4.2.3.1}{\376\377\0004\000.\0002\000.\0003\000.\0001\000\040\000r\000u\000n\000\050\000\051\000\040\000[\0001\000/\0002\000]}{subsection.4.2.3}% 25
\BOOKMARK [3][-]{subsubsection.4.2.3.2}{\376\377\0004\000.\0002\000.\0003\000.\0002\000\040\000r\000u\000n\000\050\000\051\000\040\000[\0002\000/\0002\000]}{subsection.4.2.3}% 26
\BOOKMARK [1][-]{section.4.3}{\376\377\0004\000.\0003\000\040\000F\000l\000o\000w\000\040\000C\000l\000a\000s\000s\000\040\000R\000e\000f\000e\000r\000e\000n\000c\000e}{chapter.4}% 27
\BOOKMARK [2][-]{subsection.4.3.1}{\376\377\0004\000.\0003\000.\0001\000\040\000D\000e\000t\000a\000i\000l\000e\000d\000\040\000D\000e\000s\000c\000r\000i\000p\000t\000i\000o\000n}{section.4.3}% 28
\BOOKMARK [2][-]{subsection.4.3.2}{\376\377\0004\000.\0003\000.\0002\000\040\000C\000o\000n\000s\000t\000r\000u\000c\000t\000o\000r\000\040\000\046\000\040\000D\000e\000s\000t\000r\000u\000c\000t\000o\000r\000\040\000D\000o\000c\000u\000m\000e\000n\000t\000a\000t\000i\000o\000n}{section.4.3}% 29
\BOOKMARK [3][-]{subsubsection.4.3.2.1}{\376\377\0004\000.\0003\000.\0002\000.\0001\000\040\000\040\000F\000l\000o\000w\000\050\000\051}{subsection.4.3.2}% 30
\BOOKMARK [2][-]{subsection.4.3.3}{\376\377\0004\000.\0003\000.\0003\000\040\000M\000e\000m\000b\000e\000r\000\040\000F\000u\000n\000c\000t\000i\000o\000n\000\040\000D\000o\000c\000u\000m\000e\000n\000t\000a\000t\000i\000o\000n}{section.4.3}% 31
\BOOKMARK [3][-]{subsubsection.4.3.3.1}{\376\377\0004\000.\0003\000.\0003\000.\0001\000\040\000g\000e\000t\000D\000e\000s\000t\000i\000n\000a\000t\000i\000o\000n\000\050\000\051}{subsection.4.3.3}% 32
\BOOKMARK [3][-]{subsubsection.4.3.3.2}{\376\377\0004\000.\0003\000.\0003\000.\0002\000\040\000g\000e\000t\000S\000o\000u\000r\000c\000e\000\050\000\051}{subsection.4.3.3}% 33
\BOOKMARK [3][-]{subsubsection.4.3.3.3}{\376\377\0004\000.\0003\000.\0003\000.\0003\000\040\000r\000u\000n\000\050\000\051}{subsection.4.3.3}% 34
\BOOKMARK [3][-]{subsubsection.4.3.3.4}{\376\377\0004\000.\0003\000.\0003\000.\0004\000\040\000s\000e\000t\000D\000e\000s\000t\000i\000n\000a\000t\000i\000o\000n\000\050\000\051}{subsection.4.3.3}% 35
\BOOKMARK [3][-]{subsubsection.4.3.3.5}{\376\377\0004\000.\0003\000.\0003\000.\0005\000\040\000s\000e\000t\000S\000o\000u\000r\000c\000e\000s\000\050\000\051}{subsection.4.3.3}% 36
\BOOKMARK [1][-]{section.4.4}{\376\377\0004\000.\0004\000\040\000F\000l\000o\000w\000B\000o\000d\000y\000\040\000C\000l\000a\000s\000s\000\040\000R\000e\000f\000e\000r\000e\000n\000c\000e}{chapter.4}% 37
\BOOKMARK [2][-]{subsection.4.4.1}{\376\377\0004\000.\0004\000.\0001\000\040\000D\000e\000t\000a\000i\000l\000e\000d\000\040\000D\000e\000s\000c\000r\000i\000p\000t\000i\000o\000n}{section.4.4}% 38
\BOOKMARK [2][-]{subsection.4.4.2}{\376\377\0004\000.\0004\000.\0002\000\040\000C\000o\000n\000s\000t\000r\000u\000c\000t\000o\000r\000\040\000\046\000\040\000D\000e\000s\000t\000r\000u\000c\000t\000o\000r\000\040\000D\000o\000c\000u\000m\000e\000n\000t\000a\000t\000i\000o\000n}{section.4.4}% 39
\BOOKMARK [3][-]{subsubsection.4.4.2.1}{\376\377\0004\000.\0004\000.\0002\000.\0001\000\040\000F\000l\000o\000w\000B\000o\000d\000y\000\050\000\051\000\040\000[\0001\000/\0002\000]}{subsection.4.4.2}% 40
\BOOKMARK [3][-]{subsubsection.4.4.2.2}{\376\377\0004\000.\0004\000.\0002\000.\0002\000\040\000F\000l\000o\000w\000B\000o\000d\000y\000\050\000\051\000\040\000[\0002\000/\0002\000]}{subsection.4.4.2}% 41
\BOOKMARK [3][-]{subsubsection.4.4.2.3}{\376\377\0004\000.\0004\000.\0002\000.\0003\000\040\000\040\000F\000l\000o\000w\000B\000o\000d\000y\000\050\000\051}{subsection.4.4.2}% 42
\BOOKMARK [2][-]{subsection.4.4.3}{\376\377\0004\000.\0004\000.\0003\000\040\000M\000e\000m\000b\000e\000r\000\040\000F\000u\000n\000c\000t\000i\000o\000n\000\040\000D\000o\000c\000u\000m\000e\000n\000t\000a\000t\000i\000o\000n}{section.4.4}% 43
\BOOKMARK [3][-]{subsubsection.4.4.3.1}{\376\377\0004\000.\0004\000.\0003\000.\0001\000\040\000g\000e\000t\000D\000e\000s\000t\000i\000n\000a\000t\000i\000o\000n\000\050\000\051}{subsection.4.4.3}% 44
\BOOKMARK [3][-]{subsubsection.4.4.3.2}{\376\377\0004\000.\0004\000.\0003\000.\0002\000\040\000g\000e\000t\000S\000o\000u\000r\000c\000e\000\050\000\051}{subsection.4.4.3}% 45
\BOOKMARK [3][-]{subsubsection.4.4.3.3}{\376\377\0004\000.\0004\000.\0003\000.\0003\000\040\000o\000p\000e\000r\000a\000t\000o\000r\000=\000\050\000\051}{subsection.4.4.3}% 46
\BOOKMARK [3][-]{subsubsection.4.4.3.4}{\376\377\0004\000.\0004\000.\0003\000.\0004\000\040\000r\000u\000n\000\050\000\051}{subsection.4.4.3}% 47
\BOOKMARK [3][-]{subsubsection.4.4.3.5}{\376\377\0004\000.\0004\000.\0003\000.\0005\000\040\000s\000e\000t\000D\000e\000s\000t\000i\000n\000a\000t\000i\000o\000n\000\050\000\051}{subsection.4.4.3}% 48
\BOOKMARK [3][-]{subsubsection.4.4.3.6}{\376\377\0004\000.\0004\000.\0003\000.\0006\000\040\000s\000e\000t\000S\000o\000u\000r\000c\000e\000s\000\050\000\051}{subsection.4.4.3}% 49
\BOOKMARK [2][-]{subsection.4.4.4}{\376\377\0004\000.\0004\000.\0004\000\040\000M\000e\000m\000b\000e\000r\000\040\000D\000a\000t\000a\000\040\000D\000o\000c\000u\000m\000e\000n\000t\000a\000t\000i\000o\000n}{section.4.4}% 50
\BOOKMARK [3][-]{subsubsection.4.4.4.1}{\376\377\0004\000.\0004\000.\0004\000.\0001\000\040\000d\000e\000s\000t\000i\000n\000a\000t\000i\000o\000n}{subsection.4.4.4}% 51
\BOOKMARK [3][-]{subsubsection.4.4.4.2}{\376\377\0004\000.\0004\000.\0004\000.\0002\000\040\000s\000o\000u\000r\000c\000e}{subsection.4.4.4}% 52
\BOOKMARK [1][-]{section.4.5}{\376\377\0004\000.\0005\000\040\000F\000l\000o\000w\000H\000a\000n\000d\000l\000e\000<\000\040\000T\000\040\000>\000\040\000C\000l\000a\000s\000s\000\040\000T\000e\000m\000p\000l\000a\000t\000e\000\040\000R\000e\000f\000e\000r\000e\000n\000c\000e}{chapter.4}% 53
\BOOKMARK [2][-]{subsection.4.5.1}{\376\377\0004\000.\0005\000.\0001\000\040\000D\000e\000t\000a\000i\000l\000e\000d\000\040\000D\000e\000s\000c\000r\000i\000p\000t\000i\000o\000n}{section.4.5}% 54
\BOOKMARK [2][-]{subsection.4.5.2}{\376\377\0004\000.\0005\000.\0002\000\040\000C\000o\000n\000s\000t\000r\000u\000c\000t\000o\000r\000\040\000\046\000\040\000D\000e\000s\000t\000r\000u\000c\000t\000o\000r\000\040\000D\000o\000c\000u\000m\000e\000n\000t\000a\000t\000i\000o\000n}{section.4.5}% 55
\BOOKMARK [3][-]{subsubsection.4.5.2.1}{\376\377\0004\000.\0005\000.\0002\000.\0001\000\040\000F\000l\000o\000w\000H\000a\000n\000d\000l\000e\000\050\000\051}{subsection.4.5.2}% 56
\BOOKMARK [3][-]{subsubsection.4.5.2.2}{\376\377\0004\000.\0005\000.\0002\000.\0002\000\040\000\040\000F\000l\000o\000w\000H\000a\000n\000d\000l\000e\000\050\000\051}{subsection.4.5.2}% 57
\BOOKMARK [2][-]{subsection.4.5.3}{\376\377\0004\000.\0005\000.\0003\000\040\000M\000e\000m\000b\000e\000r\000\040\000F\000u\000n\000c\000t\000i\000o\000n\000\040\000D\000o\000c\000u\000m\000e\000n\000t\000a\000t\000i\000o\000n}{section.4.5}% 58
\BOOKMARK [3][-]{subsubsection.4.5.3.1}{\376\377\0004\000.\0005\000.\0003\000.\0001\000\040\000g\000e\000t\000D\000e\000s\000t\000i\000n\000a\000t\000i\000o\000n\000\050\000\051}{subsection.4.5.3}% 59
\BOOKMARK [3][-]{subsubsection.4.5.3.2}{\376\377\0004\000.\0005\000.\0003\000.\0002\000\040\000g\000e\000t\000S\000o\000u\000r\000c\000e\000\050\000\051}{subsection.4.5.3}% 60
\BOOKMARK [3][-]{subsubsection.4.5.3.3}{\376\377\0004\000.\0005\000.\0003\000.\0003\000\040\000r\000u\000n\000\050\000\051}{subsection.4.5.3}% 61
\BOOKMARK [3][-]{subsubsection.4.5.3.4}{\376\377\0004\000.\0005\000.\0003\000.\0004\000\040\000s\000e\000t\000D\000e\000s\000t\000i\000n\000a\000t\000i\000o\000n\000\050\000\051}{subsection.4.5.3}% 62
\BOOKMARK [3][-]{subsubsection.4.5.3.5}{\376\377\0004\000.\0005\000.\0003\000.\0005\000\040\000s\000e\000t\000S\000o\000u\000r\000c\000e\000s\000\050\000\051}{subsection.4.5.3}% 63
\BOOKMARK [1][-]{section.4.6}{\376\377\0004\000.\0006\000\040\000F\000l\000o\000w\000U\000n\000i\000t\000\040\000C\000l\000a\000s\000s\000\040\000R\000e\000f\000e\000r\000e\000n\000c\000e}{chapter.4}% 64
\BOOKMARK [2][-]{subsection.4.6.1}{\376\377\0004\000.\0006\000.\0001\000\040\000D\000e\000t\000a\000i\000l\000e\000d\000\040\000D\000e\000s\000c\000r\000i\000p\000t\000i\000o\000n}{section.4.6}% 65
\BOOKMARK [2][-]{subsection.4.6.2}{\376\377\0004\000.\0006\000.\0002\000\040\000C\000o\000n\000s\000t\000r\000u\000c\000t\000o\000r\000\040\000\046\000\040\000D\000e\000s\000t\000r\000u\000c\000t\000o\000r\000\040\000D\000o\000c\000u\000m\000e\000n\000t\000a\000t\000i\000o\000n}{section.4.6}% 66
\BOOKMARK [3][-]{subsubsection.4.6.2.1}{\376\377\0004\000.\0006\000.\0002\000.\0001\000\040\000F\000l\000o\000w\000U\000n\000i\000t\000\050\000\051}{subsection.4.6.2}% 67
\BOOKMARK [3][-]{subsubsection.4.6.2.2}{\376\377\0004\000.\0006\000.\0002\000.\0002\000\040\000\040\000F\000l\000o\000w\000U\000n\000i\000t\000\050\000\051}{subsection.4.6.2}% 68
\BOOKMARK [2][-]{subsection.4.6.3}{\376\377\0004\000.\0006\000.\0003\000\040\000M\000e\000m\000b\000e\000r\000\040\000F\000u\000n\000c\000t\000i\000o\000n\000\040\000D\000o\000c\000u\000m\000e\000n\000t\000a\000t\000i\000o\000n}{section.4.6}% 69
\BOOKMARK [3][-]{subsubsection.4.6.3.1}{\376\377\0004\000.\0006\000.\0003\000.\0001\000\040\000r\000u\000n\000\050\000\051}{subsection.4.6.3}% 70
\BOOKMARK [1][-]{section.4.7}{\376\377\0004\000.\0007\000\040\000H\000a\000n\000d\000l\000e\000<\000\040\000T\000\040\000>\000\040\000C\000l\000a\000s\000s\000\040\000T\000e\000m\000p\000l\000a\000t\000e\000\040\000R\000e\000f\000e\000r\000e\000n\000c\000e}{chapter.4}% 71
\BOOKMARK [2][-]{subsection.4.7.1}{\376\377\0004\000.\0007\000.\0001\000\040\000D\000e\000t\000a\000i\000l\000e\000d\000\040\000D\000e\000s\000c\000r\000i\000p\000t\000i\000o\000n}{section.4.7}% 72
\BOOKMARK [2][-]{subsection.4.7.2}{\376\377\0004\000.\0007\000.\0002\000\040\000C\000o\000n\000s\000t\000r\000u\000c\000t\000o\000r\000\040\000\046\000\040\000D\000e\000s\000t\000r\000u\000c\000t\000o\000r\000\040\000D\000o\000c\000u\000m\000e\000n\000t\000a\000t\000i\000o\000n}{section.4.7}% 73
\BOOKMARK [3][-]{subsubsection.4.7.2.1}{\376\377\0004\000.\0007\000.\0002\000.\0001\000\040\000H\000a\000n\000d\000l\000e\000\050\000\051\000\040\000[\0001\000/\0002\000]}{subsection.4.7.2}% 74
\BOOKMARK [3][-]{subsubsection.4.7.2.2}{\376\377\0004\000.\0007\000.\0002\000.\0002\000\040\000\040\000H\000a\000n\000d\000l\000e\000\050\000\051}{subsection.4.7.2}% 75
\BOOKMARK [3][-]{subsubsection.4.7.2.3}{\376\377\0004\000.\0007\000.\0002\000.\0003\000\040\000H\000a\000n\000d\000l\000e\000\050\000\051\000\040\000[\0002\000/\0002\000]}{subsection.4.7.2}% 76
\BOOKMARK [2][-]{subsection.4.7.3}{\376\377\0004\000.\0007\000.\0003\000\040\000M\000e\000m\000b\000e\000r\000\040\000F\000u\000n\000c\000t\000i\000o\000n\000\040\000D\000o\000c\000u\000m\000e\000n\000t\000a\000t\000i\000o\000n}{section.4.7}% 77
\BOOKMARK [3][-]{subsubsection.4.7.3.1}{\376\377\0004\000.\0007\000.\0003\000.\0001\000\040\000o\000p\000e\000r\000a\000t\000o\000r\000=\000\050\000\051}{subsection.4.7.3}% 78
\BOOKMARK [2][-]{subsection.4.7.4}{\376\377\0004\000.\0007\000.\0004\000\040\000M\000e\000m\000b\000e\000r\000\040\000D\000a\000t\000a\000\040\000D\000o\000c\000u\000m\000e\000n\000t\000a\000t\000i\000o\000n}{section.4.7}% 79
\BOOKMARK [3][-]{subsubsection.4.7.4.1}{\376\377\0004\000.\0007\000.\0004\000.\0001\000\040\000p\000I\000m\000p\000l\000\137}{subsection.4.7.4}% 80
\BOOKMARK [1][-]{section.4.8}{\376\377\0004\000.\0008\000\040\000L\000o\000g\000i\000s\000t\000i\000c\000\040\000C\000l\000a\000s\000s\000\040\000R\000e\000f\000e\000r\000e\000n\000c\000e}{chapter.4}% 81
\BOOKMARK [2][-]{subsection.4.8.1}{\376\377\0004\000.\0008\000.\0001\000\040\000D\000e\000t\000a\000i\000l\000e\000d\000\040\000D\000e\000s\000c\000r\000i\000p\000t\000i\000o\000n}{section.4.8}% 82
\BOOKMARK [2][-]{subsection.4.8.2}{\376\377\0004\000.\0008\000.\0002\000\040\000C\000o\000n\000s\000t\000r\000u\000c\000t\000o\000r\000\040\000\046\000\040\000D\000e\000s\000t\000r\000u\000c\000t\000o\000r\000\040\000D\000o\000c\000u\000m\000e\000n\000t\000a\000t\000i\000o\000n}{section.4.8}% 83
\BOOKMARK [3][-]{subsubsection.4.8.2.1}{\376\377\0004\000.\0008\000.\0002\000.\0001\000\040\000L\000o\000g\000i\000s\000t\000i\000c\000\050\000\051\000\040\000[\0001\000/\0002\000]}{subsection.4.8.2}% 84
\BOOKMARK [3][-]{subsubsection.4.8.2.2}{\376\377\0004\000.\0008\000.\0002\000.\0002\000\040\000\040\000L\000o\000g\000i\000s\000t\000i\000c\000\050\000\051\000\040\000[\0001\000/\0002\000]}{subsection.4.8.2}% 85
\BOOKMARK [3][-]{subsubsection.4.8.2.3}{\376\377\0004\000.\0008\000.\0002\000.\0003\000\040\000L\000o\000g\000i\000s\000t\000i\000c\000\050\000\051\000\040\000[\0002\000/\0002\000]}{subsection.4.8.2}% 86
\BOOKMARK [3][-]{subsubsection.4.8.2.4}{\376\377\0004\000.\0008\000.\0002\000.\0004\000\040\000\040\000L\000o\000g\000i\000s\000t\000i\000c\000\050\000\051\000\040\000[\0002\000/\0002\000]}{subsection.4.8.2}% 87
\BOOKMARK [2][-]{subsection.4.8.3}{\376\377\0004\000.\0008\000.\0003\000\040\000M\000e\000m\000b\000e\000r\000\040\000F\000u\000n\000c\000t\000i\000o\000n\000\040\000D\000o\000c\000u\000m\000e\000n\000t\000a\000t\000i\000o\000n}{section.4.8}% 88
\BOOKMARK [3][-]{subsubsection.4.8.3.1}{\376\377\0004\000.\0008\000.\0003\000.\0001\000\040\000r\000u\000n\000\050\000\051\000\040\000[\0001\000/\0002\000]}{subsection.4.8.3}% 89
\BOOKMARK [3][-]{subsubsection.4.8.3.2}{\376\377\0004\000.\0008\000.\0003\000.\0002\000\040\000r\000u\000n\000\050\000\051\000\040\000[\0002\000/\0002\000]}{subsection.4.8.3}% 90
\BOOKMARK [1][-]{section.4.9}{\376\377\0004\000.\0009\000\040\000M\000o\000d\000e\000l\000\040\000C\000l\000a\000s\000s\000\040\000R\000e\000f\000e\000r\000e\000n\000c\000e}{chapter.4}% 91
\BOOKMARK [2][-]{subsection.4.9.1}{\376\377\0004\000.\0009\000.\0001\000\040\000D\000e\000t\000a\000i\000l\000e\000d\000\040\000D\000e\000s\000c\000r\000i\000p\000t\000i\000o\000n}{section.4.9}% 92
\BOOKMARK [2][-]{subsection.4.9.2}{\376\377\0004\000.\0009\000.\0002\000\040\000C\000o\000n\000s\000t\000r\000u\000c\000t\000o\000r\000\040\000\046\000\040\000D\000e\000s\000t\000r\000u\000c\000t\000o\000r\000\040\000D\000o\000c\000u\000m\000e\000n\000t\000a\000t\000i\000o\000n}{section.4.9}% 93
\BOOKMARK [3][-]{subsubsection.4.9.2.1}{\376\377\0004\000.\0009\000.\0002\000.\0001\000\040\000\040\000M\000o\000d\000e\000l\000\050\000\051}{subsection.4.9.2}% 94
\BOOKMARK [2][-]{subsection.4.9.3}{\376\377\0004\000.\0009\000.\0003\000\040\000M\000e\000m\000b\000e\000r\000\040\000F\000u\000n\000c\000t\000i\000o\000n\000\040\000D\000o\000c\000u\000m\000e\000n\000t\000a\000t\000i\000o\000n}{section.4.9}% 95
\BOOKMARK [3][-]{subsubsection.4.9.3.1}{\376\377\0004\000.\0009\000.\0003\000.\0001\000\040\000c\000r\000e\000a\000t\000e\000F\000l\000o\000w\000\050\000\051}{subsection.4.9.3}% 96
\BOOKMARK [3][-]{subsubsection.4.9.3.2}{\376\377\0004\000.\0009\000.\0003\000.\0002\000\040\000c\000r\000e\000a\000t\000e\000M\000o\000d\000e\000l\000\050\000\051}{subsection.4.9.3}% 97
\BOOKMARK [3][-]{subsubsection.4.9.3.3}{\376\377\0004\000.\0009\000.\0003\000.\0003\000\040\000c\000r\000e\000a\000t\000e\000S\000y\000s\000t\000e\000m\000\050\000\051}{subsection.4.9.3}% 98
\BOOKMARK [3][-]{subsubsection.4.9.3.4}{\376\377\0004\000.\0009\000.\0003\000.\0004\000\040\000g\000e\000t\000F\000l\000o\000w\000s\000\050\000\051}{subsection.4.9.3}% 99
\BOOKMARK [3][-]{subsubsection.4.9.3.5}{\376\377\0004\000.\0009\000.\0003\000.\0005\000\040\000g\000e\000t\000S\000y\000s\000t\000e\000m\000\050\000\051}{subsection.4.9.3}% 100
\BOOKMARK [3][-]{subsubsection.4.9.3.6}{\376\377\0004\000.\0009\000.\0003\000.\0006\000\040\000r\000u\000n\000\050\000\051}{subsection.4.9.3}% 101
\BOOKMARK [1][-]{section.4.10}{\376\377\0004\000.\0001\0000\000\040\000M\000o\000d\000e\000l\000B\000o\000d\000y\000\040\000C\000l\000a\000s\000s\000\040\000R\000e\000f\000e\000r\000e\000n\000c\000e}{chapter.4}% 102
\BOOKMARK [2][-]{subsection.4.10.1}{\376\377\0004\000.\0001\0000\000.\0001\000\040\000D\000e\000t\000a\000i\000l\000e\000d\000\040\000D\000e\000s\000c\000r\000i\000p\000t\000i\000o\000n}{section.4.10}% 103
\BOOKMARK [2][-]{subsection.4.10.2}{\376\377\0004\000.\0001\0000\000.\0002\000\040\000C\000o\000n\000s\000t\000r\000u\000c\000t\000o\000r\000\040\000\046\000\040\000D\000e\000s\000t\000r\000u\000c\000t\000o\000r\000\040\000D\000o\000c\000u\000m\000e\000n\000t\000a\000t\000i\000o\000n}{section.4.10}% 104
\BOOKMARK [3][-]{subsubsection.4.10.2.1}{\376\377\0004\000.\0001\0000\000.\0002\000.\0001\000\040\000M\000o\000d\000e\000l\000B\000o\000d\000y\000\050\000\051\000\040\000[\0001\000/\0002\000]}{subsection.4.10.2}% 105
\BOOKMARK [3][-]{subsubsection.4.10.2.2}{\376\377\0004\000.\0001\0000\000.\0002\000.\0002\000\040\000M\000o\000d\000e\000l\000B\000o\000d\000y\000\050\000\051\000\040\000[\0002\000/\0002\000]}{subsection.4.10.2}% 106
\BOOKMARK [3][-]{subsubsection.4.10.2.3}{\376\377\0004\000.\0001\0000\000.\0002\000.\0003\000\040\000\040\000M\000o\000d\000e\000l\000B\000o\000d\000y\000\050\000\051}{subsection.4.10.2}% 107
\BOOKMARK [2][-]{subsection.4.10.3}{\376\377\0004\000.\0001\0000\000.\0003\000\040\000M\000e\000m\000b\000e\000r\000\040\000F\000u\000n\000c\000t\000i\000o\000n\000\040\000D\000o\000c\000u\000m\000e\000n\000t\000a\000t\000i\000o\000n}{section.4.10}% 108
\BOOKMARK [3][-]{subsubsection.4.10.3.1}{\376\377\0004\000.\0001\0000\000.\0003\000.\0001\000\040\000a\000d\000d\000\050\000\051\000\040\000[\0001\000/\0003\000]}{subsection.4.10.3}% 109
\BOOKMARK [3][-]{subsubsection.4.10.3.2}{\376\377\0004\000.\0001\0000\000.\0003\000.\0002\000\040\000a\000d\000d\000\050\000\051\000\040\000[\0002\000/\0003\000]}{subsection.4.10.3}% 110
\BOOKMARK [3][-]{subsubsection.4.10.3.3}{\376\377\0004\000.\0001\0000\000.\0003\000.\0003\000\040\000a\000d\000d\000\050\000\051\000\040\000[\0003\000/\0003\000]}{subsection.4.10.3}% 111
\BOOKMARK [3][-]{subsubsection.4.10.3.4}{\376\377\0004\000.\0001\0000\000.\0003\000.\0004\000\040\000c\000r\000e\000a\000t\000e\000M\000o\000d\000e\000l\000\050\000\051}{subsection.4.10.3}% 112
\BOOKMARK [3][-]{subsubsection.4.10.3.5}{\376\377\0004\000.\0001\0000\000.\0003\000.\0005\000\040\000c\000r\000e\000a\000t\000e\000S\000y\000s\000t\000e\000m\000\050\000\051}{subsection.4.10.3}% 113
\BOOKMARK [3][-]{subsubsection.4.10.3.6}{\376\377\0004\000.\0001\0000\000.\0003\000.\0006\000\040\000g\000e\000t\000F\000l\000o\000w\000s\000\050\000\051}{subsection.4.10.3}% 114
\BOOKMARK [3][-]{subsubsection.4.10.3.7}{\376\377\0004\000.\0001\0000\000.\0003\000.\0007\000\040\000g\000e\000t\000I\000d\000\050\000\051}{subsection.4.10.3}% 115
\BOOKMARK [3][-]{subsubsection.4.10.3.8}{\376\377\0004\000.\0001\0000\000.\0003\000.\0008\000\040\000g\000e\000t\000S\000y\000s\000t\000e\000m\000\050\000\051}{subsection.4.10.3}% 116
\BOOKMARK [3][-]{subsubsection.4.10.3.9}{\376\377\0004\000.\0001\0000\000.\0003\000.\0009\000\040\000r\000u\000n\000\050\000\051}{subsection.4.10.3}% 117
\BOOKMARK [3][-]{subsubsection.4.10.3.10}{\376\377\0004\000.\0001\0000\000.\0003\000.\0001\0000\000\040\000s\000e\000t\000I\000d\000\050\000\051}{subsection.4.10.3}% 118
\BOOKMARK [2][-]{subsection.4.10.4}{\376\377\0004\000.\0001\0000\000.\0004\000\040\000M\000e\000m\000b\000e\000r\000\040\000D\000a\000t\000a\000\040\000D\000o\000c\000u\000m\000e\000n\000t\000a\000t\000i\000o\000n}{section.4.10}% 119
\BOOKMARK [3][-]{subsubsection.4.10.4.1}{\376\377\0004\000.\0001\0000\000.\0004\000.\0001\000\040\000f\000l\000o\000w\000s}{subsection.4.10.4}% 120
\BOOKMARK [3][-]{subsubsection.4.10.4.2}{\376\377\0004\000.\0001\0000\000.\0004\000.\0002\000\040\000i\000d}{subsection.4.10.4}% 121
\BOOKMARK [3][-]{subsubsection.4.10.4.3}{\376\377\0004\000.\0001\0000\000.\0004\000.\0003\000\040\000m\000o\000d\000e\000l\000s}{subsection.4.10.4}% 122
\BOOKMARK [3][-]{subsubsection.4.10.4.4}{\376\377\0004\000.\0001\0000\000.\0004\000.\0004\000\040\000s\000y\000s\000t\000e\000m\000s}{subsection.4.10.4}% 123
\BOOKMARK [1][-]{section.4.11}{\376\377\0004\000.\0001\0001\000\040\000M\000o\000d\000e\000l\000H\000a\000n\000d\000l\000e\000\040\000C\000l\000a\000s\000s\000\040\000R\000e\000f\000e\000r\000e\000n\000c\000e}{chapter.4}% 124
\BOOKMARK [2][-]{subsection.4.11.1}{\376\377\0004\000.\0001\0001\000.\0001\000\040\000D\000e\000t\000a\000i\000l\000e\000d\000\040\000D\000e\000s\000c\000r\000i\000p\000t\000i\000o\000n}{section.4.11}% 125
\BOOKMARK [2][-]{subsection.4.11.2}{\376\377\0004\000.\0001\0001\000.\0002\000\040\000C\000o\000n\000s\000t\000r\000u\000c\000t\000o\000r\000\040\000\046\000\040\000D\000e\000s\000t\000r\000u\000c\000t\000o\000r\000\040\000D\000o\000c\000u\000m\000e\000n\000t\000a\000t\000i\000o\000n}{section.4.11}% 126
\BOOKMARK [3][-]{subsubsection.4.11.2.1}{\376\377\0004\000.\0001\0001\000.\0002\000.\0001\000\040\000M\000o\000d\000e\000l\000H\000a\000n\000d\000l\000e\000\050\000\051}{subsection.4.11.2}% 127
\BOOKMARK [3][-]{subsubsection.4.11.2.2}{\376\377\0004\000.\0001\0001\000.\0002\000.\0002\000\040\000\040\000M\000o\000d\000e\000l\000H\000a\000n\000d\000l\000e\000\050\000\051}{subsection.4.11.2}% 128
\BOOKMARK [2][-]{subsection.4.11.3}{\376\377\0004\000.\0001\0001\000.\0003\000\040\000M\000e\000m\000b\000e\000r\000\040\000F\000u\000n\000c\000t\000i\000o\000n\000\040\000D\000o\000c\000u\000m\000e\000n\000t\000a\000t\000i\000o\000n}{section.4.11}% 129
\BOOKMARK [3][-]{subsubsection.4.11.3.1}{\376\377\0004\000.\0001\0001\000.\0003\000.\0001\000\040\000a\000d\000d\000\050\000\051\000\040\000[\0001\000/\0003\000]}{subsection.4.11.3}% 130
\BOOKMARK [3][-]{subsubsection.4.11.3.2}{\376\377\0004\000.\0001\0001\000.\0003\000.\0002\000\040\000a\000d\000d\000\050\000\051\000\040\000[\0002\000/\0003\000]}{subsection.4.11.3}% 131
\BOOKMARK [3][-]{subsubsection.4.11.3.3}{\376\377\0004\000.\0001\0001\000.\0003\000.\0003\000\040\000a\000d\000d\000\050\000\051\000\040\000[\0003\000/\0003\000]}{subsection.4.11.3}% 132
\BOOKMARK [3][-]{subsubsection.4.11.3.4}{\376\377\0004\000.\0001\0001\000.\0003\000.\0004\000\040\000c\000r\000e\000a\000t\000e\000M\000o\000d\000e\000l\000\050\000\051}{subsection.4.11.3}% 133
\BOOKMARK [3][-]{subsubsection.4.11.3.5}{\376\377\0004\000.\0001\0001\000.\0003\000.\0005\000\040\000c\000r\000e\000a\000t\000e\000S\000y\000s\000t\000e\000m\000\050\000\051}{subsection.4.11.3}% 134
\BOOKMARK [3][-]{subsubsection.4.11.3.6}{\376\377\0004\000.\0001\0001\000.\0003\000.\0006\000\040\000g\000e\000t\000F\000l\000o\000w\000s\000\050\000\051}{subsection.4.11.3}% 135
\BOOKMARK [3][-]{subsubsection.4.11.3.7}{\376\377\0004\000.\0001\0001\000.\0003\000.\0007\000\040\000g\000e\000t\000I\000d\000\050\000\051}{subsection.4.11.3}% 136
\BOOKMARK [3][-]{subsubsection.4.11.3.8}{\376\377\0004\000.\0001\0001\000.\0003\000.\0008\000\040\000g\000e\000t\000S\000y\000s\000t\000e\000m\000\050\000\051}{subsection.4.11.3}% 137
\BOOKMARK [3][-]{subsubsection.4.11.3.9}{\376\377\0004\000.\0001\0001\000.\0003\000.\0009\000\040\000r\000u\000n\000\050\000\051}{subsection.4.11.3}% 138
\BOOKMARK [3][-]{subsubsection.4.11.3.10}{\376\377\0004\000.\0001\0001\000.\0003\000.\0001\0000\000\040\000s\000e\000t\000I\000d\000\050\000\051}{subsection.4.11.3}% 139
\BOOKMARK [1][-]{section.4.12}{\376\377\0004\000.\0001\0002\000\040\000S\000y\000s\000t\000e\000m\000\040\000C\000l\000a\000s\000s\000\040\000R\000e\000f\000e\000r\000e\000n\000c\000e}{chapter.4}% 140
\BOOKMARK [2][-]{subsection.4.12.1}{\376\377\0004\000.\0001\0002\000.\0001\000\040\000D\000e\000t\000a\000i\000l\000e\000d\000\040\000D\000e\000s\000c\000r\000i\000p\000t\000i\000o\000n}{section.4.12}% 141
\BOOKMARK [2][-]{subsection.4.12.2}{\376\377\0004\000.\0001\0002\000.\0002\000\040\000C\000o\000n\000s\000t\000r\000u\000c\000t\000o\000r\000\040\000\046\000\040\000D\000e\000s\000t\000r\000u\000c\000t\000o\000r\000\040\000D\000o\000c\000u\000m\000e\000n\000t\000a\000t\000i\000o\000n}{section.4.12}% 142
\BOOKMARK [3][-]{subsubsection.4.12.2.1}{\376\377\0004\000.\0001\0002\000.\0002\000.\0001\000\040\000\040\000S\000y\000s\000t\000e\000m\000\050\000\051}{subsection.4.12.2}% 143
\BOOKMARK [2][-]{subsection.4.12.3}{\376\377\0004\000.\0001\0002\000.\0003\000\040\000M\000e\000m\000b\000e\000r\000\040\000F\000u\000n\000c\000t\000i\000o\000n\000\040\000D\000o\000c\000u\000m\000e\000n\000t\000a\000t\000i\000o\000n}{section.4.12}% 144
\BOOKMARK [3][-]{subsubsection.4.12.3.1}{\376\377\0004\000.\0001\0002\000.\0003\000.\0001\000\040\000g\000e\000t\000N\000a\000m\000e\000\050\000\051}{subsection.4.12.3}% 145
\BOOKMARK [3][-]{subsubsection.4.12.3.2}{\376\377\0004\000.\0001\0002\000.\0003\000.\0002\000\040\000g\000e\000t\000V\000a\000l\000u\000e\000\050\000\051}{subsection.4.12.3}% 146
\BOOKMARK [3][-]{subsubsection.4.12.3.3}{\376\377\0004\000.\0001\0002\000.\0003\000.\0003\000\040\000s\000e\000t\000N\000a\000m\000e\000\050\000\051}{subsection.4.12.3}% 147
\BOOKMARK [3][-]{subsubsection.4.12.3.4}{\376\377\0004\000.\0001\0002\000.\0003\000.\0004\000\040\000s\000e\000t\000V\000a\000l\000u\000e\000\050\000\051}{subsection.4.12.3}% 148
\BOOKMARK [1][-]{section.4.13}{\376\377\0004\000.\0001\0003\000\040\000S\000y\000s\000t\000e\000m\000B\000o\000d\000y\000\040\000C\000l\000a\000s\000s\000\040\000R\000e\000f\000e\000r\000e\000n\000c\000e}{chapter.4}% 149
\BOOKMARK [2][-]{subsection.4.13.1}{\376\377\0004\000.\0001\0003\000.\0001\000\040\000D\000e\000t\000a\000i\000l\000e\000d\000\040\000D\000e\000s\000c\000r\000i\000p\000t\000i\000o\000n}{section.4.13}% 150
\BOOKMARK [2][-]{subsection.4.13.2}{\376\377\0004\000.\0001\0003\000.\0002\000\040\000C\000o\000n\000s\000t\000r\000u\000c\000t\000o\000r\000\040\000\046\000\040\000D\000e\000s\000t\000r\000u\000c\000t\000o\000r\000\040\000D\000o\000c\000u\000m\000e\000n\000t\000a\000t\000i\000o\000n}{section.4.13}% 151
\BOOKMARK [3][-]{subsubsection.4.13.2.1}{\376\377\0004\000.\0001\0003\000.\0002\000.\0001\000\040\000S\000y\000s\000t\000e\000m\000B\000o\000d\000y\000\050\000\051\000\040\000[\0001\000/\0002\000]}{subsection.4.13.2}% 152
\BOOKMARK [3][-]{subsubsection.4.13.2.2}{\376\377\0004\000.\0001\0003\000.\0002\000.\0002\000\040\000S\000y\000s\000t\000e\000m\000B\000o\000d\000y\000\050\000\051\000\040\000[\0002\000/\0002\000]}{subsection.4.13.2}% 153
\BOOKMARK [3][-]{subsubsection.4.13.2.3}{\376\377\0004\000.\0001\0003\000.\0002\000.\0003\000\040\000\040\000S\000y\000s\000t\000e\000m\000B\000o\000d\000y\000\050\000\051}{subsection.4.13.2}% 154
\BOOKMARK [2][-]{subsection.4.13.3}{\376\377\0004\000.\0001\0003\000.\0003\000\040\000M\000e\000m\000b\000e\000r\000\040\000F\000u\000n\000c\000t\000i\000o\000n\000\040\000D\000o\000c\000u\000m\000e\000n\000t\000a\000t\000i\000o\000n}{section.4.13}% 155
\BOOKMARK [3][-]{subsubsection.4.13.3.1}{\376\377\0004\000.\0001\0003\000.\0003\000.\0001\000\040\000g\000e\000t\000N\000a\000m\000e\000\050\000\051}{subsection.4.13.3}% 156
\BOOKMARK [3][-]{subsubsection.4.13.3.2}{\376\377\0004\000.\0001\0003\000.\0003\000.\0002\000\040\000g\000e\000t\000V\000a\000l\000u\000e\000\050\000\051}{subsection.4.13.3}% 157
\BOOKMARK [3][-]{subsubsection.4.13.3.3}{\376\377\0004\000.\0001\0003\000.\0003\000.\0003\000\040\000o\000p\000e\000r\000a\000t\000o\000r\000=\000\050\000\051}{subsection.4.13.3}% 158
\BOOKMARK [3][-]{subsubsection.4.13.3.4}{\376\377\0004\000.\0001\0003\000.\0003\000.\0004\000\040\000s\000e\000t\000N\000a\000m\000e\000\050\000\051}{subsection.4.13.3}% 159
\BOOKMARK [3][-]{subsubsection.4.13.3.5}{\376\377\0004\000.\0001\0003\000.\0003\000.\0005\000\040\000s\000e\000t\000V\000a\000l\000u\000e\000\050\000\051}{subsection.4.13.3}% 160
\BOOKMARK [2][-]{subsection.4.13.4}{\376\377\0004\000.\0001\0003\000.\0004\000\040\000M\000e\000m\000b\000e\000r\000\040\000D\000a\000t\000a\000\040\000D\000o\000c\000u\000m\000e\000n\000t\000a\000t\000i\000o\000n}{section.4.13}% 161
\BOOKMARK [3][-]{subsubsection.4.13.4.1}{\376\377\0004\000.\0001\0003\000.\0004\000.\0001\000\040\000n\000a\000m\000e}{subsection.4.13.4}% 162
\BOOKMARK [3][-]{subsubsection.4.13.4.2}{\376\377\0004\000.\0001\0003\000.\0004\000.\0002\000\040\000v\000a\000l\000u\000e}{subsection.4.13.4}% 163
\BOOKMARK [1][-]{section.4.14}{\376\377\0004\000.\0001\0004\000\040\000S\000y\000s\000t\000e\000m\000H\000a\000n\000d\000l\000e\000\040\000C\000l\000a\000s\000s\000\040\000R\000e\000f\000e\000r\000e\000n\000c\000e}{chapter.4}% 164
\BOOKMARK [2][-]{subsection.4.14.1}{\376\377\0004\000.\0001\0004\000.\0001\000\040\000D\000e\000t\000a\000i\000l\000e\000d\000\040\000D\000e\000s\000c\000r\000i\000p\000t\000i\000o\000n}{section.4.14}% 165
\BOOKMARK [2][-]{subsection.4.14.2}{\376\377\0004\000.\0001\0004\000.\0002\000\040\000C\000o\000n\000s\000t\000r\000u\000c\000t\000o\000r\000\040\000\046\000\040\000D\000e\000s\000t\000r\000u\000c\000t\000o\000r\000\040\000D\000o\000c\000u\000m\000e\000n\000t\000a\000t\000i\000o\000n}{section.4.14}% 166
\BOOKMARK [3][-]{subsubsection.4.14.2.1}{\376\377\0004\000.\0001\0004\000.\0002\000.\0001\000\040\000S\000y\000s\000t\000e\000m\000H\000a\000n\000d\000l\000e\000\050\000\051\000\040\000[\0001\000/\0002\000]}{subsection.4.14.2}% 167
\BOOKMARK [3][-]{subsubsection.4.14.2.2}{\376\377\0004\000.\0001\0004\000.\0002\000.\0002\000\040\000S\000y\000s\000t\000e\000m\000H\000a\000n\000d\000l\000e\000\050\000\051\000\040\000[\0002\000/\0002\000]}{subsection.4.14.2}% 168
\BOOKMARK [3][-]{subsubsection.4.14.2.3}{\376\377\0004\000.\0001\0004\000.\0002\000.\0003\000\040\000\040\000S\000y\000s\000t\000e\000m\000H\000a\000n\000d\000l\000e\000\050\000\051}{subsection.4.14.2}% 169
\BOOKMARK [2][-]{subsection.4.14.3}{\376\377\0004\000.\0001\0004\000.\0003\000\040\000M\000e\000m\000b\000e\000r\000\040\000F\000u\000n\000c\000t\000i\000o\000n\000\040\000D\000o\000c\000u\000m\000e\000n\000t\000a\000t\000i\000o\000n}{section.4.14}% 170
\BOOKMARK [3][-]{subsubsection.4.14.3.1}{\376\377\0004\000.\0001\0004\000.\0003\000.\0001\000\040\000g\000e\000t\000N\000a\000m\000e\000\050\000\051}{subsection.4.14.3}% 171
\BOOKMARK [3][-]{subsubsection.4.14.3.2}{\376\377\0004\000.\0001\0004\000.\0003\000.\0002\000\040\000g\000e\000t\000V\000a\000l\000u\000e\000\050\000\051}{subsection.4.14.3}% 172
\BOOKMARK [3][-]{subsubsection.4.14.3.3}{\376\377\0004\000.\0001\0004\000.\0003\000.\0003\000\040\000s\000e\000t\000N\000a\000m\000e\000\050\000\051}{subsection.4.14.3}% 173
\BOOKMARK [3][-]{subsubsection.4.14.3.4}{\376\377\0004\000.\0001\0004\000.\0003\000.\0004\000\040\000s\000e\000t\000V\000a\000l\000u\000e\000\050\000\051}{subsection.4.14.3}% 174
\BOOKMARK [0][-]{chapter.5}{\376\377\0005\000\040\000F\000i\000l\000e\000\040\000D\000o\000c\000u\000m\000e\000n\000t\000a\000t\000i\000o\000n}{}% 175
\BOOKMARK [1][-]{section.5.1}{\376\377\0005\000.\0001\000\040\000s\000r\000c\000/\000l\000i\000b\000/\000f\000l\000o\000w\000.\000h\000\040\000F\000i\000l\000e\000\040\000R\000e\000f\000e\000r\000e\000n\000c\000e}{chapter.5}% 176
\BOOKMARK [1][-]{section.5.2}{\376\377\0005\000.\0002\000\040\000f\000l\000o\000w\000.\000h}{chapter.5}% 177
\BOOKMARK [1][-]{section.5.3}{\376\377\0005\000.\0003\000\040\000s\000r\000c\000/\000l\000i\000b\000/\000f\000l\000o\000w\000\137\000I\000m\000p\000.\000c\000p\000p\000\040\000F\000i\000l\000e\000\040\000R\000e\000f\000e\000r\000e\000n\000c\000e}{chapter.5}% 178
\BOOKMARK [1][-]{section.5.4}{\376\377\0005\000.\0004\000\040\000f\000l\000o\000w\000\137\000I\000m\000p\000.\000c\000p\000p}{chapter.5}% 179
\BOOKMARK [1][-]{section.5.5}{\376\377\0005\000.\0005\000\040\000s\000r\000c\000/\000l\000i\000b\000/\000f\000l\000o\000w\000\137\000I\000m\000p\000.\000h\000\040\000F\000i\000l\000e\000\040\000R\000e\000f\000e\000r\000e\000n\000c\000e}{chapter.5}% 180
\BOOKMARK [1][-]{section.5.6}{\376\377\0005\000.\0006\000\040\000f\000l\000o\000w\000\137\000I\000m\000p\000.\000h}{chapter.5}% 181
\BOOKMARK [1][-]{section.5.7}{\376\377\0005\000.\0007\000\040\000s\000r\000c\000/\000l\000i\000b\000/\000h\000a\000n\000d\000l\000e\000B\000o\000d\000y\000S\000e\000m\000D\000e\000b\000u\000g\000.\000h\000\040\000F\000i\000l\000e\000\040\000R\000e\000f\000e\000r\000e\000n\000c\000e}{chapter.5}% 182
\BOOKMARK [2][-]{subsection.5.7.1}{\376\377\0005\000.\0007\000.\0001\000\040\000M\000a\000c\000r\000o\000\040\000D\000e\000f\000i\000n\000i\000t\000i\000o\000n\000\040\000D\000o\000c\000u\000m\000e\000n\000t\000a\000t\000i\000o\000n}{section.5.7}% 183
\BOOKMARK [3][-]{subsubsection.5.7.1.1}{\376\377\0005\000.\0007\000.\0001\000.\0001\000\040\000D\000E\000B\000U\000G\000I\000N\000G}{subsection.5.7.1}% 184
\BOOKMARK [2][-]{subsection.5.7.2}{\376\377\0005\000.\0007\000.\0002\000\040\000V\000a\000r\000i\000a\000b\000l\000e\000\040\000D\000o\000c\000u\000m\000e\000n\000t\000a\000t\000i\000o\000n}{section.5.7}% 185
\BOOKMARK [3][-]{subsubsection.5.7.2.1}{\376\377\0005\000.\0007\000.\0002\000.\0001\000\040\000n\000u\000m\000B\000o\000d\000y\000C\000r\000e\000a\000t\000e\000d}{subsection.5.7.2}% 186
\BOOKMARK [3][-]{subsubsection.5.7.2.2}{\376\377\0005\000.\0007\000.\0002\000.\0002\000\040\000n\000u\000m\000B\000o\000d\000y\000D\000e\000l\000e\000t\000e\000d}{subsection.5.7.2}% 187
\BOOKMARK [3][-]{subsubsection.5.7.2.3}{\376\377\0005\000.\0007\000.\0002\000.\0003\000\040\000n\000u\000m\000H\000a\000n\000d\000l\000e\000C\000r\000e\000a\000t\000e\000d}{subsection.5.7.2}% 188
\BOOKMARK [3][-]{subsubsection.5.7.2.4}{\376\377\0005\000.\0007\000.\0002\000.\0004\000\040\000n\000u\000m\000H\000a\000n\000d\000l\000e\000D\000e\000l\000e\000t\000e\000d}{subsection.5.7.2}% 189
\BOOKMARK [1][-]{section.5.8}{\376\377\0005\000.\0008\000\040\000h\000a\000n\000d\000l\000e\000B\000o\000d\000y\000S\000e\000m\000D\000e\000b\000u\000g\000.\000h}{chapter.5}% 190
\BOOKMARK [1][-]{section.5.9}{\376\377\0005\000.\0009\000\040\000s\000r\000c\000/\000l\000i\000b\000/\000m\000o\000d\000e\000l\000.\000h\000\040\000F\000i\000l\000e\000\040\000R\000e\000f\000e\000r\000e\000n\000c\000e}{chapter.5}% 191
\BOOKMARK [1][-]{section.5.10}{\376\377\0005\000.\0001\0000\000\040\000m\000o\000d\000e\000l\000.\000h}{chapter.5}% 192
\BOOKMARK [1][-]{section.5.11}{\376\377\0005\000.\0001\0001\000\040\000s\000r\000c\000/\000l\000i\000b\000/\000m\000o\000d\000e\000l\000\137\000I\000m\000p\000.\000c\000p\000p\000\040\000F\000i\000l\000e\000\040\000R\000e\000f\000e\000r\000e\000n\000c\000e}{chapter.5}% 193
\BOOKMARK [1][-]{section.5.12}{\376\377\0005\000.\0001\0002\000\040\000m\000o\000d\000e\000l\000\137\000I\000m\000p\000.\000c\000p\000p}{chapter.5}% 194
\BOOKMARK [1][-]{section.5.13}{\376\377\0005\000.\0001\0003\000\040\000s\000r\000c\000/\000l\000i\000b\000/\000m\000o\000d\000e\000l\000\137\000I\000m\000p\000.\000h\000\040\000F\000i\000l\000e\000\040\000R\000e\000f\000e\000r\000e\000n\000c\000e}{chapter.5}% 195
\BOOKMARK [1][-]{section.5.14}{\376\377\0005\000.\0001\0004\000\040\000m\000o\000d\000e\000l\000\137\000I\000m\000p\000.\000h}{chapter.5}% 196
\BOOKMARK [1][-]{section.5.15}{\376\377\0005\000.\0001\0005\000\040\000s\000r\000c\000/\000l\000i\000b\000/\000s\000y\000s\000t\000e\000m\000.\000h\000\040\000F\000i\000l\000e\000\040\000R\000e\000f\000e\000r\000e\000n\000c\000e}{chapter.5}% 197
\BOOKMARK [1][-]{section.5.16}{\376\377\0005\000.\0001\0006\000\040\000s\000y\000s\000t\000e\000m\000.\000h}{chapter.5}% 198
\BOOKMARK [1][-]{section.5.17}{\376\377\0005\000.\0001\0007\000\040\000s\000r\000c\000/\000l\000i\000b\000/\000s\000y\000s\000t\000e\000m\000\137\000I\000m\000p\000.\000c\000p\000p\000\040\000F\000i\000l\000e\000\040\000R\000e\000f\000e\000r\000e\000n\000c\000e}{chapter.5}% 199
\BOOKMARK [1][-]{section.5.18}{\376\377\0005\000.\0001\0008\000\040\000s\000y\000s\000t\000e\000m\000\137\000I\000m\000p\000.\000c\000p\000p}{chapter.5}% 200
\BOOKMARK [1][-]{section.5.19}{\376\377\0005\000.\0001\0009\000\040\000s\000r\000c\000/\000l\000i\000b\000/\000s\000y\000s\000t\000e\000m\000\137\000I\000m\000p\000.\000h\000\040\000F\000i\000l\000e\000\040\000R\000e\000f\000e\000r\000e\000n\000c\000e}{chapter.5}% 201
\BOOKMARK [1][-]{section.5.20}{\376\377\0005\000.\0002\0000\000\040\000s\000y\000s\000t\000e\000m\000\137\000I\000m\000p\000.\000h}{chapter.5}% 202
\BOOKMARK [1][-]{section.5.21}{\376\377\0005\000.\0002\0001\000\040\000s\000r\000c\000/\000m\000a\000i\000n\000.\000c\000p\000p\000\040\000F\000i\000l\000e\000\040\000R\000e\000f\000e\000r\000e\000n\000c\000e}{chapter.5}% 203
\BOOKMARK [2][-]{subsection.5.21.1}{\376\377\0005\000.\0002\0001\000.\0001\000\040\000F\000u\000n\000c\000t\000i\000o\000n\000\040\000D\000o\000c\000u\000m\000e\000n\000t\000a\000t\000i\000o\000n}{section.5.21}% 204
\BOOKMARK [3][-]{subsubsection.5.21.1.1}{\376\377\0005\000.\0002\0001\000.\0001\000.\0001\000\040\000m\000a\000i\000n\000\050\000\051}{subsection.5.21.1}% 205
\BOOKMARK [1][-]{section.5.22}{\376\377\0005\000.\0002\0002\000\040\000m\000a\000i\000n\000.\000c\000p\000p}{chapter.5}% 206
\BOOKMARK [1][-]{section.5.23}{\376\377\0005\000.\0002\0003\000\040\000t\000e\000s\000t\000/\000f\000u\000n\000c\000t\000i\000o\000n\000a\000l\000/\000m\000a\000i\000n\000.\000c\000p\000p\000\040\000F\000i\000l\000e\000\040\000R\000e\000f\000e\000r\000e\000n\000c\000e}{chapter.5}% 207
\BOOKMARK [2][-]{subsection.5.23.1}{\376\377\0005\000.\0002\0003\000.\0001\000\040\000M\000a\000c\000r\000o\000\040\000D\000e\000f\000i\000n\000i\000t\000i\000o\000n\000\040\000D\000o\000c\000u\000m\000e\000n\000t\000a\000t\000i\000o\000n}{section.5.23}% 208
\BOOKMARK [3][-]{subsubsection.5.23.1.1}{\376\377\0005\000.\0002\0003\000.\0001\000.\0001\000\040\000D\000E\000B\000U\000G\000I\000N\000G}{subsection.5.23.1}% 209
\BOOKMARK [2][-]{subsection.5.23.2}{\376\377\0005\000.\0002\0003\000.\0002\000\040\000F\000u\000n\000c\000t\000i\000o\000n\000\040\000D\000o\000c\000u\000m\000e\000n\000t\000a\000t\000i\000o\000n}{section.5.23}% 210
\BOOKMARK [3][-]{subsubsection.5.23.2.1}{\376\377\0005\000.\0002\0003\000.\0002\000.\0001\000\040\000m\000a\000i\000n\000\050\000\051}{subsection.5.23.2}% 211
\BOOKMARK [2][-]{subsection.5.23.3}{\376\377\0005\000.\0002\0003\000.\0003\000\040\000V\000a\000r\000i\000a\000b\000l\000e\000\040\000D\000o\000c\000u\000m\000e\000n\000t\000a\000t\000i\000o\000n}{section.5.23}% 212
\BOOKMARK [3][-]{subsubsection.5.23.3.1}{\376\377\0005\000.\0002\0003\000.\0003\000.\0001\000\040\000n\000u\000m\000B\000o\000d\000y\000C\000r\000e\000a\000t\000e\000d}{subsection.5.23.3}% 213
\BOOKMARK [3][-]{subsubsection.5.23.3.2}{\376\377\0005\000.\0002\0003\000.\0003\000.\0002\000\040\000n\000u\000m\000B\000o\000d\000y\000D\000e\000l\000e\000t\000e\000d}{subsection.5.23.3}% 214
\BOOKMARK [3][-]{subsubsection.5.23.3.3}{\376\377\0005\000.\0002\0003\000.\0003\000.\0003\000\040\000n\000u\000m\000H\000a\000n\000d\000l\000e\000C\000r\000e\000a\000t\000e\000d}{subsection.5.23.3}% 215
\BOOKMARK [3][-]{subsubsection.5.23.3.4}{\376\377\0005\000.\0002\0003\000.\0003\000.\0004\000\040\000n\000u\000m\000H\000a\000n\000d\000l\000e\000D\000e\000l\000e\000t\000e\000d}{subsection.5.23.3}% 216
\BOOKMARK [1][-]{section.5.24}{\376\377\0005\000.\0002\0004\000\040\000m\000a\000i\000n\000.\000c\000p\000p}{chapter.5}% 217
\BOOKMARK [1][-]{section.5.25}{\376\377\0005\000.\0002\0005\000\040\000t\000e\000s\000t\000/\000u\000n\000i\000t\000/\000m\000a\000i\000n\000.\000c\000p\000p\000\040\000F\000i\000l\000e\000\040\000R\000e\000f\000e\000r\000e\000n\000c\000e}{chapter.5}% 218
\BOOKMARK [2][-]{subsection.5.25.1}{\376\377\0005\000.\0002\0005\000.\0001\000\040\000M\000a\000c\000r\000o\000\040\000D\000e\000f\000i\000n\000i\000t\000i\000o\000n\000\040\000D\000o\000c\000u\000m\000e\000n\000t\000a\000t\000i\000o\000n}{section.5.25}% 219
\BOOKMARK [3][-]{subsubsection.5.25.1.1}{\376\377\0005\000.\0002\0005\000.\0001\000.\0001\000\040\000D\000E\000B\000U\000G\000I\000N\000G}{subsection.5.25.1}% 220
\BOOKMARK [2][-]{subsection.5.25.2}{\376\377\0005\000.\0002\0005\000.\0002\000\040\000F\000u\000n\000c\000t\000i\000o\000n\000\040\000D\000o\000c\000u\000m\000e\000n\000t\000a\000t\000i\000o\000n}{section.5.25}% 221
\BOOKMARK [3][-]{subsubsection.5.25.2.1}{\376\377\0005\000.\0002\0005\000.\0002\000.\0001\000\040\000m\000a\000i\000n\000\050\000\051}{subsection.5.25.2}% 222
\BOOKMARK [2][-]{subsection.5.25.3}{\376\377\0005\000.\0002\0005\000.\0003\000\040\000V\000a\000r\000i\000a\000b\000l\000e\000\040\000D\000o\000c\000u\000m\000e\000n\000t\000a\000t\000i\000o\000n}{section.5.25}% 223
\BOOKMARK [3][-]{subsubsection.5.25.3.1}{\376\377\0005\000.\0002\0005\000.\0003\000.\0001\000\040\000n\000u\000m\000B\000o\000d\000y\000C\000r\000e\000a\000t\000e\000d}{subsection.5.25.3}% 224
\BOOKMARK [3][-]{subsubsection.5.25.3.2}{\376\377\0005\000.\0002\0005\000.\0003\000.\0002\000\040\000n\000u\000m\000B\000o\000d\000y\000D\000e\000l\000e\000t\000e\000d}{subsection.5.25.3}% 225
\BOOKMARK [3][-]{subsubsection.5.25.3.3}{\376\377\0005\000.\0002\0005\000.\0003\000.\0003\000\040\000n\000u\000m\000H\000a\000n\000d\000l\000e\000C\000r\000e\000a\000t\000e\000d}{subsection.5.25.3}% 226
\BOOKMARK [3][-]{subsubsection.5.25.3.4}{\376\377\0005\000.\0002\0005\000.\0003\000.\0004\000\040\000n\000u\000m\000H\000a\000n\000d\000l\000e\000D\000e\000l\000e\000t\000e\000d}{subsection.5.25.3}% 227
\BOOKMARK [1][-]{section.5.26}{\376\377\0005\000.\0002\0006\000\040\000m\000a\000i\000n\000.\000c\000p\000p}{chapter.5}% 228
\BOOKMARK [1][-]{section.5.27}{\376\377\0005\000.\0002\0007\000\040\000t\000e\000s\000t\000/\000f\000u\000n\000c\000t\000i\000o\000n\000a\000l\000/\000f\000u\000n\000c\000t\000i\000o\000n\000a\000l\000\137\000t\000e\000s\000t\000s\000.\000c\000p\000p\000\040\000F\000i\000l\000e\000\040\000R\000e\000f\000e\000r\000e\000n\000c\000e}{chapter.5}% 229
\BOOKMARK [2][-]{subsection.5.27.1}{\376\377\0005\000.\0002\0007\000.\0001\000\040\000F\000u\000n\000c\000t\000i\000o\000n\000\040\000D\000o\000c\000u\000m\000e\000n\000t\000a\000t\000i\000o\000n}{section.5.27}% 230
\BOOKMARK [3][-]{subsubsection.5.27.1.1}{\376\377\0005\000.\0002\0007\000.\0001\000.\0001\000\040\000c\000o\000m\000p\000l\000e\000x\000F\000u\000n\000c\000i\000o\000n\000a\000l\000T\000e\000s\000t\000\050\000\051}{subsection.5.27.1}% 231
\BOOKMARK [3][-]{subsubsection.5.27.1.2}{\376\377\0005\000.\0002\0007\000.\0001\000.\0002\000\040\000e\000x\000p\000o\000n\000e\000n\000t\000i\000a\000l\000F\000u\000n\000c\000i\000o\000n\000a\000l\000T\000e\000s\000t\000\050\000\051}{subsection.5.27.1}% 232
\BOOKMARK [3][-]{subsubsection.5.27.1.3}{\376\377\0005\000.\0002\0007\000.\0001\000.\0003\000\040\000l\000o\000g\000i\000s\000t\000i\000c\000a\000l\000F\000u\000n\000c\000i\000o\000n\000a\000l\000T\000e\000s\000t\000\050\000\051}{subsection.5.27.1}% 233
\BOOKMARK [1][-]{section.5.28}{\376\377\0005\000.\0002\0008\000\040\000f\000u\000n\000c\000t\000i\000o\000n\000a\000l\000\137\000t\000e\000s\000t\000s\000.\000c\000p\000p}{chapter.5}% 234
\BOOKMARK [1][-]{section.5.29}{\376\377\0005\000.\0002\0009\000\040\000t\000e\000s\000t\000/\000f\000u\000n\000c\000t\000i\000o\000n\000a\000l\000/\000f\000u\000n\000c\000t\000i\000o\000n\000a\000l\000\137\000t\000e\000s\000t\000s\000.\000h\000\040\000F\000i\000l\000e\000\040\000R\000e\000f\000e\000r\000e\000n\000c\000e}{chapter.5}% 235
\BOOKMARK [2][-]{subsection.5.29.1}{\376\377\0005\000.\0002\0009\000.\0001\000\040\000M\000a\000c\000r\000o\000\040\000D\000e\000f\000i\000n\000i\000t\000i\000o\000n\000\040\000D\000o\000c\000u\000m\000e\000n\000t\000a\000t\000i\000o\000n}{section.5.29}% 236
\BOOKMARK [3][-]{subsubsection.5.29.1.1}{\376\377\0005\000.\0002\0009\000.\0001\000.\0001\000\040\000E\000X\000P\000O\000N\000E\000N\000T\000I\000A\000L}{subsection.5.29.1}% 237
\BOOKMARK [3][-]{subsubsection.5.29.1.2}{\376\377\0005\000.\0002\0009\000.\0001\000.\0002\000\040\000L\000O\000G\000I\000S\000T\000I\000C}{subsection.5.29.1}% 238
\BOOKMARK [2][-]{subsection.5.29.2}{\376\377\0005\000.\0002\0009\000.\0002\000\040\000F\000u\000n\000c\000t\000i\000o\000n\000\040\000D\000o\000c\000u\000m\000e\000n\000t\000a\000t\000i\000o\000n}{section.5.29}% 239
\BOOKMARK [3][-]{subsubsection.5.29.2.1}{\376\377\0005\000.\0002\0009\000.\0002\000.\0001\000\040\000c\000o\000m\000p\000l\000e\000x\000F\000u\000n\000c\000i\000o\000n\000a\000l\000T\000e\000s\000t\000\050\000\051}{subsection.5.29.2}% 240
\BOOKMARK [3][-]{subsubsection.5.29.2.2}{\376\377\0005\000.\0002\0009\000.\0002\000.\0002\000\040\000e\000x\000p\000o\000n\000e\000n\000t\000i\000a\000l\000F\000u\000n\000c\000i\000o\000n\000a\000l\000T\000e\000s\000t\000\050\000\051}{subsection.5.29.2}% 241
\BOOKMARK [3][-]{subsubsection.5.29.2.3}{\376\377\0005\000.\0002\0009\000.\0002\000.\0003\000\040\000l\000o\000g\000i\000s\000t\000i\000c\000a\000l\000F\000u\000n\000c\000i\000o\000n\000a\000l\000T\000e\000s\000t\000\050\000\051}{subsection.5.29.2}% 242
\BOOKMARK [1][-]{section.5.30}{\376\377\0005\000.\0003\0000\000\040\000f\000u\000n\000c\000t\000i\000o\000n\000a\000l\000\137\000t\000e\000s\000t\000s\000.\000h}{chapter.5}% 243
\BOOKMARK [1][-]{section.5.31}{\376\377\0005\000.\0003\0001\000\040\000t\000e\000s\000t\000/\000u\000n\000i\000t\000/\000u\000n\000i\000t\000\137\000f\000l\000o\000w\000.\000c\000p\000p\000\040\000F\000i\000l\000e\000\040\000R\000e\000f\000e\000r\000e\000n\000c\000e}{chapter.5}% 244
\BOOKMARK [2][-]{subsection.5.31.1}{\376\377\0005\000.\0003\0001\000.\0001\000\040\000F\000u\000n\000c\000t\000i\000o\000n\000\040\000D\000o\000c\000u\000m\000e\000n\000t\000a\000t\000i\000o\000n}{section.5.31}% 245
\BOOKMARK [3][-]{subsubsection.5.31.1.1}{\376\377\0005\000.\0003\0001\000.\0001\000.\0001\000\040\000r\000u\000n\000\137\000u\000n\000i\000t\000\137\000t\000e\000s\000t\000\137\000F\000l\000o\000w\000\050\000\051}{subsection.5.31.1}% 246
\BOOKMARK [3][-]{subsubsection.5.31.1.2}{\376\377\0005\000.\0003\0001\000.\0001\000.\0002\000\040\000u\000n\000i\000t\000\137\000F\000l\000o\000w\000\137\000c\000o\000n\000s\000t\000r\000u\000c\000t\000o\000r\000\050\000\051}{subsection.5.31.1}% 247
\BOOKMARK [3][-]{subsubsection.5.31.1.3}{\376\377\0005\000.\0003\0001\000.\0001\000.\0003\000\040\000u\000n\000i\000t\000\137\000F\000l\000o\000w\000\137\000d\000e\000s\000t\000r\000u\000c\000t\000o\000r\000\050\000\051}{subsection.5.31.1}% 248
\BOOKMARK [3][-]{subsubsection.5.31.1.4}{\376\377\0005\000.\0003\0001\000.\0001\000.\0004\000\040\000u\000n\000i\000t\000\137\000F\000l\000o\000w\000\137\000g\000e\000t\000D\000e\000s\000t\000i\000n\000a\000t\000i\000o\000n\000\050\000\051}{subsection.5.31.1}% 249
\BOOKMARK [3][-]{subsubsection.5.31.1.5}{\376\377\0005\000.\0003\0001\000.\0001\000.\0005\000\040\000u\000n\000i\000t\000\137\000F\000l\000o\000w\000\137\000g\000e\000t\000S\000o\000u\000r\000c\000e\000\050\000\051}{subsection.5.31.1}% 250
\BOOKMARK [3][-]{subsubsection.5.31.1.6}{\376\377\0005\000.\0003\0001\000.\0001\000.\0006\000\040\000u\000n\000i\000t\000\137\000F\000l\000o\000w\000\137\000o\000p\000e\000r\000a\000t\000o\000r\000\050\000\051}{subsection.5.31.1}% 251
\BOOKMARK [3][-]{subsubsection.5.31.1.7}{\376\377\0005\000.\0003\0001\000.\0001\000.\0007\000\040\000u\000n\000i\000t\000\137\000F\000l\000o\000w\000\137\000s\000e\000t\000D\000e\000s\000t\000i\000n\000a\000t\000i\000o\000n\000\050\000\051}{subsection.5.31.1}% 252
\BOOKMARK [3][-]{subsubsection.5.31.1.8}{\376\377\0005\000.\0003\0001\000.\0001\000.\0008\000\040\000u\000n\000i\000t\000\137\000F\000l\000o\000w\000\137\000s\000e\000t\000S\000o\000u\000r\000c\000e\000\050\000\051}{subsection.5.31.1}% 253
\BOOKMARK [1][-]{section.5.32}{\376\377\0005\000.\0003\0002\000\040\000u\000n\000i\000t\000\137\000f\000l\000o\000w\000.\000c\000p\000p}{chapter.5}% 254
\BOOKMARK [1][-]{section.5.33}{\376\377\0005\000.\0003\0003\000\040\000t\000e\000s\000t\000/\000u\000n\000i\000t\000/\000u\000n\000i\000t\000\137\000f\000l\000o\000w\000.\000h\000\040\000F\000i\000l\000e\000\040\000R\000e\000f\000e\000r\000e\000n\000c\000e}{chapter.5}% 255
\BOOKMARK [2][-]{subsection.5.33.1}{\376\377\0005\000.\0003\0003\000.\0001\000\040\000F\000u\000n\000c\000t\000i\000o\000n\000\040\000D\000o\000c\000u\000m\000e\000n\000t\000a\000t\000i\000o\000n}{section.5.33}% 256
\BOOKMARK [3][-]{subsubsection.5.33.1.1}{\376\377\0005\000.\0003\0003\000.\0001\000.\0001\000\040\000r\000u\000n\000\137\000u\000n\000i\000t\000\137\000t\000e\000s\000t\000\137\000F\000l\000o\000w\000\050\000\051}{subsection.5.33.1}% 257
\BOOKMARK [3][-]{subsubsection.5.33.1.2}{\376\377\0005\000.\0003\0003\000.\0001\000.\0002\000\040\000u\000n\000i\000t\000\137\000F\000l\000o\000w\000\137\000c\000o\000n\000s\000t\000r\000u\000c\000t\000o\000r\000\050\000\051}{subsection.5.33.1}% 258
\BOOKMARK [3][-]{subsubsection.5.33.1.3}{\376\377\0005\000.\0003\0003\000.\0001\000.\0003\000\040\000u\000n\000i\000t\000\137\000F\000l\000o\000w\000\137\000d\000e\000s\000t\000r\000u\000c\000t\000o\000r\000\050\000\051}{subsection.5.33.1}% 259
\BOOKMARK [3][-]{subsubsection.5.33.1.4}{\376\377\0005\000.\0003\0003\000.\0001\000.\0004\000\040\000u\000n\000i\000t\000\137\000F\000l\000o\000w\000\137\000g\000e\000t\000D\000e\000s\000t\000i\000n\000a\000t\000i\000o\000n\000\050\000\051}{subsection.5.33.1}% 260
\BOOKMARK [3][-]{subsubsection.5.33.1.5}{\376\377\0005\000.\0003\0003\000.\0001\000.\0005\000\040\000u\000n\000i\000t\000\137\000F\000l\000o\000w\000\137\000g\000e\000t\000S\000o\000u\000r\000c\000e\000\050\000\051}{subsection.5.33.1}% 261
\BOOKMARK [3][-]{subsubsection.5.33.1.6}{\376\377\0005\000.\0003\0003\000.\0001\000.\0006\000\040\000u\000n\000i\000t\000\137\000F\000l\000o\000w\000\137\000o\000p\000e\000r\000a\000t\000o\000r\000\050\000\051}{subsection.5.33.1}% 262
\BOOKMARK [3][-]{subsubsection.5.33.1.7}{\376\377\0005\000.\0003\0003\000.\0001\000.\0007\000\040\000u\000n\000i\000t\000\137\000F\000l\000o\000w\000\137\000s\000e\000t\000D\000e\000s\000t\000i\000n\000a\000t\000i\000o\000n\000\050\000\051}{subsection.5.33.1}% 263
\BOOKMARK [3][-]{subsubsection.5.33.1.8}{\376\377\0005\000.\0003\0003\000.\0001\000.\0008\000\040\000u\000n\000i\000t\000\137\000F\000l\000o\000w\000\137\000s\000e\000t\000S\000o\000u\000r\000c\000e\000\050\000\051}{subsection.5.33.1}% 264
\BOOKMARK [1][-]{section.5.34}{\376\377\0005\000.\0003\0004\000\040\000u\000n\000i\000t\000\137\000f\000l\000o\000w\000.\000h}{chapter.5}% 265
\BOOKMARK [1][-]{section.5.35}{\376\377\0005\000.\0003\0005\000\040\000t\000e\000s\000t\000/\000u\000n\000i\000t\000/\000u\000n\000i\000t\000\137\000m\000o\000d\000e\000l\000.\000c\000p\000p\000\040\000F\000i\000l\000e\000\040\000R\000e\000f\000e\000r\000e\000n\000c\000e}{chapter.5}% 266
\BOOKMARK [2][-]{subsection.5.35.1}{\376\377\0005\000.\0003\0005\000.\0001\000\040\000F\000u\000n\000c\000t\000i\000o\000n\000\040\000D\000o\000c\000u\000m\000e\000n\000t\000a\000t\000i\000o\000n}{section.5.35}% 267
\BOOKMARK [3][-]{subsubsection.5.35.1.1}{\376\377\0005\000.\0003\0005\000.\0001\000.\0001\000\040\000r\000u\000n\000\137\000u\000n\000i\000t\000\137\000t\000e\000s\000t\000\137\000M\000o\000d\000e\000l\000\050\000\051}{subsection.5.35.1}% 268
\BOOKMARK [3][-]{subsubsection.5.35.1.2}{\376\377\0005\000.\0003\0005\000.\0001\000.\0002\000\040\000u\000n\000i\000t\000\137\000M\000o\000d\000e\000l\000\137\000a\000d\000d\000\137\000F\000l\000o\000w\000\050\000\051}{subsection.5.35.1}% 269
\BOOKMARK [3][-]{subsubsection.5.35.1.3}{\376\377\0005\000.\0003\0005\000.\0001\000.\0003\000\040\000u\000n\000i\000t\000\137\000M\000o\000d\000e\000l\000\137\000a\000d\000d\000\137\000S\000y\000s\000t\000e\000m\000\050\000\051}{subsection.5.35.1}% 270
\BOOKMARK [3][-]{subsubsection.5.35.1.4}{\376\377\0005\000.\0003\0005\000.\0001\000.\0004\000\040\000u\000n\000i\000t\000\137\000M\000o\000d\000e\000l\000\137\000c\000o\000n\000s\000t\000r\000u\000c\000t\000o\000r\000\050\000\051}{subsection.5.35.1}% 271
\BOOKMARK [3][-]{subsubsection.5.35.1.5}{\376\377\0005\000.\0003\0005\000.\0001\000.\0005\000\040\000u\000n\000i\000t\000\137\000M\000o\000d\000e\000l\000\137\000d\000e\000s\000t\000r\000u\000c\000t\000o\000r\000\050\000\051}{subsection.5.35.1}% 272
\BOOKMARK [3][-]{subsubsection.5.35.1.6}{\376\377\0005\000.\0003\0005\000.\0001\000.\0006\000\040\000u\000n\000i\000t\000\137\000M\000o\000d\000e\000l\000\137\000r\000u\000n\000\050\000\051}{subsection.5.35.1}% 273
\BOOKMARK [1][-]{section.5.36}{\376\377\0005\000.\0003\0006\000\040\000u\000n\000i\000t\000\137\000m\000o\000d\000e\000l\000.\000c\000p\000p}{chapter.5}% 274
\BOOKMARK [1][-]{section.5.37}{\376\377\0005\000.\0003\0007\000\040\000t\000e\000s\000t\000/\000u\000n\000i\000t\000/\000u\000n\000i\000t\000\137\000m\000o\000d\000e\000l\000.\000h\000\040\000F\000i\000l\000e\000\040\000R\000e\000f\000e\000r\000e\000n\000c\000e}{chapter.5}% 275
\BOOKMARK [2][-]{subsection.5.37.1}{\376\377\0005\000.\0003\0007\000.\0001\000\040\000M\000a\000c\000r\000o\000\040\000D\000e\000f\000i\000n\000i\000t\000i\000o\000n\000\040\000D\000o\000c\000u\000m\000e\000n\000t\000a\000t\000i\000o\000n}{section.5.37}% 276
\BOOKMARK [3][-]{subsubsection.5.37.1.1}{\376\377\0005\000.\0003\0007\000.\0001\000.\0001\000\040\000E\000X\000P\000O\000N\000E\000N\000T\000I\000A\000L}{subsection.5.37.1}% 277
\BOOKMARK [3][-]{subsubsection.5.37.1.2}{\376\377\0005\000.\0003\0007\000.\0001\000.\0002\000\040\000L\000O\000G\000I\000S\000T\000I\000C}{subsection.5.37.1}% 278
\BOOKMARK [2][-]{subsection.5.37.2}{\376\377\0005\000.\0003\0007\000.\0002\000\040\000F\000u\000n\000c\000t\000i\000o\000n\000\040\000D\000o\000c\000u\000m\000e\000n\000t\000a\000t\000i\000o\000n}{section.5.37}% 279
\BOOKMARK [3][-]{subsubsection.5.37.2.1}{\376\377\0005\000.\0003\0007\000.\0002\000.\0001\000\040\000r\000u\000n\000\137\000u\000n\000i\000t\000\137\000t\000e\000s\000t\000\137\000M\000o\000d\000e\000l\000\050\000\051}{subsection.5.37.2}% 280
\BOOKMARK [3][-]{subsubsection.5.37.2.2}{\376\377\0005\000.\0003\0007\000.\0002\000.\0002\000\040\000u\000n\000i\000t\000\137\000M\000o\000d\000e\000l\000\137\000a\000d\000d\000\137\000F\000l\000o\000w\000\050\000\051}{subsection.5.37.2}% 281
\BOOKMARK [3][-]{subsubsection.5.37.2.3}{\376\377\0005\000.\0003\0007\000.\0002\000.\0003\000\040\000u\000n\000i\000t\000\137\000M\000o\000d\000e\000l\000\137\000a\000d\000d\000\137\000S\000y\000s\000t\000e\000m\000\050\000\051}{subsection.5.37.2}% 282
\BOOKMARK [3][-]{subsubsection.5.37.2.4}{\376\377\0005\000.\0003\0007\000.\0002\000.\0004\000\040\000u\000n\000i\000t\000\137\000M\000o\000d\000e\000l\000\137\000c\000o\000n\000s\000t\000r\000u\000c\000t\000o\000r\000\050\000\051}{subsection.5.37.2}% 283
\BOOKMARK [3][-]{subsubsection.5.37.2.5}{\376\377\0005\000.\0003\0007\000.\0002\000.\0005\000\040\000u\000n\000i\000t\000\137\000M\000o\000d\000e\000l\000\137\000d\000e\000s\000t\000r\000u\000c\000t\000o\000r\000\050\000\051}{subsection.5.37.2}% 284
\BOOKMARK [3][-]{subsubsection.5.37.2.6}{\376\377\0005\000.\0003\0007\000.\0002\000.\0006\000\040\000u\000n\000i\000t\000\137\000M\000o\000d\000e\000l\000\137\000r\000u\000n\000\050\000\051}{subsection.5.37.2}% 285
\BOOKMARK [1][-]{section.5.38}{\376\377\0005\000.\0003\0008\000\040\000u\000n\000i\000t\000\137\000m\000o\000d\000e\000l\000.\000h}{chapter.5}% 286
\BOOKMARK [1][-]{section.5.39}{\376\377\0005\000.\0003\0009\000\040\000t\000e\000s\000t\000/\000u\000n\000i\000t\000/\000u\000n\000i\000t\000\137\000s\000y\000s\000t\000e\000m\000.\000c\000p\000p\000\040\000F\000i\000l\000e\000\040\000R\000e\000f\000e\000r\000e\000n\000c\000e}{chapter.5}% 287
\BOOKMARK [2][-]{subsection.5.39.1}{\376\377\0005\000.\0003\0009\000.\0001\000\040\000F\000u\000n\000c\000t\000i\000o\000n\000\040\000D\000o\000c\000u\000m\000e\000n\000t\000a\000t\000i\000o\000n}{section.5.39}% 288
\BOOKMARK [3][-]{subsubsection.5.39.1.1}{\376\377\0005\000.\0003\0009\000.\0001\000.\0001\000\040\000r\000u\000n\000\137\000u\000n\000i\000t\000\137\000t\000e\000s\000t\000\137\000S\000y\000s\000t\000e\000m\000\050\000\051}{subsection.5.39.1}% 289
\BOOKMARK [3][-]{subsubsection.5.39.1.2}{\376\377\0005\000.\0003\0009\000.\0001\000.\0002\000\040\000u\000n\000i\000t\000\137\000S\000y\000s\000t\000e\000m\000\137\000c\000o\000n\000s\000t\000r\000u\000c\000t\000o\000r\000\050\000\051}{subsection.5.39.1}% 290
\BOOKMARK [3][-]{subsubsection.5.39.1.3}{\376\377\0005\000.\0003\0009\000.\0001\000.\0003\000\040\000u\000n\000i\000t\000\137\000S\000y\000s\000t\000e\000m\000\137\000d\000e\000s\000t\000r\000u\000c\000t\000o\000r\000\050\000\051}{subsection.5.39.1}% 291
\BOOKMARK [3][-]{subsubsection.5.39.1.4}{\376\377\0005\000.\0003\0009\000.\0001\000.\0004\000\040\000u\000n\000i\000t\000\137\000S\000y\000s\000t\000e\000m\000\137\000g\000e\000t\000N\000a\000m\000e\000\050\000\051}{subsection.5.39.1}% 292
\BOOKMARK [3][-]{subsubsection.5.39.1.5}{\376\377\0005\000.\0003\0009\000.\0001\000.\0005\000\040\000u\000n\000i\000t\000\137\000S\000y\000s\000t\000e\000m\000\137\000g\000e\000t\000V\000a\000l\000u\000e\000\050\000\051}{subsection.5.39.1}% 293
\BOOKMARK [3][-]{subsubsection.5.39.1.6}{\376\377\0005\000.\0003\0009\000.\0001\000.\0006\000\040\000u\000n\000i\000t\000\137\000S\000y\000s\000t\000e\000m\000\137\000o\000p\000e\000r\000a\000t\000o\000r\000\050\000\051}{subsection.5.39.1}% 294
\BOOKMARK [3][-]{subsubsection.5.39.1.7}{\376\377\0005\000.\0003\0009\000.\0001\000.\0007\000\040\000u\000n\000i\000t\000\137\000S\000y\000s\000t\000e\000m\000\137\000s\000e\000t\000N\000a\000m\000e\000\050\000\051}{subsection.5.39.1}% 295
\BOOKMARK [3][-]{subsubsection.5.39.1.8}{\376\377\0005\000.\0003\0009\000.\0001\000.\0008\000\040\000u\000n\000i\000t\000\137\000S\000y\000s\000t\000e\000m\000\137\000s\000e\000t\000V\000a\000l\000u\000e\000\050\000\051}{subsection.5.39.1}% 296
\BOOKMARK [1][-]{section.5.40}{\376\377\0005\000.\0004\0000\000\040\000u\000n\000i\000t\000\137\000s\000y\000s\000t\000e\000m\000.\000c\000p\000p}{chapter.5}% 297
\BOOKMARK [1][-]{section.5.41}{\376\377\0005\000.\0004\0001\000\040\000t\000e\000s\000t\000/\000u\000n\000i\000t\000/\000u\000n\000i\000t\000\137\000s\000y\000s\000t\000e\000m\000.\000h\000\040\000F\000i\000l\000e\000\040\000R\000e\000f\000e\000r\000e\000n\000c\000e}{chapter.5}% 298
\BOOKMARK [2][-]{subsection.5.41.1}{\376\377\0005\000.\0004\0001\000.\0001\000\040\000F\000u\000n\000c\000t\000i\000o\000n\000\040\000D\000o\000c\000u\000m\000e\000n\000t\000a\000t\000i\000o\000n}{section.5.41}% 299
\BOOKMARK [3][-]{subsubsection.5.41.1.1}{\376\377\0005\000.\0004\0001\000.\0001\000.\0001\000\040\000r\000u\000n\000\137\000u\000n\000i\000t\000\137\000t\000e\000s\000t\000\137\000S\000y\000s\000t\000e\000m\000\050\000\051}{subsection.5.41.1}% 300
\BOOKMARK [3][-]{subsubsection.5.41.1.2}{\376\377\0005\000.\0004\0001\000.\0001\000.\0002\000\040\000u\000n\000i\000t\000\137\000S\000y\000s\000t\000e\000m\000\137\000c\000o\000n\000s\000t\000r\000u\000c\000t\000o\000r\000\050\000\051}{subsection.5.41.1}% 301
\BOOKMARK [3][-]{subsubsection.5.41.1.3}{\376\377\0005\000.\0004\0001\000.\0001\000.\0003\000\040\000u\000n\000i\000t\000\137\000S\000y\000s\000t\000e\000m\000\137\000d\000e\000s\000t\000r\000u\000c\000t\000o\000r\000\050\000\051}{subsection.5.41.1}% 302
\BOOKMARK [3][-]{subsubsection.5.41.1.4}{\376\377\0005\000.\0004\0001\000.\0001\000.\0004\000\040\000u\000n\000i\000t\000\137\000S\000y\000s\000t\000e\000m\000\137\000g\000e\000t\000N\000a\000m\000e\000\050\000\051}{subsection.5.41.1}% 303
\BOOKMARK [3][-]{subsubsection.5.41.1.5}{\376\377\0005\000.\0004\0001\000.\0001\000.\0005\000\040\000u\000n\000i\000t\000\137\000S\000y\000s\000t\000e\000m\000\137\000g\000e\000t\000V\000a\000l\000u\000e\000\050\000\051}{subsection.5.41.1}% 304
\BOOKMARK [3][-]{subsubsection.5.41.1.6}{\376\377\0005\000.\0004\0001\000.\0001\000.\0006\000\040\000u\000n\000i\000t\000\137\000S\000y\000s\000t\000e\000m\000\137\000o\000p\000e\000r\000a\000t\000o\000r\000\050\000\051}{subsection.5.41.1}% 305
\BOOKMARK [3][-]{subsubsection.5.41.1.7}{\376\377\0005\000.\0004\0001\000.\0001\000.\0007\000\040\000u\000n\000i\000t\000\137\000S\000y\000s\000t\000e\000m\000\137\000s\000e\000t\000N\000a\000m\000e\000\050\000\051}{subsection.5.41.1}% 306
\BOOKMARK [3][-]{subsubsection.5.41.1.8}{\376\377\0005\000.\0004\0001\000.\0001\000.\0008\000\040\000u\000n\000i\000t\000\137\000S\000y\000s\000t\000e\000m\000\137\000s\000e\000t\000V\000a\000l\000u\000e\000\050\000\051}{subsection.5.41.1}% 307
\BOOKMARK [1][-]{section.5.42}{\376\377\0005\000.\0004\0002\000\040\000u\000n\000i\000t\000\137\000s\000y\000s\000t\000e\000m\000.\000h}{chapter.5}% 308
\BOOKMARK [1][-]{section.5.43}{\376\377\0005\000.\0004\0003\000\040\000t\000e\000s\000t\000/\000u\000n\000i\000t\000/\000u\000n\000i\000t\000\137\000t\000e\000s\000t\000s\000.\000c\000p\000p\000\040\000F\000i\000l\000e\000\040\000R\000e\000f\000e\000r\000e\000n\000c\000e}{chapter.5}% 309
\BOOKMARK [1][-]{section.5.44}{\376\377\0005\000.\0004\0004\000\040\000u\000n\000i\000t\000\137\000t\000e\000s\000t\000s\000.\000c\000p\000p}{chapter.5}% 310
\BOOKMARK [1][-]{section.5.45}{\376\377\0005\000.\0004\0005\000\040\000t\000e\000s\000t\000/\000u\000n\000i\000t\000/\000u\000n\000i\000t\000\137\000t\000e\000s\000t\000s\000.\000h\000\040\000F\000i\000l\000e\000\040\000R\000e\000f\000e\000r\000e\000n\000c\000e}{chapter.5}% 311
\BOOKMARK [1][-]{section.5.46}{\376\377\0005\000.\0004\0006\000\040\000u\000n\000i\000t\000\137\000t\000e\000s\000t\000s\000.\000h}{chapter.5}% 312
\BOOKMARK [0][-]{section*.117}{\376\377\000I\000n\000d\000e\000x}{}% 313
