\BOOKMARK [0][-]{chapter.1}{\376\377\0001\000\040\000H\000i\000e\000r\000a\000r\000c\000h\000i\000c\000a\000l\000\040\000I\000n\000d\000e\000x}{}% 1
\BOOKMARK [1][-]{section.1.1}{\376\377\0001\000.\0001\000\040\000C\000l\000a\000s\000s\000\040\000H\000i\000e\000r\000a\000r\000c\000h\000y}{chapter.1}% 2
\BOOKMARK [0][-]{chapter.2}{\376\377\0002\000\040\000C\000l\000a\000s\000s\000\040\000I\000n\000d\000e\000x}{}% 3
\BOOKMARK [1][-]{section.2.1}{\376\377\0002\000.\0001\000\040\000C\000l\000a\000s\000s\000\040\000L\000i\000s\000t}{chapter.2}% 4
\BOOKMARK [0][-]{chapter.3}{\376\377\0003\000\040\000F\000i\000l\000e\000\040\000I\000n\000d\000e\000x}{}% 5
\BOOKMARK [1][-]{section.3.1}{\376\377\0003\000.\0001\000\040\000F\000i\000l\000e\000\040\000L\000i\000s\000t}{chapter.3}% 6
\BOOKMARK [0][-]{chapter.4}{\376\377\0004\000\040\000C\000l\000a\000s\000s\000\040\000D\000o\000c\000u\000m\000e\000n\000t\000a\000t\000i\000o\000n}{}% 7
\BOOKMARK [1][-]{section.4.1}{\376\377\0004\000.\0001\000\040\000E\000x\000p\000o\000n\000e\000n\000t\000i\000a\000l\000\040\000C\000l\000a\000s\000s\000\040\000R\000e\000f\000e\000r\000e\000n\000c\000e}{chapter.4}% 8
\BOOKMARK [2][-]{subsection.4.1.1}{\376\377\0004\000.\0001\000.\0001\000\040\000D\000e\000t\000a\000i\000l\000e\000d\000\040\000D\000e\000s\000c\000r\000i\000p\000t\000i\000o\000n}{section.4.1}% 9
\BOOKMARK [2][-]{subsection.4.1.2}{\376\377\0004\000.\0001\000.\0002\000\040\000C\000o\000n\000s\000t\000r\000u\000c\000t\000o\000r\000\040\000\046\000\040\000D\000e\000s\000t\000r\000u\000c\000t\000o\000r\000\040\000D\000o\000c\000u\000m\000e\000n\000t\000a\000t\000i\000o\000n}{section.4.1}% 10
\BOOKMARK [3][-]{subsubsection.4.1.2.1}{\376\377\0004\000.\0001\000.\0002\000.\0001\000\040\000E\000x\000p\000o\000n\000e\000n\000t\000i\000a\000l\000\050\000\051\000\040\000[\0001\000/\0002\000]}{subsection.4.1.2}% 11
\BOOKMARK [3][-]{subsubsection.4.1.2.2}{\376\377\0004\000.\0001\000.\0002\000.\0002\000\040\000E\000x\000p\000o\000n\000e\000n\000t\000i\000a\000l\000\050\000\051\000\040\000[\0002\000/\0002\000]}{subsection.4.1.2}% 12
\BOOKMARK [2][-]{subsection.4.1.3}{\376\377\0004\000.\0001\000.\0003\000\040\000M\000e\000m\000b\000e\000r\000\040\000F\000u\000n\000c\000t\000i\000o\000n\000\040\000D\000o\000c\000u\000m\000e\000n\000t\000a\000t\000i\000o\000n}{section.4.1}% 13
\BOOKMARK [3][-]{subsubsection.4.1.3.1}{\376\377\0004\000.\0001\000.\0003\000.\0001\000\040\000r\000u\000n\000\050\000\051}{subsection.4.1.3}% 14
\BOOKMARK [1][-]{section.4.2}{\376\377\0004\000.\0002\000\040\000F\000l\000o\000w\000\040\000C\000l\000a\000s\000s\000\040\000R\000e\000f\000e\000r\000e\000n\000c\000e}{chapter.4}% 15
\BOOKMARK [2][-]{subsection.4.2.1}{\376\377\0004\000.\0002\000.\0001\000\040\000D\000e\000t\000a\000i\000l\000e\000d\000\040\000D\000e\000s\000c\000r\000i\000p\000t\000i\000o\000n}{section.4.2}% 16
\BOOKMARK [2][-]{subsection.4.2.2}{\376\377\0004\000.\0002\000.\0002\000\040\000C\000o\000n\000s\000t\000r\000u\000c\000t\000o\000r\000\040\000\046\000\040\000D\000e\000s\000t\000r\000u\000c\000t\000o\000r\000\040\000D\000o\000c\000u\000m\000e\000n\000t\000a\000t\000i\000o\000n}{section.4.2}% 17
\BOOKMARK [3][-]{subsubsection.4.2.2.1}{\376\377\0004\000.\0002\000.\0002\000.\0001\000\040\000\040\000F\000l\000o\000w\000\050\000\051}{subsection.4.2.2}% 18
\BOOKMARK [2][-]{subsection.4.2.3}{\376\377\0004\000.\0002\000.\0003\000\040\000M\000e\000m\000b\000e\000r\000\040\000F\000u\000n\000c\000t\000i\000o\000n\000\040\000D\000o\000c\000u\000m\000e\000n\000t\000a\000t\000i\000o\000n}{section.4.2}% 19
\BOOKMARK [3][-]{subsubsection.4.2.3.1}{\376\377\0004\000.\0002\000.\0003\000.\0001\000\040\000g\000e\000t\000D\000e\000s\000t\000i\000n\000a\000t\000i\000o\000n\000\050\000\051}{subsection.4.2.3}% 20
\BOOKMARK [3][-]{subsubsection.4.2.3.2}{\376\377\0004\000.\0002\000.\0003\000.\0002\000\040\000g\000e\000t\000S\000o\000u\000r\000c\000e\000\050\000\051}{subsection.4.2.3}% 21
\BOOKMARK [3][-]{subsubsection.4.2.3.3}{\376\377\0004\000.\0002\000.\0003\000.\0003\000\040\000o\000p\000e\000r\000a\000t\000o\000r\000=\000\050\000\051}{subsection.4.2.3}% 22
\BOOKMARK [3][-]{subsubsection.4.2.3.4}{\376\377\0004\000.\0002\000.\0003\000.\0004\000\040\000r\000u\000n\000\050\000\051}{subsection.4.2.3}% 23
\BOOKMARK [3][-]{subsubsection.4.2.3.5}{\376\377\0004\000.\0002\000.\0003\000.\0005\000\040\000s\000e\000t\000D\000e\000s\000t\000i\000n\000a\000t\000i\000o\000n\000\050\000\051}{subsection.4.2.3}% 24
\BOOKMARK [3][-]{subsubsection.4.2.3.6}{\376\377\0004\000.\0002\000.\0003\000.\0006\000\040\000s\000e\000t\000S\000o\000u\000r\000c\000e\000s\000\050\000\051}{subsection.4.2.3}% 25
\BOOKMARK [1][-]{section.4.3}{\376\377\0004\000.\0003\000\040\000F\000l\000o\000w\000\137\000I\000m\000p\000\040\000C\000l\000a\000s\000s\000\040\000R\000e\000f\000e\000r\000e\000n\000c\000e}{chapter.4}% 26
\BOOKMARK [2][-]{subsection.4.3.1}{\376\377\0004\000.\0003\000.\0001\000\040\000D\000e\000t\000a\000i\000l\000e\000d\000\040\000D\000e\000s\000c\000r\000i\000p\000t\000i\000o\000n}{section.4.3}% 27
\BOOKMARK [2][-]{subsection.4.3.2}{\376\377\0004\000.\0003\000.\0002\000\040\000C\000o\000n\000s\000t\000r\000u\000c\000t\000o\000r\000\040\000\046\000\040\000D\000e\000s\000t\000r\000u\000c\000t\000o\000r\000\040\000D\000o\000c\000u\000m\000e\000n\000t\000a\000t\000i\000o\000n}{section.4.3}% 28
\BOOKMARK [3][-]{subsubsection.4.3.2.1}{\376\377\0004\000.\0003\000.\0002\000.\0001\000\040\000F\000l\000o\000w\000\137\000I\000m\000p\000\050\000\051\000\040\000[\0001\000/\0002\000]}{subsection.4.3.2}% 29
\BOOKMARK [3][-]{subsubsection.4.3.2.2}{\376\377\0004\000.\0003\000.\0002\000.\0002\000\040\000F\000l\000o\000w\000\137\000I\000m\000p\000\050\000\051\000\040\000[\0002\000/\0002\000]}{subsection.4.3.2}% 30
\BOOKMARK [3][-]{subsubsection.4.3.2.3}{\376\377\0004\000.\0003\000.\0002\000.\0003\000\040\000\040\000F\000l\000o\000w\000\137\000I\000m\000p\000\050\000\051}{subsection.4.3.2}% 31
\BOOKMARK [2][-]{subsection.4.3.3}{\376\377\0004\000.\0003\000.\0003\000\040\000M\000e\000m\000b\000e\000r\000\040\000F\000u\000n\000c\000t\000i\000o\000n\000\040\000D\000o\000c\000u\000m\000e\000n\000t\000a\000t\000i\000o\000n}{section.4.3}% 32
\BOOKMARK [3][-]{subsubsection.4.3.3.1}{\376\377\0004\000.\0003\000.\0003\000.\0001\000\040\000g\000e\000t\000D\000e\000s\000t\000i\000n\000a\000t\000i\000o\000n\000\050\000\051}{subsection.4.3.3}% 33
\BOOKMARK [3][-]{subsubsection.4.3.3.2}{\376\377\0004\000.\0003\000.\0003\000.\0002\000\040\000g\000e\000t\000S\000o\000u\000r\000c\000e\000\050\000\051}{subsection.4.3.3}% 34
\BOOKMARK [3][-]{subsubsection.4.3.3.3}{\376\377\0004\000.\0003\000.\0003\000.\0003\000\040\000o\000p\000e\000r\000a\000t\000o\000r\000=\000\050\000\051}{subsection.4.3.3}% 35
\BOOKMARK [3][-]{subsubsection.4.3.3.4}{\376\377\0004\000.\0003\000.\0003\000.\0004\000\040\000r\000u\000n\000\050\000\051}{subsection.4.3.3}% 36
\BOOKMARK [3][-]{subsubsection.4.3.3.5}{\376\377\0004\000.\0003\000.\0003\000.\0005\000\040\000s\000e\000t\000D\000e\000s\000t\000i\000n\000a\000t\000i\000o\000n\000\050\000\051}{subsection.4.3.3}% 37
\BOOKMARK [3][-]{subsubsection.4.3.3.6}{\376\377\0004\000.\0003\000.\0003\000.\0006\000\040\000s\000e\000t\000S\000o\000u\000r\000c\000e\000s\000\050\000\051}{subsection.4.3.3}% 38
\BOOKMARK [2][-]{subsection.4.3.4}{\376\377\0004\000.\0003\000.\0004\000\040\000M\000e\000m\000b\000e\000r\000\040\000D\000a\000t\000a\000\040\000D\000o\000c\000u\000m\000e\000n\000t\000a\000t\000i\000o\000n}{section.4.3}% 39
\BOOKMARK [3][-]{subsubsection.4.3.4.1}{\376\377\0004\000.\0003\000.\0004\000.\0001\000\040\000d\000e\000s\000t\000i\000n\000a\000t\000i\000o\000n}{subsection.4.3.4}% 40
\BOOKMARK [3][-]{subsubsection.4.3.4.2}{\376\377\0004\000.\0003\000.\0004\000.\0002\000\040\000s\000o\000u\000r\000c\000e}{subsection.4.3.4}% 41
\BOOKMARK [1][-]{section.4.4}{\376\377\0004\000.\0004\000\040\000F\000l\000o\000w\000U\000n\000i\000t\000\040\000C\000l\000a\000s\000s\000\040\000R\000e\000f\000e\000r\000e\000n\000c\000e}{chapter.4}% 42
\BOOKMARK [2][-]{subsection.4.4.1}{\376\377\0004\000.\0004\000.\0001\000\040\000D\000e\000t\000a\000i\000l\000e\000d\000\040\000D\000e\000s\000c\000r\000i\000p\000t\000i\000o\000n}{section.4.4}% 43
\BOOKMARK [1][-]{section.4.5}{\376\377\0004\000.\0005\000\040\000L\000o\000g\000i\000s\000t\000i\000c\000\040\000C\000l\000a\000s\000s\000\040\000R\000e\000f\000e\000r\000e\000n\000c\000e}{chapter.4}% 44
\BOOKMARK [2][-]{subsection.4.5.1}{\376\377\0004\000.\0005\000.\0001\000\040\000D\000e\000t\000a\000i\000l\000e\000d\000\040\000D\000e\000s\000c\000r\000i\000p\000t\000i\000o\000n}{section.4.5}% 45
\BOOKMARK [2][-]{subsection.4.5.2}{\376\377\0004\000.\0005\000.\0002\000\040\000C\000o\000n\000s\000t\000r\000u\000c\000t\000o\000r\000\040\000\046\000\040\000D\000e\000s\000t\000r\000u\000c\000t\000o\000r\000\040\000D\000o\000c\000u\000m\000e\000n\000t\000a\000t\000i\000o\000n}{section.4.5}% 46
\BOOKMARK [3][-]{subsubsection.4.5.2.1}{\376\377\0004\000.\0005\000.\0002\000.\0001\000\040\000L\000o\000g\000i\000s\000t\000i\000c\000\050\000\051\000\040\000[\0001\000/\0002\000]}{subsection.4.5.2}% 47
\BOOKMARK [3][-]{subsubsection.4.5.2.2}{\376\377\0004\000.\0005\000.\0002\000.\0002\000\040\000L\000o\000g\000i\000s\000t\000i\000c\000\050\000\051\000\040\000[\0002\000/\0002\000]}{subsection.4.5.2}% 48
\BOOKMARK [2][-]{subsection.4.5.3}{\376\377\0004\000.\0005\000.\0003\000\040\000M\000e\000m\000b\000e\000r\000\040\000F\000u\000n\000c\000t\000i\000o\000n\000\040\000D\000o\000c\000u\000m\000e\000n\000t\000a\000t\000i\000o\000n}{section.4.5}% 49
\BOOKMARK [3][-]{subsubsection.4.5.3.1}{\376\377\0004\000.\0005\000.\0003\000.\0001\000\040\000r\000u\000n\000\050\000\051}{subsection.4.5.3}% 50
\BOOKMARK [1][-]{section.4.6}{\376\377\0004\000.\0006\000\040\000M\000o\000d\000e\000l\000\040\000C\000l\000a\000s\000s\000\040\000R\000e\000f\000e\000r\000e\000n\000c\000e}{chapter.4}% 51
\BOOKMARK [2][-]{subsection.4.6.1}{\376\377\0004\000.\0006\000.\0001\000\040\000D\000e\000t\000a\000i\000l\000e\000d\000\040\000D\000e\000s\000c\000r\000i\000p\000t\000i\000o\000n}{section.4.6}% 52
\BOOKMARK [2][-]{subsection.4.6.2}{\376\377\0004\000.\0006\000.\0002\000\040\000C\000o\000n\000s\000t\000r\000u\000c\000t\000o\000r\000\040\000\046\000\040\000D\000e\000s\000t\000r\000u\000c\000t\000o\000r\000\040\000D\000o\000c\000u\000m\000e\000n\000t\000a\000t\000i\000o\000n}{section.4.6}% 53
\BOOKMARK [3][-]{subsubsection.4.6.2.1}{\376\377\0004\000.\0006\000.\0002\000.\0001\000\040\000\040\000M\000o\000d\000e\000l\000\050\000\051}{subsection.4.6.2}% 54
\BOOKMARK [2][-]{subsection.4.6.3}{\376\377\0004\000.\0006\000.\0003\000\040\000M\000e\000m\000b\000e\000r\000\040\000F\000u\000n\000c\000t\000i\000o\000n\000\040\000D\000o\000c\000u\000m\000e\000n\000t\000a\000t\000i\000o\000n}{section.4.6}% 55
\BOOKMARK [3][-]{subsubsection.4.6.3.1}{\376\377\0004\000.\0006\000.\0003\000.\0001\000\040\000c\000r\000e\000a\000t\000e\000F\000l\000o\000w\000\050\000\051}{subsection.4.6.3}% 56
\BOOKMARK [3][-]{subsubsection.4.6.3.2}{\376\377\0004\000.\0006\000.\0003\000.\0002\000\040\000c\000r\000e\000a\000t\000e\000M\000o\000d\000e\000l\000\050\000\051}{subsection.4.6.3}% 57
\BOOKMARK [3][-]{subsubsection.4.6.3.3}{\376\377\0004\000.\0006\000.\0003\000.\0003\000\040\000c\000r\000e\000a\000t\000e\000S\000y\000s\000t\000e\000m\000\050\000\051}{subsection.4.6.3}% 58
\BOOKMARK [3][-]{subsubsection.4.6.3.4}{\376\377\0004\000.\0006\000.\0003\000.\0004\000\040\000g\000e\000t\000F\000l\000o\000w\000s\000\050\000\051}{subsection.4.6.3}% 59
\BOOKMARK [3][-]{subsubsection.4.6.3.5}{\376\377\0004\000.\0006\000.\0003\000.\0005\000\040\000g\000e\000t\000S\000y\000s\000t\000e\000m\000\050\000\051}{subsection.4.6.3}% 60
\BOOKMARK [3][-]{subsubsection.4.6.3.6}{\376\377\0004\000.\0006\000.\0003\000.\0006\000\040\000o\000p\000e\000r\000a\000t\000o\000r\000=\000\050\000\051}{subsection.4.6.3}% 61
\BOOKMARK [3][-]{subsubsection.4.6.3.7}{\376\377\0004\000.\0006\000.\0003\000.\0007\000\040\000r\000u\000n\000\050\000\051}{subsection.4.6.3}% 62
\BOOKMARK [1][-]{section.4.7}{\376\377\0004\000.\0007\000\040\000M\000o\000d\000e\000l\000\137\000I\000m\000p\000\040\000C\000l\000a\000s\000s\000\040\000R\000e\000f\000e\000r\000e\000n\000c\000e}{chapter.4}% 63
\BOOKMARK [2][-]{subsection.4.7.1}{\376\377\0004\000.\0007\000.\0001\000\040\000D\000e\000t\000a\000i\000l\000e\000d\000\040\000D\000e\000s\000c\000r\000i\000p\000t\000i\000o\000n}{section.4.7}% 64
\BOOKMARK [2][-]{subsection.4.7.2}{\376\377\0004\000.\0007\000.\0002\000\040\000C\000o\000n\000s\000t\000r\000u\000c\000t\000o\000r\000\040\000\046\000\040\000D\000e\000s\000t\000r\000u\000c\000t\000o\000r\000\040\000D\000o\000c\000u\000m\000e\000n\000t\000a\000t\000i\000o\000n}{section.4.7}% 65
\BOOKMARK [3][-]{subsubsection.4.7.2.1}{\376\377\0004\000.\0007\000.\0002\000.\0001\000\040\000M\000o\000d\000e\000l\000\137\000I\000m\000p\000\050\000\051\000\040\000[\0001\000/\0002\000]}{subsection.4.7.2}% 66
\BOOKMARK [3][-]{subsubsection.4.7.2.2}{\376\377\0004\000.\0007\000.\0002\000.\0002\000\040\000M\000o\000d\000e\000l\000\137\000I\000m\000p\000\050\000\051\000\040\000[\0002\000/\0002\000]}{subsection.4.7.2}% 67
\BOOKMARK [3][-]{subsubsection.4.7.2.3}{\376\377\0004\000.\0007\000.\0002\000.\0003\000\040\000\040\000M\000o\000d\000e\000l\000\137\000I\000m\000p\000\050\000\051}{subsection.4.7.2}% 68
\BOOKMARK [2][-]{subsection.4.7.3}{\376\377\0004\000.\0007\000.\0003\000\040\000M\000e\000m\000b\000e\000r\000\040\000F\000u\000n\000c\000t\000i\000o\000n\000\040\000D\000o\000c\000u\000m\000e\000n\000t\000a\000t\000i\000o\000n}{section.4.7}% 69
\BOOKMARK [3][-]{subsubsection.4.7.3.1}{\376\377\0004\000.\0007\000.\0003\000.\0001\000\040\000c\000r\000e\000a\000t\000e\000M\000o\000d\000e\000l\000\050\000\051}{subsection.4.7.3}% 70
\BOOKMARK [3][-]{subsubsection.4.7.3.2}{\376\377\0004\000.\0007\000.\0003\000.\0002\000\040\000c\000r\000e\000a\000t\000e\000S\000y\000s\000t\000e\000m\000\050\000\051}{subsection.4.7.3}% 71
\BOOKMARK [3][-]{subsubsection.4.7.3.3}{\376\377\0004\000.\0007\000.\0003\000.\0003\000\040\000g\000e\000t\000F\000l\000o\000w\000s\000\050\000\051}{subsection.4.7.3}% 72
\BOOKMARK [3][-]{subsubsection.4.7.3.4}{\376\377\0004\000.\0007\000.\0003\000.\0004\000\040\000g\000e\000t\000S\000y\000s\000t\000e\000m\000\050\000\051}{subsection.4.7.3}% 73
\BOOKMARK [3][-]{subsubsection.4.7.3.5}{\376\377\0004\000.\0007\000.\0003\000.\0005\000\040\000o\000p\000e\000r\000a\000t\000o\000r\000=\000\050\000\051}{subsection.4.7.3}% 74
\BOOKMARK [3][-]{subsubsection.4.7.3.6}{\376\377\0004\000.\0007\000.\0003\000.\0006\000\040\000r\000u\000n\000\050\000\051}{subsection.4.7.3}% 75
\BOOKMARK [2][-]{subsection.4.7.4}{\376\377\0004\000.\0007\000.\0004\000\040\000M\000e\000m\000b\000e\000r\000\040\000D\000a\000t\000a\000\040\000D\000o\000c\000u\000m\000e\000n\000t\000a\000t\000i\000o\000n}{section.4.7}% 76
\BOOKMARK [3][-]{subsubsection.4.7.4.1}{\376\377\0004\000.\0007\000.\0004\000.\0001\000\040\000f\000l\000o\000w\000s}{subsection.4.7.4}% 77
\BOOKMARK [3][-]{subsubsection.4.7.4.2}{\376\377\0004\000.\0007\000.\0004\000.\0002\000\040\000m\000o\000d\000e\000l\000s}{subsection.4.7.4}% 78
\BOOKMARK [3][-]{subsubsection.4.7.4.3}{\376\377\0004\000.\0007\000.\0004\000.\0003\000\040\000s\000y\000s\000t\000e\000m\000s}{subsection.4.7.4}% 79
\BOOKMARK [1][-]{section.4.8}{\376\377\0004\000.\0008\000\040\000S\000y\000s\000t\000e\000m\000\040\000C\000l\000a\000s\000s\000\040\000R\000e\000f\000e\000r\000e\000n\000c\000e}{chapter.4}% 80
\BOOKMARK [2][-]{subsection.4.8.1}{\376\377\0004\000.\0008\000.\0001\000\040\000D\000e\000t\000a\000i\000l\000e\000d\000\040\000D\000e\000s\000c\000r\000i\000p\000t\000i\000o\000n}{section.4.8}% 81
\BOOKMARK [2][-]{subsection.4.8.2}{\376\377\0004\000.\0008\000.\0002\000\040\000C\000o\000n\000s\000t\000r\000u\000c\000t\000o\000r\000\040\000\046\000\040\000D\000e\000s\000t\000r\000u\000c\000t\000o\000r\000\040\000D\000o\000c\000u\000m\000e\000n\000t\000a\000t\000i\000o\000n}{section.4.8}% 82
\BOOKMARK [3][-]{subsubsection.4.8.2.1}{\376\377\0004\000.\0008\000.\0002\000.\0001\000\040\000\040\000S\000y\000s\000t\000e\000m\000\050\000\051}{subsection.4.8.2}% 83
\BOOKMARK [2][-]{subsection.4.8.3}{\376\377\0004\000.\0008\000.\0003\000\040\000M\000e\000m\000b\000e\000r\000\040\000F\000u\000n\000c\000t\000i\000o\000n\000\040\000D\000o\000c\000u\000m\000e\000n\000t\000a\000t\000i\000o\000n}{section.4.8}% 84
\BOOKMARK [3][-]{subsubsection.4.8.3.1}{\376\377\0004\000.\0008\000.\0003\000.\0001\000\040\000g\000e\000t\000N\000a\000m\000e\000\050\000\051}{subsection.4.8.3}% 85
\BOOKMARK [3][-]{subsubsection.4.8.3.2}{\376\377\0004\000.\0008\000.\0003\000.\0002\000\040\000g\000e\000t\000V\000a\000l\000u\000e\000\050\000\051}{subsection.4.8.3}% 86
\BOOKMARK [3][-]{subsubsection.4.8.3.3}{\376\377\0004\000.\0008\000.\0003\000.\0003\000\040\000o\000p\000e\000r\000a\000t\000o\000r\000=\000\050\000\051}{subsection.4.8.3}% 87
\BOOKMARK [3][-]{subsubsection.4.8.3.4}{\376\377\0004\000.\0008\000.\0003\000.\0004\000\040\000s\000e\000t\000N\000a\000m\000e\000\050\000\051}{subsection.4.8.3}% 88
\BOOKMARK [3][-]{subsubsection.4.8.3.5}{\376\377\0004\000.\0008\000.\0003\000.\0005\000\040\000s\000e\000t\000V\000a\000l\000u\000e\000\050\000\051}{subsection.4.8.3}% 89
\BOOKMARK [1][-]{section.4.9}{\376\377\0004\000.\0009\000\040\000S\000y\000s\000t\000e\000m\000\137\000I\000m\000p\000\040\000C\000l\000a\000s\000s\000\040\000R\000e\000f\000e\000r\000e\000n\000c\000e}{chapter.4}% 90
\BOOKMARK [2][-]{subsection.4.9.1}{\376\377\0004\000.\0009\000.\0001\000\040\000D\000e\000t\000a\000i\000l\000e\000d\000\040\000D\000e\000s\000c\000r\000i\000p\000t\000i\000o\000n}{section.4.9}% 91
\BOOKMARK [2][-]{subsection.4.9.2}{\376\377\0004\000.\0009\000.\0002\000\040\000C\000o\000n\000s\000t\000r\000u\000c\000t\000o\000r\000\040\000\046\000\040\000D\000e\000s\000t\000r\000u\000c\000t\000o\000r\000\040\000D\000o\000c\000u\000m\000e\000n\000t\000a\000t\000i\000o\000n}{section.4.9}% 92
\BOOKMARK [3][-]{subsubsection.4.9.2.1}{\376\377\0004\000.\0009\000.\0002\000.\0001\000\040\000S\000y\000s\000t\000e\000m\000\137\000I\000m\000p\000\050\000\051\000\040\000[\0001\000/\0002\000]}{subsection.4.9.2}% 93
\BOOKMARK [3][-]{subsubsection.4.9.2.2}{\376\377\0004\000.\0009\000.\0002\000.\0002\000\040\000S\000y\000s\000t\000e\000m\000\137\000I\000m\000p\000\050\000\051\000\040\000[\0002\000/\0002\000]}{subsection.4.9.2}% 94
\BOOKMARK [3][-]{subsubsection.4.9.2.3}{\376\377\0004\000.\0009\000.\0002\000.\0003\000\040\000\040\000S\000y\000s\000t\000e\000m\000\137\000I\000m\000p\000\050\000\051}{subsection.4.9.2}% 95
\BOOKMARK [2][-]{subsection.4.9.3}{\376\377\0004\000.\0009\000.\0003\000\040\000M\000e\000m\000b\000e\000r\000\040\000F\000u\000n\000c\000t\000i\000o\000n\000\040\000D\000o\000c\000u\000m\000e\000n\000t\000a\000t\000i\000o\000n}{section.4.9}% 96
\BOOKMARK [3][-]{subsubsection.4.9.3.1}{\376\377\0004\000.\0009\000.\0003\000.\0001\000\040\000g\000e\000t\000N\000a\000m\000e\000\050\000\051}{subsection.4.9.3}% 97
\BOOKMARK [3][-]{subsubsection.4.9.3.2}{\376\377\0004\000.\0009\000.\0003\000.\0002\000\040\000g\000e\000t\000V\000a\000l\000u\000e\000\050\000\051}{subsection.4.9.3}% 98
\BOOKMARK [3][-]{subsubsection.4.9.3.3}{\376\377\0004\000.\0009\000.\0003\000.\0003\000\040\000o\000p\000e\000r\000a\000t\000o\000r\000=\000\050\000\051}{subsection.4.9.3}% 99
\BOOKMARK [3][-]{subsubsection.4.9.3.4}{\376\377\0004\000.\0009\000.\0003\000.\0004\000\040\000s\000e\000t\000N\000a\000m\000e\000\050\000\051}{subsection.4.9.3}% 100
\BOOKMARK [3][-]{subsubsection.4.9.3.5}{\376\377\0004\000.\0009\000.\0003\000.\0005\000\040\000s\000e\000t\000V\000a\000l\000u\000e\000\050\000\051}{subsection.4.9.3}% 101
\BOOKMARK [2][-]{subsection.4.9.4}{\376\377\0004\000.\0009\000.\0004\000\040\000M\000e\000m\000b\000e\000r\000\040\000D\000a\000t\000a\000\040\000D\000o\000c\000u\000m\000e\000n\000t\000a\000t\000i\000o\000n}{section.4.9}% 102
\BOOKMARK [3][-]{subsubsection.4.9.4.1}{\376\377\0004\000.\0009\000.\0004\000.\0001\000\040\000n\000a\000m\000e}{subsection.4.9.4}% 103
\BOOKMARK [3][-]{subsubsection.4.9.4.2}{\376\377\0004\000.\0009\000.\0004\000.\0002\000\040\000v\000a\000l\000u\000e}{subsection.4.9.4}% 104
\BOOKMARK [0][-]{chapter.5}{\376\377\0005\000\040\000F\000i\000l\000e\000\040\000D\000o\000c\000u\000m\000e\000n\000t\000a\000t\000i\000o\000n}{}% 105
\BOOKMARK [1][-]{section.5.1}{\376\377\0005\000.\0001\000\040\000s\000r\000c\000/\000l\000i\000b\000/\000f\000l\000o\000w\000.\000h\000\040\000F\000i\000l\000e\000\040\000R\000e\000f\000e\000r\000e\000n\000c\000e}{chapter.5}% 106
\BOOKMARK [1][-]{section.5.2}{\376\377\0005\000.\0002\000\040\000f\000l\000o\000w\000.\000h}{chapter.5}% 107
\BOOKMARK [1][-]{section.5.3}{\376\377\0005\000.\0003\000\040\000s\000r\000c\000/\000l\000i\000b\000/\000f\000l\000o\000w\000\137\000I\000m\000p\000.\000c\000p\000p\000\040\000F\000i\000l\000e\000\040\000R\000e\000f\000e\000r\000e\000n\000c\000e}{chapter.5}% 108
\BOOKMARK [1][-]{section.5.4}{\376\377\0005\000.\0004\000\040\000f\000l\000o\000w\000\137\000I\000m\000p\000.\000c\000p\000p}{chapter.5}% 109
\BOOKMARK [1][-]{section.5.5}{\376\377\0005\000.\0005\000\040\000s\000r\000c\000/\000l\000i\000b\000/\000f\000l\000o\000w\000\137\000I\000m\000p\000.\000h\000\040\000F\000i\000l\000e\000\040\000R\000e\000f\000e\000r\000e\000n\000c\000e}{chapter.5}% 110
\BOOKMARK [1][-]{section.5.6}{\376\377\0005\000.\0006\000\040\000f\000l\000o\000w\000\137\000I\000m\000p\000.\000h}{chapter.5}% 111
\BOOKMARK [1][-]{section.5.7}{\376\377\0005\000.\0007\000\040\000s\000r\000c\000/\000l\000i\000b\000/\000f\000l\000o\000w\000\137\000u\000n\000i\000t\000.\000h\000\040\000F\000i\000l\000e\000\040\000R\000e\000f\000e\000r\000e\000n\000c\000e}{chapter.5}% 112
\BOOKMARK [1][-]{section.5.8}{\376\377\0005\000.\0008\000\040\000f\000l\000o\000w\000\137\000u\000n\000i\000t\000.\000h}{chapter.5}% 113
\BOOKMARK [1][-]{section.5.9}{\376\377\0005\000.\0009\000\040\000s\000r\000c\000/\000l\000i\000b\000/\000m\000o\000d\000e\000l\000.\000h\000\040\000F\000i\000l\000e\000\040\000R\000e\000f\000e\000r\000e\000n\000c\000e}{chapter.5}% 114
\BOOKMARK [1][-]{section.5.10}{\376\377\0005\000.\0001\0000\000\040\000m\000o\000d\000e\000l\000.\000h}{chapter.5}% 115
\BOOKMARK [1][-]{section.5.11}{\376\377\0005\000.\0001\0001\000\040\000s\000r\000c\000/\000l\000i\000b\000/\000m\000o\000d\000e\000l\000\137\000I\000m\000p\000.\000c\000p\000p\000\040\000F\000i\000l\000e\000\040\000R\000e\000f\000e\000r\000e\000n\000c\000e}{chapter.5}% 116
\BOOKMARK [1][-]{section.5.12}{\376\377\0005\000.\0001\0002\000\040\000m\000o\000d\000e\000l\000\137\000I\000m\000p\000.\000c\000p\000p}{chapter.5}% 117
\BOOKMARK [1][-]{section.5.13}{\376\377\0005\000.\0001\0003\000\040\000s\000r\000c\000/\000l\000i\000b\000/\000m\000o\000d\000e\000l\000\137\000I\000m\000p\000.\000h\000\040\000F\000i\000l\000e\000\040\000R\000e\000f\000e\000r\000e\000n\000c\000e}{chapter.5}% 118
\BOOKMARK [1][-]{section.5.14}{\376\377\0005\000.\0001\0004\000\040\000m\000o\000d\000e\000l\000\137\000I\000m\000p\000.\000h}{chapter.5}% 119
\BOOKMARK [1][-]{section.5.15}{\376\377\0005\000.\0001\0005\000\040\000s\000r\000c\000/\000l\000i\000b\000/\000m\000y\000S\000i\000m\000.\000c\000p\000p\000\040\000F\000i\000l\000e\000\040\000R\000e\000f\000e\000r\000e\000n\000c\000e}{chapter.5}% 120
\BOOKMARK [1][-]{section.5.16}{\376\377\0005\000.\0001\0006\000\040\000m\000y\000S\000i\000m\000.\000c\000p\000p}{chapter.5}% 121
\BOOKMARK [1][-]{section.5.17}{\376\377\0005\000.\0001\0007\000\040\000s\000r\000c\000/\000l\000i\000b\000/\000m\000y\000S\000l\000i\000m\000.\000h\000\040\000F\000i\000l\000e\000\040\000R\000e\000f\000e\000r\000e\000n\000c\000e}{chapter.5}% 122
\BOOKMARK [1][-]{section.5.18}{\376\377\0005\000.\0001\0008\000\040\000m\000y\000S\000l\000i\000m\000.\000h}{chapter.5}% 123
\BOOKMARK [1][-]{section.5.19}{\376\377\0005\000.\0001\0009\000\040\000s\000r\000c\000/\000l\000i\000b\000/\000s\000y\000s\000t\000e\000m\000.\000h\000\040\000F\000i\000l\000e\000\040\000R\000e\000f\000e\000r\000e\000n\000c\000e}{chapter.5}% 124
\BOOKMARK [1][-]{section.5.20}{\376\377\0005\000.\0002\0000\000\040\000s\000y\000s\000t\000e\000m\000.\000h}{chapter.5}% 125
\BOOKMARK [1][-]{section.5.21}{\376\377\0005\000.\0002\0001\000\040\000s\000r\000c\000/\000l\000i\000b\000/\000s\000y\000s\000t\000e\000m\000\137\000I\000m\000p\000.\000c\000p\000p\000\040\000F\000i\000l\000e\000\040\000R\000e\000f\000e\000r\000e\000n\000c\000e}{chapter.5}% 126
\BOOKMARK [1][-]{section.5.22}{\376\377\0005\000.\0002\0002\000\040\000s\000y\000s\000t\000e\000m\000\137\000I\000m\000p\000.\000c\000p\000p}{chapter.5}% 127
\BOOKMARK [1][-]{section.5.23}{\376\377\0005\000.\0002\0003\000\040\000s\000r\000c\000/\000l\000i\000b\000/\000s\000y\000s\000t\000e\000m\000\137\000I\000m\000p\000.\000h\000\040\000F\000i\000l\000e\000\040\000R\000e\000f\000e\000r\000e\000n\000c\000e}{chapter.5}% 128
\BOOKMARK [1][-]{section.5.24}{\376\377\0005\000.\0002\0004\000\040\000s\000y\000s\000t\000e\000m\000\137\000I\000m\000p\000.\000h}{chapter.5}% 129
\BOOKMARK [1][-]{section.5.25}{\376\377\0005\000.\0002\0005\000\040\000s\000r\000c\000/\000m\000a\000i\000n\000.\000c\000p\000p\000\040\000F\000i\000l\000e\000\040\000R\000e\000f\000e\000r\000e\000n\000c\000e}{chapter.5}% 130
\BOOKMARK [2][-]{subsection.5.25.1}{\376\377\0005\000.\0002\0005\000.\0001\000\040\000F\000u\000n\000c\000t\000i\000o\000n\000\040\000D\000o\000c\000u\000m\000e\000n\000t\000a\000t\000i\000o\000n}{section.5.25}% 131
\BOOKMARK [3][-]{subsubsection.5.25.1.1}{\376\377\0005\000.\0002\0005\000.\0001\000.\0001\000\040\000m\000a\000i\000n\000\050\000\051}{subsection.5.25.1}% 132
\BOOKMARK [1][-]{section.5.26}{\376\377\0005\000.\0002\0006\000\040\000m\000a\000i\000n\000.\000c\000p\000p}{chapter.5}% 133
\BOOKMARK [1][-]{section.5.27}{\376\377\0005\000.\0002\0007\000\040\000t\000e\000s\000t\000/\000f\000u\000n\000c\000t\000i\000o\000n\000a\000l\000/\000m\000a\000i\000n\000.\000c\000p\000p\000\040\000F\000i\000l\000e\000\040\000R\000e\000f\000e\000r\000e\000n\000c\000e}{chapter.5}% 134
\BOOKMARK [2][-]{subsection.5.27.1}{\376\377\0005\000.\0002\0007\000.\0001\000\040\000F\000u\000n\000c\000t\000i\000o\000n\000\040\000D\000o\000c\000u\000m\000e\000n\000t\000a\000t\000i\000o\000n}{section.5.27}% 135
\BOOKMARK [3][-]{subsubsection.5.27.1.1}{\376\377\0005\000.\0002\0007\000.\0001\000.\0001\000\040\000m\000a\000i\000n\000\050\000\051}{subsection.5.27.1}% 136
\BOOKMARK [1][-]{section.5.28}{\376\377\0005\000.\0002\0008\000\040\000m\000a\000i\000n\000.\000c\000p\000p}{chapter.5}% 137
\BOOKMARK [1][-]{section.5.29}{\376\377\0005\000.\0002\0009\000\040\000t\000e\000s\000t\000/\000u\000n\000i\000t\000/\000m\000a\000i\000n\000.\000c\000p\000p\000\040\000F\000i\000l\000e\000\040\000R\000e\000f\000e\000r\000e\000n\000c\000e}{chapter.5}% 138
\BOOKMARK [2][-]{subsection.5.29.1}{\376\377\0005\000.\0002\0009\000.\0001\000\040\000F\000u\000n\000c\000t\000i\000o\000n\000\040\000D\000o\000c\000u\000m\000e\000n\000t\000a\000t\000i\000o\000n}{section.5.29}% 139
\BOOKMARK [3][-]{subsubsection.5.29.1.1}{\376\377\0005\000.\0002\0009\000.\0001\000.\0001\000\040\000m\000a\000i\000n\000\050\000\051}{subsection.5.29.1}% 140
\BOOKMARK [1][-]{section.5.30}{\376\377\0005\000.\0003\0000\000\040\000m\000a\000i\000n\000.\000c\000p\000p}{chapter.5}% 141
\BOOKMARK [1][-]{section.5.31}{\376\377\0005\000.\0003\0001\000\040\000t\000e\000s\000t\000/\000f\000u\000n\000c\000t\000i\000o\000n\000a\000l\000/\000f\000u\000n\000c\000t\000i\000o\000n\000a\000l\000\137\000t\000e\000s\000t\000s\000.\000c\000p\000p\000\040\000F\000i\000l\000e\000\040\000R\000e\000f\000e\000r\000e\000n\000c\000e}{chapter.5}% 142
\BOOKMARK [2][-]{subsection.5.31.1}{\376\377\0005\000.\0003\0001\000.\0001\000\040\000F\000u\000n\000c\000t\000i\000o\000n\000\040\000D\000o\000c\000u\000m\000e\000n\000t\000a\000t\000i\000o\000n}{section.5.31}% 143
\BOOKMARK [3][-]{subsubsection.5.31.1.1}{\376\377\0005\000.\0003\0001\000.\0001\000.\0001\000\040\000c\000o\000m\000p\000l\000e\000x\000F\000u\000n\000c\000i\000o\000n\000a\000l\000T\000e\000s\000t\000\050\000\051}{subsection.5.31.1}% 144
\BOOKMARK [3][-]{subsubsection.5.31.1.2}{\376\377\0005\000.\0003\0001\000.\0001\000.\0002\000\040\000e\000x\000p\000o\000n\000e\000n\000t\000i\000a\000l\000F\000u\000n\000c\000i\000o\000n\000a\000l\000T\000e\000s\000t\000\050\000\051}{subsection.5.31.1}% 145
\BOOKMARK [3][-]{subsubsection.5.31.1.3}{\376\377\0005\000.\0003\0001\000.\0001\000.\0003\000\040\000l\000o\000g\000i\000s\000t\000i\000c\000a\000l\000F\000u\000n\000c\000i\000o\000n\000a\000l\000T\000e\000s\000t\000\050\000\051}{subsection.5.31.1}% 146
\BOOKMARK [1][-]{section.5.32}{\376\377\0005\000.\0003\0002\000\040\000f\000u\000n\000c\000t\000i\000o\000n\000a\000l\000\137\000t\000e\000s\000t\000s\000.\000c\000p\000p}{chapter.5}% 147
\BOOKMARK [1][-]{section.5.33}{\376\377\0005\000.\0003\0003\000\040\000t\000e\000s\000t\000/\000f\000u\000n\000c\000t\000i\000o\000n\000a\000l\000/\000f\000u\000n\000c\000t\000i\000o\000n\000a\000l\000\137\000t\000e\000s\000t\000s\000.\000h\000\040\000F\000i\000l\000e\000\040\000R\000e\000f\000e\000r\000e\000n\000c\000e}{chapter.5}% 148
\BOOKMARK [2][-]{subsection.5.33.1}{\376\377\0005\000.\0003\0003\000.\0001\000\040\000F\000u\000n\000c\000t\000i\000o\000n\000\040\000D\000o\000c\000u\000m\000e\000n\000t\000a\000t\000i\000o\000n}{section.5.33}% 149
\BOOKMARK [3][-]{subsubsection.5.33.1.1}{\376\377\0005\000.\0003\0003\000.\0001\000.\0001\000\040\000c\000o\000m\000p\000l\000e\000x\000F\000u\000n\000c\000i\000o\000n\000a\000l\000T\000e\000s\000t\000\050\000\051}{subsection.5.33.1}% 150
\BOOKMARK [3][-]{subsubsection.5.33.1.2}{\376\377\0005\000.\0003\0003\000.\0001\000.\0002\000\040\000e\000x\000p\000o\000n\000e\000n\000t\000i\000a\000l\000F\000u\000n\000c\000i\000o\000n\000a\000l\000T\000e\000s\000t\000\050\000\051}{subsection.5.33.1}% 151
\BOOKMARK [3][-]{subsubsection.5.33.1.3}{\376\377\0005\000.\0003\0003\000.\0001\000.\0003\000\040\000l\000o\000g\000i\000s\000t\000i\000c\000a\000l\000F\000u\000n\000c\000i\000o\000n\000a\000l\000T\000e\000s\000t\000\050\000\051}{subsection.5.33.1}% 152
\BOOKMARK [1][-]{section.5.34}{\376\377\0005\000.\0003\0004\000\040\000f\000u\000n\000c\000t\000i\000o\000n\000a\000l\000\137\000t\000e\000s\000t\000s\000.\000h}{chapter.5}% 153
\BOOKMARK [1][-]{section.5.35}{\376\377\0005\000.\0003\0005\000\040\000t\000e\000s\000t\000/\000u\000n\000i\000t\000/\000m\000e\000m\000\137\000u\000s\000a\000g\000e\000.\000c\000p\000p\000\040\000F\000i\000l\000e\000\040\000R\000e\000f\000e\000r\000e\000n\000c\000e}{chapter.5}% 154
\BOOKMARK [2][-]{subsection.5.35.1}{\376\377\0005\000.\0003\0005\000.\0001\000\040\000F\000u\000n\000c\000t\000i\000o\000n\000\040\000D\000o\000c\000u\000m\000e\000n\000t\000a\000t\000i\000o\000n}{section.5.35}% 155
\BOOKMARK [3][-]{subsubsection.5.35.1.1}{\376\377\0005\000.\0003\0005\000.\0001\000.\0001\000\040\000m\000e\000m\000\137\000u\000s\000a\000g\000e\000\050\000\051}{subsection.5.35.1}% 156
\BOOKMARK [1][-]{section.5.36}{\376\377\0005\000.\0003\0006\000\040\000m\000e\000m\000\137\000u\000s\000a\000g\000e\000.\000c\000p\000p}{chapter.5}% 157
\BOOKMARK [1][-]{section.5.37}{\376\377\0005\000.\0003\0007\000\040\000t\000e\000s\000t\000/\000u\000n\000i\000t\000/\000m\000e\000m\000\137\000u\000s\000a\000g\000e\000.\000h\000\040\000F\000i\000l\000e\000\040\000R\000e\000f\000e\000r\000e\000n\000c\000e}{chapter.5}% 158
\BOOKMARK [2][-]{subsection.5.37.1}{\376\377\0005\000.\0003\0007\000.\0001\000\040\000F\000u\000n\000c\000t\000i\000o\000n\000\040\000D\000o\000c\000u\000m\000e\000n\000t\000a\000t\000i\000o\000n}{section.5.37}% 159
\BOOKMARK [3][-]{subsubsection.5.37.1.1}{\376\377\0005\000.\0003\0007\000.\0001\000.\0001\000\040\000m\000e\000m\000\137\000u\000s\000a\000g\000e\000\050\000\051}{subsection.5.37.1}% 160
\BOOKMARK [1][-]{section.5.38}{\376\377\0005\000.\0003\0008\000\040\000m\000e\000m\000\137\000u\000s\000a\000g\000e\000.\000h}{chapter.5}% 161
\BOOKMARK [1][-]{section.5.39}{\376\377\0005\000.\0003\0009\000\040\000t\000e\000s\000t\000/\000u\000n\000i\000t\000/\000u\000n\000i\000t\000\137\000f\000l\000o\000w\000.\000c\000p\000p\000\040\000F\000i\000l\000e\000\040\000R\000e\000f\000e\000r\000e\000n\000c\000e}{chapter.5}% 162
\BOOKMARK [2][-]{subsection.5.39.1}{\376\377\0005\000.\0003\0009\000.\0001\000\040\000F\000u\000n\000c\000t\000i\000o\000n\000\040\000D\000o\000c\000u\000m\000e\000n\000t\000a\000t\000i\000o\000n}{section.5.39}% 163
\BOOKMARK [3][-]{subsubsection.5.39.1.1}{\376\377\0005\000.\0003\0009\000.\0001\000.\0001\000\040\000r\000u\000n\000\137\000u\000n\000i\000t\000\137\000t\000e\000s\000t\000\137\000F\000l\000o\000w\000\050\000\051}{subsection.5.39.1}% 164
\BOOKMARK [3][-]{subsubsection.5.39.1.2}{\376\377\0005\000.\0003\0009\000.\0001\000.\0002\000\040\000u\000n\000i\000t\000\137\000F\000l\000o\000w\000\137\000c\000o\000n\000s\000t\000r\000u\000c\000t\000o\000r\000\050\000\051}{subsection.5.39.1}% 165
\BOOKMARK [3][-]{subsubsection.5.39.1.3}{\376\377\0005\000.\0003\0009\000.\0001\000.\0003\000\040\000u\000n\000i\000t\000\137\000F\000l\000o\000w\000\137\000d\000e\000s\000t\000r\000u\000c\000t\000o\000r\000\050\000\051}{subsection.5.39.1}% 166
\BOOKMARK [3][-]{subsubsection.5.39.1.4}{\376\377\0005\000.\0003\0009\000.\0001\000.\0004\000\040\000u\000n\000i\000t\000\137\000F\000l\000o\000w\000\137\000g\000e\000t\000D\000e\000s\000t\000i\000n\000a\000t\000i\000o\000n\000\050\000\051}{subsection.5.39.1}% 167
\BOOKMARK [3][-]{subsubsection.5.39.1.5}{\376\377\0005\000.\0003\0009\000.\0001\000.\0005\000\040\000u\000n\000i\000t\000\137\000F\000l\000o\000w\000\137\000g\000e\000t\000S\000o\000u\000r\000c\000e\000\050\000\051}{subsection.5.39.1}% 168
\BOOKMARK [3][-]{subsubsection.5.39.1.6}{\376\377\0005\000.\0003\0009\000.\0001\000.\0006\000\040\000u\000n\000i\000t\000\137\000F\000l\000o\000w\000\137\000o\000p\000e\000r\000a\000t\000o\000r\000\050\000\051}{subsection.5.39.1}% 169
\BOOKMARK [3][-]{subsubsection.5.39.1.7}{\376\377\0005\000.\0003\0009\000.\0001\000.\0007\000\040\000u\000n\000i\000t\000\137\000F\000l\000o\000w\000\137\000s\000e\000t\000D\000e\000s\000t\000i\000n\000a\000t\000i\000o\000n\000\050\000\051}{subsection.5.39.1}% 170
\BOOKMARK [3][-]{subsubsection.5.39.1.8}{\376\377\0005\000.\0003\0009\000.\0001\000.\0008\000\040\000u\000n\000i\000t\000\137\000F\000l\000o\000w\000\137\000s\000e\000t\000S\000o\000u\000r\000c\000e\000\050\000\051}{subsection.5.39.1}% 171
\BOOKMARK [1][-]{section.5.40}{\376\377\0005\000.\0004\0000\000\040\000u\000n\000i\000t\000\137\000f\000l\000o\000w\000.\000c\000p\000p}{chapter.5}% 172
\BOOKMARK [1][-]{section.5.41}{\376\377\0005\000.\0004\0001\000\040\000t\000e\000s\000t\000/\000u\000n\000i\000t\000/\000u\000n\000i\000t\000\137\000f\000l\000o\000w\000.\000h\000\040\000F\000i\000l\000e\000\040\000R\000e\000f\000e\000r\000e\000n\000c\000e}{chapter.5}% 173
\BOOKMARK [2][-]{subsection.5.41.1}{\376\377\0005\000.\0004\0001\000.\0001\000\040\000F\000u\000n\000c\000t\000i\000o\000n\000\040\000D\000o\000c\000u\000m\000e\000n\000t\000a\000t\000i\000o\000n}{section.5.41}% 174
\BOOKMARK [3][-]{subsubsection.5.41.1.1}{\376\377\0005\000.\0004\0001\000.\0001\000.\0001\000\040\000r\000u\000n\000\137\000u\000n\000i\000t\000\137\000t\000e\000s\000t\000\137\000F\000l\000o\000w\000\050\000\051}{subsection.5.41.1}% 175
\BOOKMARK [3][-]{subsubsection.5.41.1.2}{\376\377\0005\000.\0004\0001\000.\0001\000.\0002\000\040\000u\000n\000i\000t\000\137\000F\000l\000o\000w\000\137\000c\000o\000n\000s\000t\000r\000u\000c\000t\000o\000r\000\050\000\051}{subsection.5.41.1}% 176
\BOOKMARK [3][-]{subsubsection.5.41.1.3}{\376\377\0005\000.\0004\0001\000.\0001\000.\0003\000\040\000u\000n\000i\000t\000\137\000F\000l\000o\000w\000\137\000d\000e\000s\000t\000r\000u\000c\000t\000o\000r\000\050\000\051}{subsection.5.41.1}% 177
\BOOKMARK [3][-]{subsubsection.5.41.1.4}{\376\377\0005\000.\0004\0001\000.\0001\000.\0004\000\040\000u\000n\000i\000t\000\137\000F\000l\000o\000w\000\137\000g\000e\000t\000D\000e\000s\000t\000i\000n\000a\000t\000i\000o\000n\000\050\000\051}{subsection.5.41.1}% 178
\BOOKMARK [3][-]{subsubsection.5.41.1.5}{\376\377\0005\000.\0004\0001\000.\0001\000.\0005\000\040\000u\000n\000i\000t\000\137\000F\000l\000o\000w\000\137\000g\000e\000t\000S\000o\000u\000r\000c\000e\000\050\000\051}{subsection.5.41.1}% 179
\BOOKMARK [3][-]{subsubsection.5.41.1.6}{\376\377\0005\000.\0004\0001\000.\0001\000.\0006\000\040\000u\000n\000i\000t\000\137\000F\000l\000o\000w\000\137\000o\000p\000e\000r\000a\000t\000o\000r\000\050\000\051}{subsection.5.41.1}% 180
\BOOKMARK [3][-]{subsubsection.5.41.1.7}{\376\377\0005\000.\0004\0001\000.\0001\000.\0007\000\040\000u\000n\000i\000t\000\137\000F\000l\000o\000w\000\137\000s\000e\000t\000D\000e\000s\000t\000i\000n\000a\000t\000i\000o\000n\000\050\000\051}{subsection.5.41.1}% 181
\BOOKMARK [3][-]{subsubsection.5.41.1.8}{\376\377\0005\000.\0004\0001\000.\0001\000.\0008\000\040\000u\000n\000i\000t\000\137\000F\000l\000o\000w\000\137\000s\000e\000t\000S\000o\000u\000r\000c\000e\000\050\000\051}{subsection.5.41.1}% 182
\BOOKMARK [1][-]{section.5.42}{\376\377\0005\000.\0004\0002\000\040\000u\000n\000i\000t\000\137\000f\000l\000o\000w\000.\000h}{chapter.5}% 183
\BOOKMARK [1][-]{section.5.43}{\376\377\0005\000.\0004\0003\000\040\000t\000e\000s\000t\000/\000u\000n\000i\000t\000/\000u\000n\000i\000t\000\137\000m\000o\000d\000e\000l\000.\000c\000p\000p\000\040\000F\000i\000l\000e\000\040\000R\000e\000f\000e\000r\000e\000n\000c\000e}{chapter.5}% 184
\BOOKMARK [2][-]{subsection.5.43.1}{\376\377\0005\000.\0004\0003\000.\0001\000\040\000F\000u\000n\000c\000t\000i\000o\000n\000\040\000D\000o\000c\000u\000m\000e\000n\000t\000a\000t\000i\000o\000n}{section.5.43}% 185
\BOOKMARK [3][-]{subsubsection.5.43.1.1}{\376\377\0005\000.\0004\0003\000.\0001\000.\0001\000\040\000r\000u\000n\000\137\000u\000n\000i\000t\000\137\000t\000e\000s\000t\000\137\000M\000o\000d\000e\000l\000\050\000\051}{subsection.5.43.1}% 186
\BOOKMARK [3][-]{subsubsection.5.43.1.2}{\376\377\0005\000.\0004\0003\000.\0001\000.\0002\000\040\000u\000n\000i\000t\000\137\000M\000o\000d\000e\000l\000\137\000a\000d\000d\000\137\000F\000l\000o\000w\000\050\000\051}{subsection.5.43.1}% 187
\BOOKMARK [3][-]{subsubsection.5.43.1.3}{\376\377\0005\000.\0004\0003\000.\0001\000.\0003\000\040\000u\000n\000i\000t\000\137\000M\000o\000d\000e\000l\000\137\000a\000d\000d\000\137\000S\000y\000s\000t\000e\000m\000\050\000\051}{subsection.5.43.1}% 188
\BOOKMARK [3][-]{subsubsection.5.43.1.4}{\376\377\0005\000.\0004\0003\000.\0001\000.\0004\000\040\000u\000n\000i\000t\000\137\000M\000o\000d\000e\000l\000\137\000c\000o\000n\000s\000t\000r\000u\000c\000t\000o\000r\000\050\000\051}{subsection.5.43.1}% 189
\BOOKMARK [3][-]{subsubsection.5.43.1.5}{\376\377\0005\000.\0004\0003\000.\0001\000.\0005\000\040\000u\000n\000i\000t\000\137\000M\000o\000d\000e\000l\000\137\000d\000e\000s\000t\000r\000u\000c\000t\000o\000r\000\050\000\051}{subsection.5.43.1}% 190
\BOOKMARK [3][-]{subsubsection.5.43.1.6}{\376\377\0005\000.\0004\0003\000.\0001\000.\0006\000\040\000u\000n\000i\000t\000\137\000M\000o\000d\000e\000l\000\137\000r\000u\000n\000\050\000\051}{subsection.5.43.1}% 191
\BOOKMARK [1][-]{section.5.44}{\376\377\0005\000.\0004\0004\000\040\000u\000n\000i\000t\000\137\000m\000o\000d\000e\000l\000.\000c\000p\000p}{chapter.5}% 192
\BOOKMARK [1][-]{section.5.45}{\376\377\0005\000.\0004\0005\000\040\000t\000e\000s\000t\000/\000u\000n\000i\000t\000/\000u\000n\000i\000t\000\137\000m\000o\000d\000e\000l\000.\000h\000\040\000F\000i\000l\000e\000\040\000R\000e\000f\000e\000r\000e\000n\000c\000e}{chapter.5}% 193
\BOOKMARK [2][-]{subsection.5.45.1}{\376\377\0005\000.\0004\0005\000.\0001\000\040\000F\000u\000n\000c\000t\000i\000o\000n\000\040\000D\000o\000c\000u\000m\000e\000n\000t\000a\000t\000i\000o\000n}{section.5.45}% 194
\BOOKMARK [3][-]{subsubsection.5.45.1.1}{\376\377\0005\000.\0004\0005\000.\0001\000.\0001\000\040\000r\000u\000n\000\137\000u\000n\000i\000t\000\137\000t\000e\000s\000t\000\137\000M\000o\000d\000e\000l\000\050\000\051}{subsection.5.45.1}% 195
\BOOKMARK [3][-]{subsubsection.5.45.1.2}{\376\377\0005\000.\0004\0005\000.\0001\000.\0002\000\040\000u\000n\000i\000t\000\137\000M\000o\000d\000e\000l\000\137\000a\000d\000d\000\137\000F\000l\000o\000w\000\050\000\051}{subsection.5.45.1}% 196
\BOOKMARK [3][-]{subsubsection.5.45.1.3}{\376\377\0005\000.\0004\0005\000.\0001\000.\0003\000\040\000u\000n\000i\000t\000\137\000M\000o\000d\000e\000l\000\137\000a\000d\000d\000\137\000S\000y\000s\000t\000e\000m\000\050\000\051}{subsection.5.45.1}% 197
\BOOKMARK [3][-]{subsubsection.5.45.1.4}{\376\377\0005\000.\0004\0005\000.\0001\000.\0004\000\040\000u\000n\000i\000t\000\137\000M\000o\000d\000e\000l\000\137\000c\000o\000n\000s\000t\000r\000u\000c\000t\000o\000r\000\050\000\051}{subsection.5.45.1}% 198
\BOOKMARK [3][-]{subsubsection.5.45.1.5}{\376\377\0005\000.\0004\0005\000.\0001\000.\0005\000\040\000u\000n\000i\000t\000\137\000M\000o\000d\000e\000l\000\137\000d\000e\000s\000t\000r\000u\000c\000t\000o\000r\000\050\000\051}{subsection.5.45.1}% 199
\BOOKMARK [3][-]{subsubsection.5.45.1.6}{\376\377\0005\000.\0004\0005\000.\0001\000.\0006\000\040\000u\000n\000i\000t\000\137\000M\000o\000d\000e\000l\000\137\000r\000u\000n\000\050\000\051}{subsection.5.45.1}% 200
\BOOKMARK [1][-]{section.5.46}{\376\377\0005\000.\0004\0006\000\040\000u\000n\000i\000t\000\137\000m\000o\000d\000e\000l\000.\000h}{chapter.5}% 201
\BOOKMARK [1][-]{section.5.47}{\376\377\0005\000.\0004\0007\000\040\000t\000e\000s\000t\000/\000u\000n\000i\000t\000/\000u\000n\000i\000t\000\137\000s\000y\000s\000t\000e\000m\000.\000c\000p\000p\000\040\000F\000i\000l\000e\000\040\000R\000e\000f\000e\000r\000e\000n\000c\000e}{chapter.5}% 202
\BOOKMARK [2][-]{subsection.5.47.1}{\376\377\0005\000.\0004\0007\000.\0001\000\040\000F\000u\000n\000c\000t\000i\000o\000n\000\040\000D\000o\000c\000u\000m\000e\000n\000t\000a\000t\000i\000o\000n}{section.5.47}% 203
\BOOKMARK [3][-]{subsubsection.5.47.1.1}{\376\377\0005\000.\0004\0007\000.\0001\000.\0001\000\040\000r\000u\000n\000\137\000u\000n\000i\000t\000\137\000t\000e\000s\000t\000\137\000S\000y\000s\000t\000e\000m\000\050\000\051}{subsection.5.47.1}% 204
\BOOKMARK [3][-]{subsubsection.5.47.1.2}{\376\377\0005\000.\0004\0007\000.\0001\000.\0002\000\040\000u\000n\000i\000t\000\137\000S\000y\000s\000t\000e\000m\000\137\000c\000o\000n\000s\000t\000r\000u\000c\000t\000o\000r\000\050\000\051}{subsection.5.47.1}% 205
\BOOKMARK [3][-]{subsubsection.5.47.1.3}{\376\377\0005\000.\0004\0007\000.\0001\000.\0003\000\040\000u\000n\000i\000t\000\137\000S\000y\000s\000t\000e\000m\000\137\000d\000e\000s\000t\000r\000u\000c\000t\000o\000r\000\050\000\051}{subsection.5.47.1}% 206
\BOOKMARK [3][-]{subsubsection.5.47.1.4}{\376\377\0005\000.\0004\0007\000.\0001\000.\0004\000\040\000u\000n\000i\000t\000\137\000S\000y\000s\000t\000e\000m\000\137\000g\000e\000t\000N\000a\000m\000e\000\050\000\051}{subsection.5.47.1}% 207
\BOOKMARK [3][-]{subsubsection.5.47.1.5}{\376\377\0005\000.\0004\0007\000.\0001\000.\0005\000\040\000u\000n\000i\000t\000\137\000S\000y\000s\000t\000e\000m\000\137\000g\000e\000t\000V\000a\000l\000u\000e\000\050\000\051}{subsection.5.47.1}% 208
\BOOKMARK [3][-]{subsubsection.5.47.1.6}{\376\377\0005\000.\0004\0007\000.\0001\000.\0006\000\040\000u\000n\000i\000t\000\137\000S\000y\000s\000t\000e\000m\000\137\000o\000p\000e\000r\000a\000t\000o\000r\000\050\000\051}{subsection.5.47.1}% 209
\BOOKMARK [3][-]{subsubsection.5.47.1.7}{\376\377\0005\000.\0004\0007\000.\0001\000.\0007\000\040\000u\000n\000i\000t\000\137\000S\000y\000s\000t\000e\000m\000\137\000s\000e\000t\000N\000a\000m\000e\000\050\000\051}{subsection.5.47.1}% 210
\BOOKMARK [3][-]{subsubsection.5.47.1.8}{\376\377\0005\000.\0004\0007\000.\0001\000.\0008\000\040\000u\000n\000i\000t\000\137\000S\000y\000s\000t\000e\000m\000\137\000s\000e\000t\000V\000a\000l\000u\000e\000\050\000\051}{subsection.5.47.1}% 211
\BOOKMARK [1][-]{section.5.48}{\376\377\0005\000.\0004\0008\000\040\000u\000n\000i\000t\000\137\000s\000y\000s\000t\000e\000m\000.\000c\000p\000p}{chapter.5}% 212
\BOOKMARK [1][-]{section.5.49}{\376\377\0005\000.\0004\0009\000\040\000t\000e\000s\000t\000/\000u\000n\000i\000t\000/\000u\000n\000i\000t\000\137\000s\000y\000s\000t\000e\000m\000.\000h\000\040\000F\000i\000l\000e\000\040\000R\000e\000f\000e\000r\000e\000n\000c\000e}{chapter.5}% 213
\BOOKMARK [2][-]{subsection.5.49.1}{\376\377\0005\000.\0004\0009\000.\0001\000\040\000F\000u\000n\000c\000t\000i\000o\000n\000\040\000D\000o\000c\000u\000m\000e\000n\000t\000a\000t\000i\000o\000n}{section.5.49}% 214
\BOOKMARK [3][-]{subsubsection.5.49.1.1}{\376\377\0005\000.\0004\0009\000.\0001\000.\0001\000\040\000r\000u\000n\000\137\000u\000n\000i\000t\000\137\000t\000e\000s\000t\000\137\000S\000y\000s\000t\000e\000m\000\050\000\051}{subsection.5.49.1}% 215
\BOOKMARK [3][-]{subsubsection.5.49.1.2}{\376\377\0005\000.\0004\0009\000.\0001\000.\0002\000\040\000u\000n\000i\000t\000\137\000S\000y\000s\000t\000e\000m\000\137\000c\000o\000n\000s\000t\000r\000u\000c\000t\000o\000r\000\050\000\051}{subsection.5.49.1}% 216
\BOOKMARK [3][-]{subsubsection.5.49.1.3}{\376\377\0005\000.\0004\0009\000.\0001\000.\0003\000\040\000u\000n\000i\000t\000\137\000S\000y\000s\000t\000e\000m\000\137\000d\000e\000s\000t\000r\000u\000c\000t\000o\000r\000\050\000\051}{subsection.5.49.1}% 217
\BOOKMARK [3][-]{subsubsection.5.49.1.4}{\376\377\0005\000.\0004\0009\000.\0001\000.\0004\000\040\000u\000n\000i\000t\000\137\000S\000y\000s\000t\000e\000m\000\137\000g\000e\000t\000N\000a\000m\000e\000\050\000\051}{subsection.5.49.1}% 218
\BOOKMARK [3][-]{subsubsection.5.49.1.5}{\376\377\0005\000.\0004\0009\000.\0001\000.\0005\000\040\000u\000n\000i\000t\000\137\000S\000y\000s\000t\000e\000m\000\137\000g\000e\000t\000V\000a\000l\000u\000e\000\050\000\051}{subsection.5.49.1}% 219
\BOOKMARK [3][-]{subsubsection.5.49.1.6}{\376\377\0005\000.\0004\0009\000.\0001\000.\0006\000\040\000u\000n\000i\000t\000\137\000S\000y\000s\000t\000e\000m\000\137\000o\000p\000e\000r\000a\000t\000o\000r\000\050\000\051}{subsection.5.49.1}% 220
\BOOKMARK [3][-]{subsubsection.5.49.1.7}{\376\377\0005\000.\0004\0009\000.\0001\000.\0007\000\040\000u\000n\000i\000t\000\137\000S\000y\000s\000t\000e\000m\000\137\000s\000e\000t\000N\000a\000m\000e\000\050\000\051}{subsection.5.49.1}% 221
\BOOKMARK [3][-]{subsubsection.5.49.1.8}{\376\377\0005\000.\0004\0009\000.\0001\000.\0008\000\040\000u\000n\000i\000t\000\137\000S\000y\000s\000t\000e\000m\000\137\000s\000e\000t\000V\000a\000l\000u\000e\000\050\000\051}{subsection.5.49.1}% 222
\BOOKMARK [1][-]{section.5.50}{\376\377\0005\000.\0005\0000\000\040\000u\000n\000i\000t\000\137\000s\000y\000s\000t\000e\000m\000.\000h}{chapter.5}% 223
\BOOKMARK [1][-]{section.5.51}{\376\377\0005\000.\0005\0001\000\040\000t\000e\000s\000t\000/\000u\000n\000i\000t\000/\000u\000n\000i\000t\000\137\000t\000e\000s\000t\000s\000.\000c\000p\000p\000\040\000F\000i\000l\000e\000\040\000R\000e\000f\000e\000r\000e\000n\000c\000e}{chapter.5}% 224
\BOOKMARK [1][-]{section.5.52}{\376\377\0005\000.\0005\0002\000\040\000u\000n\000i\000t\000\137\000t\000e\000s\000t\000s\000.\000c\000p\000p}{chapter.5}% 225
\BOOKMARK [1][-]{section.5.53}{\376\377\0005\000.\0005\0003\000\040\000t\000e\000s\000t\000/\000u\000n\000i\000t\000/\000u\000n\000i\000t\000\137\000t\000e\000s\000t\000s\000.\000h\000\040\000F\000i\000l\000e\000\040\000R\000e\000f\000e\000r\000e\000n\000c\000e}{chapter.5}% 226
\BOOKMARK [1][-]{section.5.54}{\376\377\0005\000.\0005\0004\000\040\000u\000n\000i\000t\000\137\000t\000e\000s\000t\000s\000.\000h}{chapter.5}% 227
\BOOKMARK [0][-]{section*.91}{\376\377\000I\000n\000d\000e\000x}{}% 228
