This is pdfTeX, Version 3.14159265-2.6-1.40.20 (TeX Live 2019/Debian) (preloaded format=pdflatex 2022.5.1)  26 MAY 2022 11:24
entering extended mode
 restricted \write18 enabled.
 %&-line parsing enabled.
**refman
(./refman.tex
LaTeX2e <2020-02-02> patch level 2
L3 programming layer <2020-02-14>
(/usr/share/texlive/texmf-dist/tex/latex/base/book.cls
Document Class: book 2019/12/20 v1.4l Standard LaTeX document class
(/usr/share/texlive/texmf-dist/tex/latex/base/bk10.clo
File: bk10.clo 2019/12/20 v1.4l Standard LaTeX file (size option)
)
\c@part=\count167
\c@chapter=\count168
\c@section=\count169
\c@subsection=\count170
\c@subsubsection=\count171
\c@paragraph=\count172
\c@subparagraph=\count173
\c@figure=\count174
\c@table=\count175
\abovecaptionskip=\skip47
\belowcaptionskip=\skip48
\bibindent=\dimen134
)
(/usr/share/texlive/texmf-dist/tex/latex/base/ifthen.sty
Package: ifthen 2014/09/29 v1.1c Standard LaTeX ifthen package (DPC)
)
(/usr/share/texlive/texmf-dist/tex/latex/tools/array.sty
Rollback for package 'array' requested -> date 2016-10-06.
         Best approximation is the release introduced on 2016-10-06.

(/usr/share/texlive/texmf-dist/tex/latex/tools/array-2016-10-06.sty
Package: array 2016/10/06 v2.4d Tabular extension package (FMi)
\col@sep=\dimen135
\extrarowheight=\dimen136
\NC@list=\toks14
\extratabsurround=\skip49
\backup@length=\skip50
))
(/usr/share/texlive/texmf-dist/tex/latex/base/fixltx2e.sty
Package: fixltx2e 2016/12/29 v2.1a fixes to LaTeX (obsolete)
Applying: [2015/01/01] Old fixltx2e package on input line 46.


Package fixltx2e Warning: fixltx2e is not required with releases after 2015
(fixltx2e)                All fixes are now in the LaTeX kernel.
(fixltx2e)                See the latexrelease package for details.

Already applied: [0000/00/00] Old fixltx2e package on input line 53.
) (./doxygen.sty
Package: doxygen 
 (/usr/share/texlive/texmf-dist/tex/latex/base/alltt.sty
Package: alltt 1997/06/16 v2.0g defines alltt environment
)
(/usr/share/texlive/texmf-dist/tex/latex/tools/calc.sty
Package: calc 2017/05/25 v4.3 Infix arithmetic (KKT,FJ)
\calc@Acount=\count176
\calc@Bcount=\count177
\calc@Adimen=\dimen137
\calc@Bdimen=\dimen138
\calc@Askip=\skip51
\calc@Bskip=\skip52
LaTeX Info: Redefining \setlength on input line 80.
LaTeX Info: Redefining \addtolength on input line 81.
\calc@Ccount=\count178
\calc@Cskip=\skip53
)
(/usr/share/texlive/texmf-dist/tex/latex/float/float.sty
Package: float 2001/11/08 v1.3d Float enhancements (AL)
\c@float@type=\count179
\float@exts=\toks15
\float@box=\box45
\@float@everytoks=\toks16
\@floatcapt=\box46
)
(/usr/share/texlive/texmf-dist/tex/latex/tools/verbatim.sty
Package: verbatim 2019/11/10 v1.5r LaTeX2e package for verbatim enhancements
\every@verbatim=\toks17
\verbatim@line=\toks18
\verbatim@in@stream=\read2
)
(/usr/share/texlive/texmf-dist/tex/latex/xcolor/xcolor.sty
Package: xcolor 2016/05/11 v2.12 LaTeX color extensions (UK)

(/usr/share/texlive/texmf-dist/tex/latex/graphics-cfg/color.cfg
File: color.cfg 2016/01/02 v1.6 sample color configuration
)
Package xcolor Info: Driver file: pdftex.def on input line 225.

(/usr/share/texlive/texmf-dist/tex/latex/graphics-def/pdftex.def
File: pdftex.def 2018/01/08 v1.0l Graphics/color driver for pdftex
)
(/usr/share/texlive/texmf-dist/tex/latex/colortbl/colortbl.sty
Package: colortbl 2020/01/04 v1.0e Color table columns (DPC)
\everycr=\toks19
\minrowclearance=\skip54
)
\rownum=\count180
Package xcolor Info: Model `cmy' substituted by `cmy0' on input line 1348.
Package xcolor Info: Model `hsb' substituted by `rgb' on input line 1352.
Package xcolor Info: Model `RGB' extended on input line 1364.
Package xcolor Info: Model `HTML' substituted by `rgb' on input line 1366.
Package xcolor Info: Model `Hsb' substituted by `hsb' on input line 1367.
Package xcolor Info: Model `tHsb' substituted by `hsb' on input line 1368.
Package xcolor Info: Model `HSB' substituted by `hsb' on input line 1369.
Package xcolor Info: Model `Gray' substituted by `gray' on input line 1370.
Package xcolor Info: Model `wave' substituted by `hsb' on input line 1371.
)
(./longtable_doxygen.sty
Package: longtable_doxygen 2014/10/28 v4.11 Multi-page Table package (DPC) - fr
ozen version for doxygen
\LTleft=\skip55
\LTright=\skip56
\LTpre=\skip57
\LTpost=\skip58
\LTchunksize=\count181
\LTcapwidth=\dimen139
\LT@head=\box47
\LT@firsthead=\box48
\LT@foot=\box49
\LT@lastfoot=\box50
\LT@cols=\count182
\LT@rows=\count183
\c@LT@tables=\count184
\c@LT@chunks=\count185
\LT@p@ftn=\toks20
) (./tabu_doxygen.sty
Package: tabu_doxygen 2011/02/26 v2.8 - flexible LaTeX tabulars (FC), frozen ve
rsion for doxygen

(/usr/share/texlive/texmf-dist/tex/latex/varwidth/varwidth.sty
Package: varwidth 2009/03/30 ver 0.92;  Variable-width minipages
\@vwid@box=\box51
\sift@deathcycles=\count186
\@vwid@loff=\dimen140
\@vwid@roff=\dimen141
)
\c@taburow=\count187
\tabu@nbcols=\count188
\tabu@cnt=\count189
\tabu@Xcol=\count190
\tabu@alloc=\count191
\tabu@nested=\count192
\tabu@target=\dimen142
\tabu@spreadtarget=\dimen143
\tabu@naturalX=\dimen144
\tabucolX=\dimen145
\tabu@Xsum=\dimen146
\extrarowdepth=\dimen147
\abovetabulinesep=\dimen148
\belowtabulinesep=\dimen149
\tabustrutrule=\dimen150
\tabu@thebody=\toks21
\tabu@footnotes=\toks22
\tabu@box=\box52
\tabu@arstrutbox=\box53
\tabu@hleads=\box54
\tabu@vleads=\box55
\tabu@cellskip=\skip59
)
(/usr/share/texlive/texmf-dist/tex/latex/fancyvrb/fancyvrb.sty
Package: fancyvrb 2020/01/13 v3.5 verbatim text (tvz,hv)

(/usr/share/texlive/texmf-dist/tex/latex/graphics/keyval.sty
Package: keyval 2014/10/28 v1.15 key=value parser (DPC)
\KV@toks@=\toks23
)
\FV@CodeLineNo=\count193
\FV@InFile=\read3
\FV@TabBox=\box56
\c@FancyVerbLine=\count194
\FV@StepNumber=\count195
\FV@OutFile=\write3
)
(/usr/share/texlive/texmf-dist/tex/latex/tools/tabularx.sty
Package: tabularx 2020/01/15 v2.11c `tabularx' package (DPC)
\TX@col@width=\dimen151
\TX@old@table=\dimen152
\TX@old@col=\dimen153
\TX@target=\dimen154
\TX@delta=\dimen155
\TX@cols=\count196
\TX@ftn=\toks24
)
(/usr/share/texlive/texmf-dist/tex/latex/tools/multicol.sty
Package: multicol 2019/12/09 v1.8y multicolumn formatting (FMi)
\c@tracingmulticols=\count197
\mult@box=\box57
\multicol@leftmargin=\dimen156
\c@unbalance=\count198
\c@collectmore=\count199
\doublecol@number=\count266
\multicoltolerance=\count267
\multicolpretolerance=\count268
\full@width=\dimen157
\page@free=\dimen158
\premulticols=\dimen159
\postmulticols=\dimen160
\multicolsep=\skip60
\multicolbaselineskip=\skip61
\partial@page=\box58
\last@line=\box59
\maxbalancingoverflow=\dimen161
\mult@rightbox=\box60
\mult@grightbox=\box61
\mult@gfirstbox=\box62
\mult@firstbox=\box63
\@tempa=\box64
\@tempa=\box65
\@tempa=\box66
\@tempa=\box67
\@tempa=\box68
\@tempa=\box69
\@tempa=\box70
\@tempa=\box71
\@tempa=\box72
\@tempa=\box73
\@tempa=\box74
\@tempa=\box75
\@tempa=\box76
\@tempa=\box77
\@tempa=\box78
\@tempa=\box79
\@tempa=\box80
\@tempa=\box81
\@tempa=\box82
\@tempa=\box83
\@tempa=\box84
\@tempa=\box85
\@tempa=\box86
\@tempa=\box87
\@tempa=\box88
\@tempa=\box89
\@tempa=\box90
\@tempa=\box91
\@tempa=\box92
\@tempa=\box93
\@tempa=\box94
\@tempa=\box95
\@tempa=\box96
\@tempa=\box97
\@tempa=\box98
\@tempa=\box99
\@tempa=\box100
\c@minrows=\count269
\c@columnbadness=\count270
\c@finalcolumnbadness=\count271
\last@try=\dimen162
\multicolovershoot=\dimen163
\multicolundershoot=\dimen164
\mult@nat@firstbox=\box101
\colbreak@box=\box102
\mc@col@check@num=\count272
)
(/usr/share/texlive/texmf-dist/tex/latex/multirow/multirow.sty
Package: multirow 2019/05/31 v2.5 Span multiple rows of a table
\multirow@colwidth=\skip62
\multirow@cntb=\count273
\multirow@dima=\skip63
\bigstrutjot=\dimen165
)
(/usr/share/texlive/texmf-dist/tex/latex/hanging/hanging.sty
Package: hanging 2009/09/02 v1.2b hanging paragraphs and punctuation
\h@ngcommawd=\skip64
\h@ngfstopwd=\skip65
\h@ngquotewd=\skip66
\h@ngdquotewd=\skip67
\h@ngquerywd=\skip68
\h@ngexclwd=\skip69
\h@ngcolonwd=\skip70
\h@ngscolonwd=\skip71
)
(/usr/share/texlive/texmf-dist/tex/generic/iftex/ifpdf.sty
Package: ifpdf 2019/10/25 v3.4 ifpdf legacy package. Use iftex instead.

(/usr/share/texlive/texmf-dist/tex/generic/iftex/iftex.sty
Package: iftex 2019/11/07 v1.0c TeX engine tests
))
(/usr/share/texlive/texmf-dist/tex/latex/adjustbox/adjustbox.sty
Package: adjustbox 2019/01/04 v1.2 Adjusting TeX boxes (trim, clip, ...)

(/usr/share/texlive/texmf-dist/tex/latex/xkeyval/xkeyval.sty
Package: xkeyval 2014/12/03 v2.7a package option processing (HA)

(/usr/share/texlive/texmf-dist/tex/generic/xkeyval/xkeyval.tex
(/usr/share/texlive/texmf-dist/tex/generic/xkeyval/xkvutils.tex
\XKV@toks=\toks25
\XKV@tempa@toks=\toks26
)
\XKV@depth=\count274
File: xkeyval.tex 2014/12/03 v2.7a key=value parser (HA)
))
(/usr/share/texlive/texmf-dist/tex/latex/adjustbox/adjcalc.sty
Package: adjcalc 2012/05/16 v1.1 Provides advanced setlength with multiple back
-ends (calc, etex, pgfmath)
)
(/usr/share/texlive/texmf-dist/tex/latex/adjustbox/trimclip.sty
Package: trimclip 2018/04/08 v1.1 Trim and clip general TeX material

(/usr/share/texlive/texmf-dist/tex/latex/graphics/graphicx.sty
Package: graphicx 2019/11/30 v1.2a Enhanced LaTeX Graphics (DPC,SPQR)

(/usr/share/texlive/texmf-dist/tex/latex/graphics/graphics.sty
Package: graphics 2019/11/30 v1.4a Standard LaTeX Graphics (DPC,SPQR)

(/usr/share/texlive/texmf-dist/tex/latex/graphics/trig.sty
Package: trig 2016/01/03 v1.10 sin cos tan (DPC)
)
(/usr/share/texlive/texmf-dist/tex/latex/graphics-cfg/graphics.cfg
File: graphics.cfg 2016/06/04 v1.11 sample graphics configuration
)
Package graphics Info: Driver file: pdftex.def on input line 105.
)
\Gin@req@height=\dimen166
\Gin@req@width=\dimen167
)
(/usr/share/texlive/texmf-dist/tex/latex/collectbox/collectbox.sty
Package: collectbox 2012/05/17 v0.4b Collect macro arguments as boxes
\collectedbox=\box103
)
\tc@llx=\dimen168
\tc@lly=\dimen169
\tc@urx=\dimen170
\tc@ury=\dimen171
Package trimclip Info: Using driver 'tc-pdftex.def'.

(/usr/share/texlive/texmf-dist/tex/latex/adjustbox/tc-pdftex.def
File: tc-pdftex.def 2019/01/04 v2.2 Clipping driver for pdftex
))
\adjbox@Width=\dimen172
\adjbox@Height=\dimen173
\adjbox@Depth=\dimen174
\adjbox@Totalheight=\dimen175
\adjbox@pwidth=\dimen176
\adjbox@pheight=\dimen177
\adjbox@pdepth=\dimen178
\adjbox@ptotalheight=\dimen179

(/usr/share/texlive/texmf-dist/tex/latex/ifoddpage/ifoddpage.sty
Package: ifoddpage 2016/04/23 v1.1 Conditionals for odd/even page detection
\c@checkoddpage=\count275
))
(/usr/share/texlive/texmf-dist/tex/latex/amsfonts/amssymb.sty
Package: amssymb 2013/01/14 v3.01 AMS font symbols

(/usr/share/texlive/texmf-dist/tex/latex/amsfonts/amsfonts.sty
Package: amsfonts 2013/01/14 v3.01 Basic AMSFonts support
\@emptytoks=\toks27
\symAMSa=\mathgroup4
\symAMSb=\mathgroup5
LaTeX Font Info:    Redeclaring math symbol \hbar on input line 98.
LaTeX Font Info:    Overwriting math alphabet `\mathfrak' in version `bold'
(Font)                  U/euf/m/n --> U/euf/b/n on input line 106.
))
(/usr/share/texlive/texmf-dist/tex/latex/stackengine/stackengine.sty
Package: stackengine 2017/02/13 v4.01\ Stacking text and objects in convenient 
ways

(/usr/share/texlive/texmf-dist/tex/latex/etoolbox/etoolbox.sty
Package: etoolbox 2019/09/21 v2.5h e-TeX tools for LaTeX (JAW)
\etb@tempcnta=\count276
)
(/usr/share/texlive/texmf-dist/tex/generic/listofitems/listofitems.sty
(/usr/share/texlive/texmf-dist/tex/generic/listofitems/listofitems.tex
\loi_cnt_foreach_nest=\count277
\loi_nestcnt=\count278
)
Package: listofitems 2019/08/21 v1.63 Grab items in lists using user-specified 
sep char (CT)
)
\c@@stackindex=\count279
\@boxshift=\skip72
\stack@tmplength=\skip73
\temp@stkl=\skip74
\@stackedboxwidth=\skip75
\@addedbox=\box104
\@anchorbox=\box105
\stackedbox=\box106
\@centerbox=\box107
\c@ROWcellindex@=\count280
)
(/usr/share/texlive/texmf-dist/tex/latex/enumitem/enumitem.sty
Package: enumitem 2019/06/20 v3.9 Customized lists
\labelindent=\skip76
\enit@outerparindent=\dimen180
\enit@toks=\toks28
\enit@inbox=\box108
\enit@count@id=\count281
\enitdp@description=\count282
)
(/usr/share/texlive/texmf-dist/tex/generic/alphalph/alphalph.sty
Package: alphalph 2019/12/09 v2.6 Convert numbers to letters (HO)

(/usr/share/texlive/texmf-dist/tex/generic/infwarerr/infwarerr.sty
Package: infwarerr 2019/12/03 v1.5 Providing info/warning/error messages (HO)
)
(/usr/share/texlive/texmf-dist/tex/generic/intcalc/intcalc.sty
Package: intcalc 2019/12/15 v1.3 Expandable calculations with integers (HO)
))
(/usr/share/texlive/texmf-dist/tex/generic/ulem/ulem.sty
\UL@box=\box109
\UL@hyphenbox=\box110
\UL@skip=\skip77
\UL@hook=\toks29
\UL@height=\dimen181
\UL@pe=\count283
\UL@pixel=\dimen182
\ULC@box=\box111
Package: ulem 2019/11/18
\ULdepth=\dimen183
)
\xrefbox=\box112
\xreflength=\skip78
\CodeWidthChar=\skip79
\CodeHeightChar=\skip80
\DoxyCodeWidth=\skip81
\c@DoxyEnumeratei=\count284
\c@DoxyEnumerateii=\count285
\c@DoxyEnumerateiii=\count286
\c@DoxyEnumerateiv=\count287
\c@DoxyEnumeratev=\count288
\c@DoxyEnumeratevi=\count289
\c@DoxyEnumeratevii=\count290
\c@DoxyEnumerateviii=\count291
\c@DoxyEnumerateix=\count292
\c@DoxyEnumeratex=\count293
\c@DoxyEnumeratexi=\count294
\c@DoxyEnumeratexii=\count295
\enitdp@DoxyEnumerate=\count296
\enitdp@DoxyItemize=\count297
)
(/usr/share/texlive/texmf-dist/tex/latex/base/inputenc.sty
Package: inputenc 2018/08/11 v1.3c Input encoding file
\inpenc@prehook=\toks30
\inpenc@posthook=\toks31
)
(/usr/share/texlive/texmf-dist/tex/latex/base/makeidx.sty
Package: makeidx 2014/09/29 v1.0m Standard LaTeX package
)
(/usr/share/texlive/texmf-dist/tex/latex/base/textcomp.sty
Package: textcomp 2020/02/02 v2.0n Standard LaTeX package
)
(/usr/share/texlive/texmf-dist/tex/latex/wasysym/wasysym.sty
Package: wasysym 2020/01/19 v2.4 Wasy-2 symbol support package
\symwasy=\mathgroup6
LaTeX Font Info:    Overwriting symbol font `wasy' in version `bold'
(Font)                  U/wasy/m/n --> U/wasy/b/n on input line 93.
)
(/usr/share/texlive/texmf-dist/tex/generic/iftex/ifxetex.sty
Package: ifxetex 2019/10/25 v0.7 ifxetex legacy package. Use iftex instead.
)
(/usr/share/texlive/texmf-dist/tex/latex/base/fontenc.sty
Package: fontenc 2020/02/11 v2.0o Standard LaTeX package
)
(/usr/share/texlive/texmf-dist/tex/latex/psnfss/helvet.sty
Package: helvet 2005/04/12 PSNFSS-v9.2a (WaS) 
)
(/usr/share/texlive/texmf-dist/tex/latex/psnfss/courier.sty
Package: courier 2005/04/12 PSNFSS-v9.2a (WaS) 
)
(/usr/share/texlive/texmf-dist/tex/latex/sectsty/sectsty.sty
Package: sectsty 2002/02/25 v2.0.2 Commands to change all sectional heading sty
les


LaTeX Warning: Command \underbar  has changed.
               Check if current package is valid.


LaTeX Warning: Command \underline  has changed.
               Check if current package is valid.

) (/usr/share/texlive/texmf-dist/tex/latex/geometry/geometry.sty
Package: geometry 2020/01/02 v5.9 Page Geometry

(/usr/share/texlive/texmf-dist/tex/generic/iftex/ifvtex.sty
Package: ifvtex 2019/10/25 v1.7 ifvtex legacy package. Use iftex instead.
)
\Gm@cnth=\count298
\Gm@cntv=\count299
\c@Gm@tempcnt=\count300
\Gm@bindingoffset=\dimen184
\Gm@wd@mp=\dimen185
\Gm@odd@mp=\dimen186
\Gm@even@mp=\dimen187
\Gm@layoutwidth=\dimen188
\Gm@layoutheight=\dimen189
\Gm@layouthoffset=\dimen190
\Gm@layoutvoffset=\dimen191
\Gm@dimlist=\toks32
)
(/usr/share/texlive/texmf-dist/tex/latex/fancyhdr/fancyhdr.sty
Package: fancyhdr 2019/01/31 v3.10 Extensive control of page headers and footer
s
\f@nch@headwidth=\skip82
\f@nch@O@elh=\skip83
\f@nch@O@erh=\skip84
\f@nch@O@olh=\skip85
\f@nch@O@orh=\skip86
\f@nch@O@elf=\skip87
\f@nch@O@erf=\skip88
\f@nch@O@olf=\skip89
\f@nch@O@orf=\skip90
)
(/usr/share/texlive/texmf-dist/tex/latex/natbib/natbib.sty
Package: natbib 2010/09/13 8.31b (PWD, AO)
\bibhang=\skip91
\bibsep=\skip92
LaTeX Info: Redefining \cite on input line 694.
\c@NAT@ctr=\count301
)
(/usr/share/texlive/texmf-dist/tex/latex/tocloft/tocloft.sty
Package: tocloft 2017/08/31 v2.3i parameterised ToC, etc., typesetting
Package tocloft Info: The document has chapter divisions on input line 51.
\cftparskip=\skip93
\cftbeforetoctitleskip=\skip94
\cftaftertoctitleskip=\skip95
\cftbeforepartskip=\skip96
\cftpartnumwidth=\skip97
\cftpartindent=\skip98
\cftbeforechapskip=\skip99
\cftchapindent=\skip100
\cftchapnumwidth=\skip101
\cftbeforesecskip=\skip102
\cftsecindent=\skip103
\cftsecnumwidth=\skip104
\cftbeforesubsecskip=\skip105
\cftsubsecindent=\skip106
\cftsubsecnumwidth=\skip107
\cftbeforesubsubsecskip=\skip108
\cftsubsubsecindent=\skip109
\cftsubsubsecnumwidth=\skip110
\cftbeforeparaskip=\skip111
\cftparaindent=\skip112
\cftparanumwidth=\skip113
\cftbeforesubparaskip=\skip114
\cftsubparaindent=\skip115
\cftsubparanumwidth=\skip116
\cftbeforeloftitleskip=\skip117
\cftafterloftitleskip=\skip118
\cftbeforefigskip=\skip119
\cftfigindent=\skip120
\cftfignumwidth=\skip121
\c@lofdepth=\count302
\c@lotdepth=\count303
\cftbeforelottitleskip=\skip122
\cftafterlottitleskip=\skip123
\cftbeforetabskip=\skip124
\cfttabindent=\skip125
\cfttabnumwidth=\skip126
)
\@indexfile=\write4
\openout4 = `refman.idx'.


Writing index file refman.idx
(/usr/share/texlive/texmf-dist/tex/latex/newunicodechar/newunicodechar.sty
Package: newunicodechar 2018/04/08 v1.2 Defining Unicode characters
)

Package newunicodechar Warning: Redefining Unicode character on input line 116.



Package newunicodechar Warning: Redefining Unicode character on input line 117.


(/usr/share/texlive/texmf-dist/tex/latex/hyperref/hyperref.sty
Package: hyperref 2020/01/14 v7.00d Hypertext links for LaTeX

(/usr/share/texlive/texmf-dist/tex/generic/ltxcmds/ltxcmds.sty
Package: ltxcmds 2019/12/15 v1.24 LaTeX kernel commands for general use (HO)
)
(/usr/share/texlive/texmf-dist/tex/latex/pdftexcmds/pdftexcmds.sty
Package: pdftexcmds 2019/11/24 v0.31 Utility functions of pdfTeX for LuaTeX (HO
)
Package pdftexcmds Info: \pdf@primitive is available.
Package pdftexcmds Info: \pdf@ifprimitive is available.
Package pdftexcmds Info: \pdfdraftmode found.
)
(/usr/share/texlive/texmf-dist/tex/generic/kvsetkeys/kvsetkeys.sty
Package: kvsetkeys 2019/12/15 v1.18 Key value parser (HO)
)
(/usr/share/texlive/texmf-dist/tex/generic/kvdefinekeys/kvdefinekeys.sty
Package: kvdefinekeys 2019-12-19 v1.6 Define keys (HO)
)
(/usr/share/texlive/texmf-dist/tex/generic/pdfescape/pdfescape.sty
Package: pdfescape 2019/12/09 v1.15 Implements pdfTeX's escape features (HO)
)
(/usr/share/texlive/texmf-dist/tex/latex/hycolor/hycolor.sty
Package: hycolor 2020-01-27 v1.10 Color options for hyperref/bookmark (HO)
)
(/usr/share/texlive/texmf-dist/tex/latex/letltxmacro/letltxmacro.sty
Package: letltxmacro 2019/12/03 v1.6 Let assignment for LaTeX macros (HO)
)
(/usr/share/texlive/texmf-dist/tex/latex/auxhook/auxhook.sty
Package: auxhook 2019-12-17 v1.6 Hooks for auxiliary files (HO)
)
(/usr/share/texlive/texmf-dist/tex/latex/kvoptions/kvoptions.sty
Package: kvoptions 2019/11/29 v3.13 Key value format for package options (HO)
)
\@linkdim=\dimen192
\Hy@linkcounter=\count304
\Hy@pagecounter=\count305

(/usr/share/texlive/texmf-dist/tex/latex/hyperref/pd1enc.def
File: pd1enc.def 2020/01/14 v7.00d Hyperref: PDFDocEncoding definition (HO)
Now handling font encoding PD1 ...
... no UTF-8 mapping file for font encoding PD1
)
(/usr/share/texlive/texmf-dist/tex/generic/etexcmds/etexcmds.sty
Package: etexcmds 2019/12/15 v1.7 Avoid name clashes with e-TeX commands (HO)
)
\Hy@SavedSpaceFactor=\count306
\pdfmajorversion=\count307
Package hyperref Info: Hyper figures OFF on input line 4547.
Package hyperref Info: Link nesting OFF on input line 4552.
Package hyperref Info: Hyper index ON on input line 4555.
Package hyperref Info: Plain pages OFF on input line 4562.
Package hyperref Info: Backreferencing ON on input line 4565.
Package hyperref Info: Implicit mode ON; LaTeX internals redefined.
Package hyperref Info: Bookmarks ON on input line 4800.

(/usr/share/texlive/texmf-dist/tex/latex/hyperref/backref.sty
Package: backref 2020/01/14 v1.40 Bibliographical back referencing

(/usr/share/texlive/texmf-dist/tex/latex/rerunfilecheck/rerunfilecheck.sty
Package: rerunfilecheck 2019/12/05 v1.9 Rerun checks for auxiliary files (HO)

(/usr/share/texlive/texmf-dist/tex/latex/atveryend/atveryend.sty
Package: atveryend 2019-12-11 v1.11 Hooks at the very end of document (HO)
)
(/usr/share/texlive/texmf-dist/tex/generic/uniquecounter/uniquecounter.sty
Package: uniquecounter 2019/12/15 v1.4 Provide unlimited unique counter (HO)

(/usr/share/texlive/texmf-dist/tex/generic/bigintcalc/bigintcalc.sty
Package: bigintcalc 2019/12/15 v1.5 Expandable calculations on big integers (HO
)
))
Package uniquecounter Info: New unique counter `rerunfilecheck' on input line 2
86.
))
\c@Hy@tempcnt=\count308

(/usr/share/texlive/texmf-dist/tex/latex/url/url.sty
\Urlmuskip=\muskip16
Package: url 2013/09/16  ver 3.4  Verb mode for urls, etc.
)
LaTeX Info: Redefining \url on input line 5159.
\XeTeXLinkMargin=\dimen193

(/usr/share/texlive/texmf-dist/tex/generic/bitset/bitset.sty
Package: bitset 2019/12/09 v1.3 Handle bit-vector datatype (HO)
)
\Fld@menulength=\count309
\Field@Width=\dimen194
\Fld@charsize=\dimen195
Package hyperref Info: Hyper figures OFF on input line 6430.
Package hyperref Info: Link nesting OFF on input line 6435.
Package hyperref Info: Hyper index ON on input line 6438.
Package hyperref Info: backreferencing ON on input line 6443.
Package hyperref Info: Link coloring OFF on input line 6450.
Package hyperref Info: Link coloring with OCG OFF on input line 6455.
Package hyperref Info: PDF/A mode OFF on input line 6460.
LaTeX Info: Redefining \ref on input line 6500.
LaTeX Info: Redefining \pageref on input line 6504.

(/usr/share/texlive/texmf-dist/tex/generic/atbegshi/atbegshi.sty
Package: atbegshi 2019/12/05 v1.19 At begin shipout hook (HO)
)
\Hy@abspage=\count310
\c@Item=\count311
\c@Hfootnote=\count312
)
Package hyperref Info: Driver: hpdftex.

(/usr/share/texlive/texmf-dist/tex/latex/hyperref/hpdftex.def
File: hpdftex.def 2020/01/14 v7.00d Hyperref driver for pdfTeX
\Fld@listcount=\count313
\c@bookmark@seq@number=\count314
\Hy@SectionHShift=\skip127
)
Package hyperref Info: Option `colorlinks' set `true' on input line 136.
Package hyperref Info: Option `unicode' set `true' on input line 136.

(/usr/share/texlive/texmf-dist/tex/latex/hyperref/puenc.def
File: puenc.def 2020/01/14 v7.00d Hyperref: PDF Unicode definition (HO)
Now handling font encoding PU ...
... no UTF-8 mapping file for font encoding PU
)
(/usr/share/texlive/texmf-dist/tex/latex/caption/caption.sty
Package: caption 2020/01/03 v3.4h Customizing captions (AR)

(/usr/share/texlive/texmf-dist/tex/latex/caption/caption3.sty
Package: caption3 2020/01/03 v1.8h caption3 kernel (AR)
Package caption3 Info: TeX engine: e-TeX on input line 61.
\captionmargin=\dimen196
\captionmargin@=\dimen197
\captionwidth=\dimen198
\caption@tempdima=\dimen199
\caption@indent=\dimen256
\caption@parindent=\dimen257
\caption@hangindent=\dimen258
Package caption Info: Standard document class detected.
)
\c@caption@flags=\count315
\c@continuedfloat=\count316
Package caption Info: float package is loaded.
Package caption Info: hyperref package is loaded.
Package caption Info: longtable package is loaded.

(/usr/share/texlive/texmf-dist/tex/latex/caption/ltcaption.sty
Package: ltcaption 2018/08/26 v1.4a longtable captions (AR)
))
(/usr/share/texlive/texmf-dist/tex/latex/etoc/etoc.sty
Package: etoc 2019/11/17 v1.09b Completely customisable TOCs (JFB)
\Etoc@toctoks=\toks33
\c@etoc@tocid=\count317
\c@etoc@tocdepth=\count318
\etoc@framed@titlebox=\box113
\etoc@framed@contentsbox=\box114
)
(/usr/share/texlive/texmf-dist/tex/latex/l3backend/l3backend-pdfmode.def
File: l3backend-pdfmode.def 2020-02-03 L3 backend support: PDF mode
\l__kernel_color_stack_int=\count319
\l__pdf_internal_box=\box115
)
(./refman.aux)
\openout1 = `refman.aux'.

LaTeX Font Info:    Checking defaults for OML/cmm/m/it on input line 152.
LaTeX Font Info:    ... okay on input line 152.
LaTeX Font Info:    Checking defaults for OMS/cmsy/m/n on input line 152.
LaTeX Font Info:    ... okay on input line 152.
LaTeX Font Info:    Checking defaults for OT1/cmr/m/n on input line 152.
LaTeX Font Info:    ... okay on input line 152.
LaTeX Font Info:    Checking defaults for T1/cmr/m/n on input line 152.
LaTeX Font Info:    ... okay on input line 152.
LaTeX Font Info:    Checking defaults for TS1/cmr/m/n on input line 152.
LaTeX Font Info:    ... okay on input line 152.
LaTeX Font Info:    Checking defaults for OMX/cmex/m/n on input line 152.
LaTeX Font Info:    ... okay on input line 152.
LaTeX Font Info:    Checking defaults for U/cmr/m/n on input line 152.
LaTeX Font Info:    ... okay on input line 152.
LaTeX Font Info:    Checking defaults for PD1/pdf/m/n on input line 152.
LaTeX Font Info:    ... okay on input line 152.
LaTeX Font Info:    Checking defaults for PU/pdf/m/n on input line 152.
LaTeX Font Info:    ... okay on input line 152.
LaTeX Font Info:    Trying to load font information for T1+phv on input line 15
2.
 (/usr/share/texlive/texmf-dist/tex/latex/psnfss/t1phv.fd
File: t1phv.fd 2001/06/04 scalable font definitions for T1/phv.
)
LaTeX Font Info:    Font shape `T1/phv/m/n' will be
(Font)              scaled to size 8.99994pt on input line 152.

(/usr/share/texlive/texmf-dist/tex/context/base/mkii/supp-pdf.mkii
[Loading MPS to PDF converter (version 2006.09.02).]
\scratchcounter=\count320
\scratchdimen=\dimen259
\scratchbox=\box116
\nofMPsegments=\count321
\nofMParguments=\count322
\everyMPshowfont=\toks34
\MPscratchCnt=\count323
\MPscratchDim=\dimen260
\MPnumerator=\count324
\makeMPintoPDFobject=\count325
\everyMPtoPDFconversion=\toks35
) (/usr/share/texlive/texmf-dist/tex/latex/epstopdf-pkg/epstopdf-base.sty
Package: epstopdf-base 2020-01-24 v2.11 Base part for package epstopdf
Package epstopdf-base Info: Redefining graphics rule for `.eps' on input line 4
85.

(/usr/share/texlive/texmf-dist/tex/latex/latexconfig/epstopdf-sys.cfg
File: epstopdf-sys.cfg 2010/07/13 v1.3 Configuration of (r)epstopdf for TeX Liv
e
))
*geometry* driver: auto-detecting
*geometry* detected driver: pdftex
*geometry* verbose mode - [ preamble ] result:
* driver: pdftex
* paper: a4paper
* layout: <same size as paper>
* layoutoffset:(h,v)=(0.0pt,0.0pt)
* modes: twoside 
* h-part:(L,W,R)=(71.13188pt, 455.24411pt, 71.13188pt)
* v-part:(T,H,B)=(71.13188pt, 702.78308pt, 71.13188pt)
* \paperwidth=597.50787pt
* \paperheight=845.04684pt
* \textwidth=455.24411pt
* \textheight=702.78308pt
* \oddsidemargin=-1.1381pt
* \evensidemargin=-1.1381pt
* \topmargin=-31.2056pt
* \headheight=12.0pt
* \headsep=18.06749pt
* \topskip=10.0pt
* \footskip=25.29494pt
* \marginparwidth=125.0pt
* \marginparsep=7.0pt
* \columnsep=10.0pt
* \skip\footins=9.0pt plus 4.0pt minus 2.0pt
* \hoffset=0.0pt
* \voffset=0.0pt
* \mag=1000
* \@twocolumnfalse
* \@twosidetrue
* \@mparswitchtrue
* \@reversemarginfalse
* (1in=72.27pt=25.4mm, 1cm=28.453pt)

Package backref Info: ** backref set up for natbib ** on input line 152.
\AtBeginShipoutBox=\box117
Package hyperref Info: Link coloring ON on input line 152.
(/usr/share/texlive/texmf-dist/tex/latex/hyperref/nameref.sty
Package: nameref 2019/09/16 v2.46 Cross-referencing by name of section

(/usr/share/texlive/texmf-dist/tex/latex/refcount/refcount.sty
Package: refcount 2019/12/15 v3.6 Data extraction from label references (HO)
)
(/usr/share/texlive/texmf-dist/tex/generic/gettitlestring/gettitlestring.sty
Package: gettitlestring 2019/12/15 v1.6 Cleanup title references (HO)
)
\c@section@level=\count326
)
LaTeX Info: Redefining \ref on input line 152.
LaTeX Info: Redefining \pageref on input line 152.
LaTeX Info: Redefining \nameref on input line 152.

(./refman.out) (./refman.out)
\@outlinefile=\write5
\openout5 = `refman.out'.

Package caption Info: Begin \AtBeginDocument code.
Package caption Info: End \AtBeginDocument code.
\Etoc@tf=\read4
Package hyperref Info: Option `pageanchor' set `false' on input line 160.
Package hyperref Info: Option `bookmarksnumbered' set `true' on input line 160.

Package hyperref Info: Option `unicode' set `true' on input line 160.
LaTeX Font Info:    Font shape `T1/phv/m/n' will be
(Font)              scaled to size 12.9599pt on input line 165.
LaTeX Font Info:    Font shape `T1/phv/m/n' will be
(Font)              scaled to size 6.29996pt on input line 165.
LaTeX Font Info:    Trying to load font information for U+msa on input line 165
.

(/usr/share/texlive/texmf-dist/tex/latex/amsfonts/umsa.fd
File: umsa.fd 2013/01/14 v3.01 AMS symbols A
)
LaTeX Font Info:    Trying to load font information for U+msb on input line 165
.

(/usr/share/texlive/texmf-dist/tex/latex/amsfonts/umsb.fd
File: umsb.fd 2013/01/14 v3.01 AMS symbols B
)
LaTeX Font Info:    Trying to load font information for U+wasy on input line 16
5.

(/usr/share/texlive/texmf-dist/tex/latex/wasysym/uwasy.fd
File: uwasy.fd 2020/01/19 v2.4 Wasy-2 symbol font definitions
)
LaTeX Font Info:    Font shape `T1/phv/m/n' will be
(Font)              scaled to size 10.79993pt on input line 167.
 [1


{/var/lib/texmf/fonts/map/pdftex/updmap/pdftex.map}] [2

]
\tf@toc=\write6
\openout6 = `refman.toc'.

LaTeX Font Info:    Font shape `T1/phv/b/n' will be
(Font)              scaled to size 8.99994pt on input line 173.
LaTeX Font Info:    Font shape `T1/phv/m/n' will be
(Font)              scaled to size 7.19995pt on input line 173.
LaTeX Font Info:    Trying to load font information for T1+pcr on input line 17
3.

(/usr/share/texlive/texmf-dist/tex/latex/psnfss/t1pcr.fd
File: t1pcr.fd 2001/06/04 font definitions for T1/pcr.
)
LaTeX Font Info:    Font shape `T1/phv/b/n' will be
(Font)              scaled to size 6.29996pt on input line 173.
 [1] [2] [3] [4]
[5] [6]
Package hyperref Info: Option `pageanchor' set `true' on input line 176.

Chapter 1.
LaTeX Font Info:    Font shape `T1/phv/m/n' will be
(Font)              scaled to size 18.66588pt on input line 178.
LaTeX Font Info:    Font shape `T1/phv/b/n' will be
(Font)              scaled to size 18.66588pt on input line 178.
LaTeX Font Info:    Font shape `T1/phv/bc/n' will be
(Font)              scaled to size 18.66588pt on input line 178.
LaTeX Font Info:    Font shape `T1/phv/m/n' will be
(Font)              scaled to size 22.39185pt on input line 178.
LaTeX Font Info:    Font shape `T1/phv/b/n' will be
(Font)              scaled to size 22.39185pt on input line 178.
LaTeX Font Info:    Font shape `T1/phv/bc/n' will be
(Font)              scaled to size 22.39185pt on input line 178.
(./hierarchy.tex
LaTeX Font Info:    Font shape `T1/phv/b/n' will be
(Font)              scaled to size 12.9599pt on input line 1.
) [1


] [2

]
Chapter 2.
(./annotated.tex) [3] [4

]
Chapter 3.
(./files.tex) [5] [6

]
Chapter 4.
(./class_exponential.tex <./class_exponential__inherit__graph.pdf

pdfTeX warning: pdflatex (file ./class_exponential__inherit__graph.pdf): PDF in
clusion: multiple pdfs with page group included in a single page
>
<class_exponential__inherit__graph.pdf, id=1326, 148.555pt x 212.795pt>
File: class_exponential__inherit__graph.pdf Graphic file (type pdf)
<use class_exponential__inherit__graph.pdf>
Package pdftex.def Info: class_exponential__inherit__graph.pdf  used on input l
ine 14.
(pdftex.def)             Requested size: 148.0pt x 212.00868pt.
 <./class_exponential__coll__graph.pdf

pdfTeX warning: pdflatex (file ./class_exponential__coll__graph.pdf): PDF inclu
sion: multiple pdfs with page group included in a single page
>
<class_exponential__coll__graph.pdf, id=1334, 200.75pt x 235.88126pt>
File: class_exponential__coll__graph.pdf Graphic file (type pdf)
<use class_exponential__coll__graph.pdf>
Package pdftex.def Info: class_exponential__coll__graph.pdf  used on input line
 24.
(pdftex.def)             Requested size: 200.0pt x 235.01685pt.
 [7]
LaTeX Font Info:    Font shape `T1/phv/b/n' will be
(Font)              scaled to size 10.79993pt on input line 27.
LaTeX Font Info:    Trying to load font information for TS1+phv on input line 3
0.
 (/usr/share/texlive/texmf-dist/tex/latex/psnfss/ts1phv.fd
File: ts1phv.fd 2001/06/04 scalable font definitions for TS1/phv.
)
LaTeX Font Info:    Font shape `TS1/phv/m/n' will be
(Font)              scaled to size 8.99994pt on input line 30.
LaTeX Font Info:    Font shape `T1/phv/m/n' will be
(Font)              scaled to size 8.09995pt on input line 31.
LaTeX Font Info:    Font shape `T1/phv/m/it' in size <9> not available
(Font)              Font shape `T1/phv/m/sl' tried instead on input line 31.
LaTeX Font Info:    Font shape `T1/phv/m/sl' will be
(Font)              scaled to size 8.09995pt on input line 31.
LaTeX Font Info:    Font shape `T1/phv/b/n' will be
(Font)              scaled to size 7.19995pt on input line 50.
LaTeX Font Info:    Font shape `T1/pcr/m/it' in size <8> not available
(Font)              Font shape `T1/pcr/m/sl' tried instead on input line 65.
 [8]
LaTeX Font Info:    Font shape `T1/phv/bc/n' will be
(Font)              scaled to size 8.99994pt on input line 84.

Underfull \hbox (badness 10000) detected at line 84
[][][]
 []

) (./class_flow.tex <./class_flow__inherit__graph.pdf>
<class_flow__inherit__graph.pdf, id=1386, 289.08pt x 212.795pt>
File: class_flow__inherit__graph.pdf Graphic file (type pdf)
<use class_flow__inherit__graph.pdf>
Package pdftex.def Info: class_flow__inherit__graph.pdf  used on input line 19.

(pdftex.def)             Requested size: 288.0pt x 212.01193pt.
 [9]
Underfull \hbox (badness 10000) detected at line 44
[][][]
 []


Underfull \hbox (badness 10000) detected at line 81
[][][]
 []

[10]
Underfull \hbox (badness 10000) detected at line 98
[][][]
 []


Underfull \hbox (badness 10000) detected at line 120
[][][]
 []

[11]
Underfull \hbox (badness 10000) detected at line 137
[][][]
 []

) (./class_flow___imp.tex <./class_flow___imp__inherit__graph.pdf

pdfTeX warning: pdflatex (file ./class_flow___imp__inherit__graph.pdf): PDF inc
lusion: multiple pdfs with page group included in a single page
>
<class_flow___imp__inherit__graph.pdf, id=1476, 289.08pt x 212.795pt>
File: class_flow___imp__inherit__graph.pdf Graphic file (type pdf)
<use class_flow___imp__inherit__graph.pdf>
Package pdftex.def Info: class_flow___imp__inherit__graph.pdf  used on input li
ne 19.
(pdftex.def)             Requested size: 288.0pt x 212.01193pt.
 [12] <./class_flow___imp__coll__graph.pdf

pdfTeX warning: pdflatex (file ./class_flow___imp__coll__graph.pdf): PDF inclus
ion: multiple pdfs with page group included in a single page
>
<class_flow___imp__coll__graph.pdf, id=1493, 200.75pt x 178.6675pt>
File: class_flow___imp__coll__graph.pdf Graphic file (type pdf)
<use class_flow___imp__coll__graph.pdf>
Package pdftex.def Info: class_flow___imp__coll__graph.pdf  used on input line 
29.
(pdftex.def)             Requested size: 200.0pt x 178.01274pt.
 [13]
Underfull \hbox (badness 10000) detected at line 65
[][][]
 []

[14]
Underfull \hbox (badness 10000) detected at line 126
[][][]
 []


Underfull \hbox (badness 10000) detected at line 147
[][][]
 []

[15]
Underfull \hbox (badness 10000) detected at line 173
[][][]
 []


Underfull \hbox (badness 10000) detected at line 194
[][][]
 []

[16]) (./class_flow_unit.tex <./class_flow_unit__inherit__graph.pdf

pdfTeX warning: pdflatex (file ./class_flow_unit__inherit__graph.pdf): PDF incl
usion: multiple pdfs with page group included in a single page
>
<class_flow_unit__inherit__graph.pdf, id=1614, 138.5175pt x 212.795pt>
File: class_flow_unit__inherit__graph.pdf Graphic file (type pdf)
<use class_flow_unit__inherit__graph.pdf>
Package pdftex.def Info: class_flow_unit__inherit__graph.pdf  used on input lin
e 19.
(pdftex.def)             Requested size: 138.0pt x 212.0022pt.
 [17] <./class_flow_unit__coll__graph.pdf

pdfTeX warning: pdflatex (file ./class_flow_unit__coll__graph.pdf): PDF inclusi
on: multiple pdfs with page group included in a single page
>
<class_flow_unit__coll__graph.pdf, id=1631, 200.75pt x 235.88126pt>
File: class_flow_unit__coll__graph.pdf Graphic file (type pdf)
<use class_flow_unit__coll__graph.pdf>
Package pdftex.def Info: class_flow_unit__coll__graph.pdf  used on input line 2
9.
(pdftex.def)             Requested size: 200.0pt x 235.01685pt.
 [18]
Underfull \hbox (badness 10000) detected at line 38
[][][]
 []

) (./class_logistic.tex <./class_logistic__inherit__graph.pdf>
<class_logistic__inherit__graph.pdf, id=1650, 138.5175pt x 212.795pt>
File: class_logistic__inherit__graph.pdf Graphic file (type pdf)
<use class_logistic__inherit__graph.pdf>
Package pdftex.def Info: class_logistic__inherit__graph.pdf  used on input line
 14.
(pdftex.def)             Requested size: 138.0pt x 212.0022pt.
 <./class_logistic__coll__graph.pdf

pdfTeX warning: pdflatex (file ./class_logistic__coll__graph.pdf): PDF inclusio
n: multiple pdfs with page group included in a single page
>
<class_logistic__coll__graph.pdf, id=1658, 200.75pt x 235.88126pt>
File: class_logistic__coll__graph.pdf Graphic file (type pdf)
<use class_logistic__coll__graph.pdf>
Package pdftex.def Info: class_logistic__coll__graph.pdf  used on input line 24
.
(pdftex.def)             Requested size: 200.0pt x 235.01685pt.
 [19]
Underfull \hbox (badness 10000) detected at line 84
[][][]
 []

) (./class_model.tex [20] <./class_model__inherit__graph.pdf

pdfTeX warning: pdflatex (file ./class_model__inherit__graph.pdf): PDF inclusio
n: multiple pdfs with page group included in a single page
>
<class_model__inherit__graph.pdf, id=1706, 144.54pt x 156.585pt>
File: class_model__inherit__graph.pdf Graphic file (type pdf)
<use class_model__inherit__graph.pdf>
Package pdftex.def Info: class_model__inherit__graph.pdf  used on input line 19
.
(pdftex.def)             Requested size: 144.0pt x 156.00879pt.
 [21]
Underfull \hbox (badness 10000) detected at line 49
[][][]
 []

[22]
Underfull \hbox (badness 10000) detected at line 102
[][][]
 []


Underfull \hbox (badness 10000) detected at line 144
[][][]
 []

[23]
Underfull \hbox (badness 10000) detected at line 178
[][][]
 []

) (./class_model___imp.tex <./class_model___imp__inherit__graph.pdf

pdfTeX warning: pdflatex (file ./class_model___imp__inherit__graph.pdf): PDF in
clusion: multiple pdfs with page group included in a single page
>
<class_model___imp__inherit__graph.pdf, id=1797, 144.54pt x 156.585pt>
File: class_model___imp__inherit__graph.pdf Graphic file (type pdf)
<use class_model___imp__inherit__graph.pdf>
Package pdftex.def Info: class_model___imp__inherit__graph.pdf  used on input l
ine 19.
(pdftex.def)             Requested size: 144.0pt x 156.00879pt.
 <./class_model___imp__coll__graph.pdf

pdfTeX warning: pdflatex (file ./class_model___imp__coll__graph.pdf): PDF inclu
sion: multiple pdfs with page group included in a single page
>
<class_model___imp__coll__graph.pdf, id=1805, 144.54pt x 156.585pt>
File: class_model___imp__coll__graph.pdf Graphic file (type pdf)
<use class_model___imp__coll__graph.pdf>
Package pdftex.def Info: class_model___imp__coll__graph.pdf  used on input line
 29.
(pdftex.def)             Requested size: 144.0pt x 156.00879pt.
 [24]
Underfull \hbox (badness 10000) detected at line 73
[][][]
 []

[25] [26]
Underfull \hbox (badness 10000) detected at line 177
[][][]
 []

[27]
Underfull \hbox (badness 10000) detected at line 219
[][][]
 []

) (./class_system.tex <./class_system__inherit__graph.pdf

pdfTeX warning: pdflatex (file ./class_system__inherit__graph.pdf): PDF inclusi
on: multiple pdfs with page group included in a single page
>
<class_system__inherit__graph.pdf, id=1926, 151.56625pt x 156.585pt>
File: class_system__inherit__graph.pdf Graphic file (type pdf)
<use class_system__inherit__graph.pdf>
Package pdftex.def Info: class_system__inherit__graph.pdf  used on input line 1
9.
(pdftex.def)             Requested size: 151.0pt x 156.00162pt.
 [28]
Underfull \hbox (badness 10000) detected at line 42
[][][]
 []

[29]
Underfull \hbox (badness 10000) detected at line 79
[][][]
 []


Underfull \hbox (badness 10000) detected at line 96
[][][]
 []

[30]
Underfull \hbox (badness 10000) detected at line 118
[][][]
 []

) (./class_system___imp.tex <./class_system___imp__inherit__graph.pdf

pdfTeX warning: pdflatex (file ./class_system___imp__inherit__graph.pdf): PDF i
nclusion: multiple pdfs with page group included in a single page
>
<class_system___imp__inherit__graph.pdf, id=1995, 151.56625pt x 156.585pt>
File: class_system___imp__inherit__graph.pdf Graphic file (type pdf)
<use class_system___imp__inherit__graph.pdf>
Package pdftex.def Info: class_system___imp__inherit__graph.pdf  used on input 
line 19.
(pdftex.def)             Requested size: 151.0pt x 156.00162pt.
 [31] <./class_system___imp__coll__graph.pdf

pdfTeX warning: pdflatex (file ./class_system___imp__coll__graph.pdf): PDF incl
usion: multiple pdfs with page group included in a single page
>
<class_system___imp__coll__graph.pdf, id=2014, 151.56625pt x 156.585pt>
File: class_system___imp__coll__graph.pdf Graphic file (type pdf)
<use class_system___imp__coll__graph.pdf>
Package pdftex.def Info: class_system___imp__coll__graph.pdf  used on input lin
e 29.
(pdftex.def)             Requested size: 151.0pt x 156.00162pt.
 [32]
Underfull \hbox (badness 10000) detected at line 63
[][][]
 []


Underfull \hbox (badness 10000) detected at line 124
[][][]
 []

[33]
Underfull \hbox (badness 10000) detected at line 145
[][][]
 []

[34]
Underfull \hbox (badness 10000) detected at line 171
[][][]
 []

[35]) [36]
Chapter 5.
(./flow_8h.tex <./flow_8h__incl.pdf

pdfTeX warning: pdflatex (file ./flow_8h__incl.pdf): PDF inclusion: multiple pd
fs with page group included in a single page
>
<flow_8h__incl.pdf, id=2122, 198.7425pt x 212.795pt>
File: flow_8h__incl.pdf Graphic file (type pdf)
<use flow_8h__incl.pdf>
Package pdftex.def Info: flow_8h__incl.pdf  used on input line 9.
(pdftex.def)             Requested size: 198.0pt x 212.00543pt.
 <./flow_8h__dep__incl.pdf

pdfTeX warning: pdflatex (file ./flow_8h__dep__incl.pdf): PDF inclusion: multip
le pdfs with page group included in a single page
>
<flow_8h__dep__incl.pdf, id=2130, 712.6625pt x 403.5075pt>
File: flow_8h__dep__incl.pdf Graphic file (type pdf)
<use flow_8h__dep__incl.pdf>
Package pdftex.def Info: flow_8h__dep__incl.pdf  used on input line 17.
(pdftex.def)             Requested size: 350.0pt x 198.16986pt.
 [37

]) (./flow_8h_source.tex) (./flow___imp_8cpp.tex <./flow___imp_8cpp__incl.pdf>
<flow___imp_8cpp__incl.pdf, id=2169, 198.7425pt x 325.215pt>
File: flow___imp_8cpp__incl.pdf Graphic file (type pdf)
<use flow___imp_8cpp__incl.pdf>
Package pdftex.def Info: flow___imp_8cpp__incl.pdf  used on input line 9.
(pdftex.def)             Requested size: 198.0pt x 324.00833pt.
) (./flow___imp_8cpp_source.tex [38] [39]) (./flow___imp_8h.tex <./flow___imp_8
h__incl.pdf>
<flow___imp_8h__incl.pdf, id=2269, 198.7425pt x 269.005pt>
File: flow___imp_8h__incl.pdf Graphic file (type pdf)
<use flow___imp_8h__incl.pdf>
Package pdftex.def Info: flow___imp_8h__incl.pdf  used on input line 9.
(pdftex.def)             Requested size: 198.0pt x 268.00688pt.
 <./flow___imp_8h__dep__incl.pdf

pdfTeX warning: pdflatex (file ./flow___imp_8h__dep__incl.pdf): PDF inclusion: 
multiple pdfs with page group included in a single page
>
<flow___imp_8h__dep__incl.pdf, id=2277, 706.64pt x 347.2975pt>
File: flow___imp_8h__dep__incl.pdf Graphic file (type pdf)
<use flow___imp_8h__dep__incl.pdf>
Package pdftex.def Info: flow___imp_8h__dep__incl.pdf  used on input line 17.
(pdftex.def)             Requested size: 350.0pt x 172.01613pt.
 [40]) (./flow___imp_8h_source.tex) (./flow__unit_8h.tex <./flow__unit_8h__incl
.pdf>
<flow__unit_8h__incl.pdf, id=2369, 198.7425pt x 325.215pt>
File: flow__unit_8h__incl.pdf Graphic file (type pdf)
<use flow__unit_8h__incl.pdf>
Package pdftex.def Info: flow__unit_8h__incl.pdf  used on input line 9.
(pdftex.def)             Requested size: 198.0pt x 324.00833pt.
 [41] <./flow__unit_8h__dep__incl.pdf

pdfTeX warning: pdflatex (file ./flow__unit_8h__dep__incl.pdf): PDF inclusion: 
multiple pdfs with page group included in a single page
>
<flow__unit_8h__dep__incl.pdf, id=2423, 630.355pt x 280.04625pt>
File: flow__unit_8h__dep__incl.pdf Graphic file (type pdf)
<use flow__unit_8h__dep__incl.pdf>
Package pdftex.def Info: flow__unit_8h__dep__incl.pdf  used on input line 17.
(pdftex.def)             Requested size: 350.0pt x 155.49586pt.
) (./flow__unit_8h_source.tex [42]) (./model_8h.tex <./model_8h__incl.pdf>
<model_8h__incl.pdf, id=2445, 222.8325pt x 269.005pt>
File: model_8h__incl.pdf Graphic file (type pdf)
<use model_8h__incl.pdf>
Package pdftex.def Info: model_8h__incl.pdf  used on input line 10.
(pdftex.def)             Requested size: 222.0pt x 268.00278pt.
 <./model_8h__dep__incl.pdf

pdfTeX warning: pdflatex (file ./model_8h__dep__incl.pdf): PDF inclusion: multi
ple pdfs with page group included in a single page
>
<model_8h__dep__incl.pdf, id=2453, 596.2275pt x 280.04625pt>
File: model_8h__dep__incl.pdf Graphic file (type pdf)
<use model_8h__dep__incl.pdf>
Package pdftex.def Info: model_8h__dep__incl.pdf  used on input line 18.
(pdftex.def)             Requested size: 350.0pt x 164.39258pt.
 [43]) (./model_8h_source.tex) (./model___imp_8cpp.tex <./model___imp_8cpp__inc
l.pdf>
<model___imp_8cpp__incl.pdf, id=2511, 320.19624pt x 437.635pt>
File: model___imp_8cpp__incl.pdf Graphic file (type pdf)
<use model___imp_8cpp__incl.pdf>
Package pdftex.def Info: model___imp_8cpp__incl.pdf  used on input line 10.
(pdftex.def)             Requested size: 319.0pt x 436.00455pt.
) (./model___imp_8cpp_source.tex [44] [45]) (./model___imp_8h.tex
[46] <./model___imp_8h__incl.pdf

pdfTeX warning: pdflatex (file ./model___imp_8h__incl.pdf): PDF inclusion: mult
iple pdfs with page group included in a single page
>
<model___imp_8h__incl.pdf, id=2723, 278.03876pt x 381.425pt>
File: model___imp_8h__incl.pdf Graphic file (type pdf)
<use model___imp_8h__incl.pdf>
Package pdftex.def Info: model___imp_8h__incl.pdf  used on input line 11.
(pdftex.def)             Requested size: 277.0pt x 380.00395pt.
 <./model___imp_8h__dep__incl.pdf

pdfTeX warning: pdflatex (file ./model___imp_8h__dep__incl.pdf): PDF inclusion:
 multiple pdfs with page group included in a single page
>
<model___imp_8h__dep__incl.pdf, id=2731, 530.98375pt x 223.83624pt>
File: model___imp_8h__dep__incl.pdf Graphic file (type pdf)
<use model___imp_8h__dep__incl.pdf>
Package pdftex.def Info: model___imp_8h__dep__incl.pdf  used on input line 19.
(pdftex.def)             Requested size: 350.0pt x 147.54453pt.
 [47]) (./model___imp_8h_source.tex) (./my_sim_8cpp.tex)
(./my_sim_8cpp_source.tex) (./my_slim_8h.tex [48]) (./my_slim_8h_source.tex)
(./system_8h.tex <./system_8h__incl.pdf>
<system_8h__incl.pdf, id=2820, 198.7425pt x 156.585pt>
File: system_8h__incl.pdf Graphic file (type pdf)
<use system_8h__incl.pdf>
Package pdftex.def Info: system_8h__incl.pdf  used on input line 10.
(pdftex.def)             Requested size: 198.0pt x 156.004pt.
 <./system_8h__dep__incl.pdf

pdfTeX warning: pdflatex (file ./system_8h__dep__incl.pdf): PDF inclusion: mult
iple pdfs with page group included in a single page
>
<system_8h__dep__incl.pdf, id=2828, 883.3pt x 459.7175pt>
File: system_8h__dep__incl.pdf Graphic file (type pdf)
<use system_8h__dep__incl.pdf>
Package pdftex.def Info: system_8h__dep__incl.pdf  used on input line 18.
(pdftex.def)             Requested size: 350.0pt x 182.15811pt.
 [49]) (./system_8h_source.tex) (./system___imp_8cpp.tex <./system___imp_8cpp__
incl.pdf>
<system___imp_8cpp__incl.pdf, id=2863, 200.75pt x 269.005pt>
File: system___imp_8cpp__incl.pdf Graphic file (type pdf)
<use system___imp_8cpp__incl.pdf>
Package pdftex.def Info: system___imp_8cpp__incl.pdf  used on input line 9.
(pdftex.def)             Requested size: 200.0pt x 268.0192pt.
) (./system___imp_8cpp_source.tex [50]) (./system___imp_8h.tex <./system___imp_
8h__incl.pdf>
<system___imp_8h__incl.pdf, id=2931, 198.7425pt x 212.795pt>
File: system___imp_8h__incl.pdf Graphic file (type pdf)
<use system___imp_8h__incl.pdf>
Package pdftex.def Info: system___imp_8h__incl.pdf  used on input line 9.
(pdftex.def)             Requested size: 198.0pt x 212.00543pt.
 <./system___imp_8h__dep__incl.pdf

pdfTeX warning: pdflatex (file ./system___imp_8h__dep__incl.pdf): PDF inclusion
: multiple pdfs with page group included in a single page
>
<system___imp_8h__dep__incl.pdf, id=2939, 652.4375pt x 212.795pt>
File: system___imp_8h__dep__incl.pdf Graphic file (type pdf)
<use system___imp_8h__dep__incl.pdf>
Package pdftex.def Info: system___imp_8h__dep__incl.pdf  used on input line 17.

(pdftex.def)             Requested size: 350.0pt x 114.15752pt.
 [51]) (./system___imp_8h_source.tex) (./src_2main_8cpp.tex <./src_2main_8cpp__
incl.pdf>
<src_2main_8cpp__incl.pdf, id=2999, 245.91875pt x 212.795pt>
File: src_2main_8cpp__incl.pdf Graphic file (type pdf)
<use src_2main_8cpp__incl.pdf>
Package pdftex.def Info: src_2main_8cpp__incl.pdf  used on input line 10.
(pdftex.def)             Requested size: 245.0pt x 212.00868pt.
 [52]) (./src_2main_8cpp_source.tex)
(./test_2functional_2main_8cpp.tex <./test_2functional_2main_8cpp__incl.pdf>
<test_2functional_2main_8cpp__incl.pdf, id=3046, 318.18875pt x 392.46625pt>
File: test_2functional_2main_8cpp__incl.pdf Graphic file (type pdf)
<use test_2functional_2main_8cpp__incl.pdf>
Package pdftex.def Info: test_2functional_2main_8cpp__incl.pdf  used on input l
ine 9.
(pdftex.def)             Requested size: 317.0pt x 390.99808pt.

[53]) (./test_2functional_2main_8cpp_source.tex [54])
(./test_2unit_2main_8cpp.tex <./test_2unit_2main_8cpp__incl.pdf>
<test_2unit_2main_8cpp__incl.pdf, id=3088, 600.2425pt x 515.9275pt>
File: test_2unit_2main_8cpp__incl.pdf Graphic file (type pdf)
<use test_2unit_2main_8cpp__incl.pdf>
Package pdftex.def Info: test_2unit_2main_8cpp__incl.pdf  used on input line 11
.
(pdftex.def)             Requested size: 350.0pt x 300.84413pt.
)
(./test_2unit_2main_8cpp_source.tex [55]) (./functional__tests_8cpp.tex <./func
tional__tests_8cpp__incl.pdf>
<functional__tests_8cpp__incl.pdf, id=3129, 427.5975pt x 470.75874pt>
File: functional__tests_8cpp__incl.pdf Graphic file (type pdf)
<use functional__tests_8cpp__incl.pdf>
Package pdftex.def Info: functional__tests_8cpp__incl.pdf  used on input line 1
0.
(pdftex.def)             Requested size: 350.0pt x 385.3279pt.
 [56] [57]
Underfull \hbox (badness 10000) detected at line 49
[][][]
 []

) (./functional__tests_8cpp_source.tex [58]) (./functional__tests_8h.tex <./fun
ctional__tests_8h__incl.pdf

pdfTeX warning: pdflatex (file ./functional__tests_8h__incl.pdf): PDF inclusion
: multiple pdfs with page group included in a single page
>
<functional__tests_8h__incl.pdf, id=3287, 318.18875pt x 347.2975pt>
File: functional__tests_8h__incl.pdf Graphic file (type pdf)
<use functional__tests_8h__incl.pdf>
Package pdftex.def Info: functional__tests_8h__incl.pdf  used on input line 11.

(pdftex.def)             Requested size: 317.0pt x 345.9983pt.
 <./functional__tests_8h__dep__incl.pdf

pdfTeX warning: pdflatex (file ./functional__tests_8h__dep__incl.pdf): PDF incl
usion: multiple pdfs with page group included in a single page
>
<functional__tests_8h__dep__incl.pdf, id=3295, 341.275pt x 178.6675pt>
File: functional__tests_8h__dep__incl.pdf Graphic file (type pdf)
<use functional__tests_8h__dep__incl.pdf>
Package pdftex.def Info: functional__tests_8h__dep__incl.pdf  used on input lin
e 19.
(pdftex.def)             Requested size: 340.0pt x 178.01003pt.
 [59]
Underfull \hbox (badness 10000) detected at line 58
[][][]
 []

[60]) (./functional__tests_8h_source.tex) (./mem__usage_8cpp.tex <./mem__usage_
8cpp__incl.pdf>
<mem__usage_8cpp__incl.pdf, id=3349, 309.155pt x 212.795pt>
File: mem__usage_8cpp__incl.pdf Graphic file (type pdf)
<use mem__usage_8cpp__incl.pdf>
Package pdftex.def Info: mem__usage_8cpp__incl.pdf  used on input line 9.
(pdftex.def)             Requested size: 308.0pt x 212.01843pt.
LaTeX Font Info:    Font shape `T1/pcr/m/it' in size <7> not available
(Font)              Font shape `T1/pcr/m/sl' tried instead on input line 24.
 [61]) (./mem__usage_8cpp_source.tex) (./mem__usage_8h.tex <./mem__usage_8h__in
cl.pdf>
<mem__usage_8h__incl.pdf, id=3388, 309.155pt x 156.585pt>
File: mem__usage_8h__incl.pdf Graphic file (type pdf)
<use mem__usage_8h__incl.pdf>
Package pdftex.def Info: mem__usage_8h__incl.pdf  used on input line 12.
(pdftex.def)             Requested size: 308.0pt x 156.01357pt.
 <./mem__usage_8h__dep__incl.pdf

pdfTeX warning: pdflatex (file ./mem__usage_8h__dep__incl.pdf): PDF inclusion: 
multiple pdfs with page group included in a single page
>
<mem__usage_8h__dep__incl.pdf, id=3396, 668.4975pt x 212.795pt>
File: mem__usage_8h__dep__incl.pdf Graphic file (type pdf)
<use mem__usage_8h__dep__incl.pdf>
Package pdftex.def Info: mem__usage_8h__dep__incl.pdf  used on input line 20.
(pdftex.def)             Requested size: 350.0pt x 111.41382pt.
 [62]) (./mem__usage_8h_source.tex) (./unit__flow_8cpp.tex <./unit__flow_8cpp__
incl.pdf>
<unit__flow_8cpp__incl.pdf, id=3440, 483.8075pt x 459.7175pt>
File: unit__flow_8cpp__incl.pdf Graphic file (type pdf)
<use unit__flow_8cpp__incl.pdf>
Package pdftex.def Info: unit__flow_8cpp__incl.pdf  used on input line 9.
(pdftex.def)             Requested size: 350.0pt x 332.58868pt.
 [63] [64] [65]) (./unit__flow_8cpp_source.tex [66])
(./unit__flow_8h.tex <./unit__flow_8h__incl.pdf

pdfTeX warning: pdflatex (file ./unit__flow_8h__incl.pdf): PDF inclusion: multi
ple pdfs with page group included in a single page
>
<unit__flow_8h__incl.pdf, id=3646, 483.8075pt x 403.5075pt>
File: unit__flow_8h__incl.pdf Graphic file (type pdf)
<use unit__flow_8h__incl.pdf>
Package pdftex.def Info: unit__flow_8h__incl.pdf  used on input line 13.
(pdftex.def)             Requested size: 350.0pt x 291.92282pt.
 <./unit__flow_8h__dep__incl.pdf

pdfTeX warning: pdflatex (file ./unit__flow_8h__dep__incl.pdf): PDF inclusion: 
multiple pdfs with page group included in a single page
>
<unit__flow_8h__dep__incl.pdf, id=3654, 305.14pt x 156.585pt>
File: unit__flow_8h__dep__incl.pdf Graphic file (type pdf)
<use unit__flow_8h__dep__incl.pdf>
Package pdftex.def Info: unit__flow_8h__dep__incl.pdf  used on input line 21.
(pdftex.def)             Requested size: 304.0pt x 156.0064pt.
 [67] [68]) (./unit__flow_8h_source.tex [69]) (./unit__model_8cpp.tex <./unit__
model_8cpp__incl.pdf

pdfTeX warning: pdflatex (file ./unit__model_8cpp__incl.pdf): PDF inclusion: mu
ltiple pdfs with page group included in a single page
>
<unit__model_8cpp__incl.pdf, id=3741, 519.9425pt x 504.88625pt>
File: unit__model_8cpp__incl.pdf Graphic file (type pdf)
<use unit__model_8cpp__incl.pdf>
Package pdftex.def Info: unit__model_8cpp__incl.pdf  used on input line 9.
(pdftex.def)             Requested size: 350.0pt x 339.86673pt.
 [70]) (./unit__model_8cpp_source.tex [71]) (./unit__model_8h.tex <./unit__mode
l_8h__incl.pdf

pdfTeX warning: pdflatex (file ./unit__model_8h__incl.pdf): PDF inclusion: mult
iple pdfs with page group included in a single page
>
<unit__model_8h__incl.pdf, id=3863, 519.9425pt x 448.67625pt>
File: unit__model_8h__incl.pdf Graphic file (type pdf)
<use unit__model_8h__incl.pdf>
Package pdftex.def Info: unit__model_8h__incl.pdf  used on input line 12.
(pdftex.def)             Requested size: 350.0pt x 302.0287pt.
 [72] <./unit__model_8h__dep__incl.pdf

pdfTeX warning: pdflatex (file ./unit__model_8h__dep__incl.pdf): PDF inclusion:
 multiple pdfs with page group included in a single page
>
<unit__model_8h__dep__incl.pdf, id=3930, 315.1775pt x 156.585pt>
File: unit__model_8h__dep__incl.pdf Graphic file (type pdf)
<use unit__model_8h__dep__incl.pdf>
Package pdftex.def Info: unit__model_8h__dep__incl.pdf  used on input line 20.
(pdftex.def)             Requested size: 314.0pt x 156.00879pt.
 [73]) (./unit__model_8h_source.tex [74]) (./unit__system_8cpp.tex <./unit__sys
tem_8cpp__incl.pdf

pdfTeX warning: pdflatex (file ./unit__system_8cpp__incl.pdf): PDF inclusion: m
ultiple pdfs with page group included in a single page
>
<unit__system_8cpp__incl.pdf, id=3982, 405.515pt x 336.25626pt>
File: unit__system_8cpp__incl.pdf Graphic file (type pdf)
<use unit__system_8cpp__incl.pdf>
Package pdftex.def Info: unit__system_8cpp__incl.pdf  used on input line 9.
(pdftex.def)             Requested size: 350.0pt x 290.23169pt.
 [75] [76]) (./unit__system_8cpp_source.tex [77]) (./unit__system_8h.tex <./uni
t__system_8h__incl.pdf

pdfTeX warning: pdflatex (file ./unit__system_8h__incl.pdf): PDF inclusion: mul
tiple pdfs with page group included in a single page
>
<unit__system_8h__incl.pdf, id=4119, 405.515pt x 280.04625pt>
File: unit__system_8h__incl.pdf Graphic file (type pdf)
<use unit__system_8h__incl.pdf>
Package pdftex.def Info: unit__system_8h__incl.pdf  used on input line 12.
(pdftex.def)             Requested size: 350.0pt x 241.71533pt.
 [78] <./unit__system_8h__dep__incl.pdf

pdfTeX warning: pdflatex (file ./unit__system_8h__dep__incl.pdf): PDF inclusion
: multiple pdfs with page group included in a single page
>
<unit__system_8h__dep__incl.pdf, id=4187, 321.2pt x 156.585pt>
File: unit__system_8h__dep__incl.pdf Graphic file (type pdf)
<use unit__system_8h__dep__incl.pdf>
Package pdftex.def Info: unit__system_8h__dep__incl.pdf  used on input line 20.

(pdftex.def)             Requested size: 320.0pt x 156.004pt.
 [79] [80]) (./unit__system_8h_source.tex) (./unit__tests_8cpp.tex <./unit__tes
ts_8cpp__incl.pdf

pdfTeX warning: pdflatex (file ./unit__tests_8cpp__incl.pdf): PDF inclusion: mu
ltiple pdfs with page group included in a single page
>
<unit__tests_8cpp__incl.pdf, id=4250, 357.335pt x 381.425pt>
File: unit__tests_8cpp__incl.pdf Graphic file (type pdf)
<use unit__tests_8cpp__incl.pdf>
Package pdftex.def Info: unit__tests_8cpp__incl.pdf  used on input line 9.
(pdftex.def)             Requested size: 350.0pt x 373.61351pt.
) (./unit__tests_8cpp_source.tex [81]) (./unit__tests_8h.tex <./unit__tests_8h_
_incl.pdf

pdfTeX warning: pdflatex (file ./unit__tests_8h__incl.pdf): PDF inclusion: mult
iple pdfs with page group included in a single page
>
<unit__tests_8h__incl.pdf, id=4285, 357.335pt x 325.215pt>
File: unit__tests_8h__incl.pdf Graphic file (type pdf)
<use unit__tests_8h__incl.pdf>
Package pdftex.def Info: unit__tests_8h__incl.pdf  used on input line 11.
(pdftex.def)             Requested size: 350.0pt x 318.55469pt.
 [82] <./unit__tests_8h__dep__incl.pdf>
<unit__tests_8h__dep__incl.pdf, id=4303, 196.735pt x 156.585pt>
File: unit__tests_8h__dep__incl.pdf Graphic file (type pdf)
<use unit__tests_8h__dep__incl.pdf>
Package pdftex.def Info: unit__tests_8h__dep__incl.pdf  used on input line 19.
(pdftex.def)             Requested size: 196.0pt x 155.99922pt.
) (./unit__tests_8h_source.tex)
[83] [84

] (./refman.ind [85


] [86] [87])
Package atveryend Info: Empty hook `BeforeClearDocument' on input line 258.
Package atveryend Info: Empty hook `AfterLastShipout' on input line 258.
 (./refman.aux)
Package atveryend Info: Executing hook `AtVeryEndDocument' on input line 258.
Package atveryend Info: Executing hook `AtEndAfterFileList' on input line 258.
Package rerunfilecheck Info: File `refman.out' has not changed.
(rerunfilecheck)             Checksum: 115F6550BF9665B551FFF3DFFA50CD59;47649.
 ) 
Here is how much of TeX's memory you used:
 19186 strings out of 483183
 307481 string characters out of 5966293
 585237 words of memory out of 5000000
 32385 multiletter control sequences out of 15000+600000
 593358 words of font info for 97 fonts, out of 8000000 for 9000
 14 hyphenation exceptions out of 8191
 55i,16n,96p,891b,627s stack positions out of 5000i,500n,10000p,200000b,80000s
{/usr/share/texlive/texmf-dist/fonts/enc/dvips/base/8r.enc}</usr/share/texliv
e/texmf-dist/fonts/type1/public/amsfonts/cm/cmmi10.pfb></usr/share/texlive/texm
f-dist/fonts/type1/public/amsfonts/cm/cmmi8.pfb></usr/share/texlive/texmf-dist/
fonts/type1/public/amsfonts/cm/cmsy10.pfb></usr/share/texlive/texmf-dist/fonts/
type1/public/amsfonts/cm/cmsy8.pfb></usr/share/texlive/texmf-dist/fonts/type1/u
rw/courier/ucrb8a.pfb></usr/share/texlive/texmf-dist/fonts/type1/urw/courier/uc
rr8a.pfb></usr/share/texlive/texmf-dist/fonts/type1/urw/courier/ucrro8a.pfb></u
sr/share/texlive/texmf-dist/fonts/type1/urw/helvetic/uhvb8a.pfb></usr/share/tex
live/texmf-dist/fonts/type1/urw/helvetic/uhvb8ac.pfb></usr/share/texlive/texmf-
dist/fonts/type1/urw/helvetic/uhvr8a.pfb></usr/share/texlive/texmf-dist/fonts/t
ype1/urw/helvetic/uhvro8a.pfb>
Output written on refman.pdf (95 pages, 1086720 bytes).
PDF statistics:
 4941 PDF objects out of 5155 (max. 8388607)
 4571 compressed objects within 46 object streams
 1360 named destinations out of 1440 (max. 500000)
 2090 words of extra memory for PDF output out of 10000 (max. 10000000)

